# lattice-align-phones --replace-output-symbols=true exp/chain/tri2_train_sp_lats/final.mdl "ark:gunzip -c exp/chain/tri2_train_sp_lats/lat.19.gz |" ark:- | chain-get-supervision --lattice-input=true --frame-subsampling-factor=3 --right-tolerance=5 --left-tolerance=5 exp/chain/tdnn1a_sp/tree exp/chain/tdnn1a_sp/0.trans_mdl ark:- ark:- | nnet3-chain-get-egs --online-ivectors=scp:exp/nnet3/ivectors_train_sp_hires/ivector_online.scp --online-ivector-period=10 --srand=$[19+0] --left-context=17 --right-context=11 --num-frames=140,100,160 --frame-subsampling-factor=3 --compress=true --left-context-initial=17 --right-context-final=11 --num-frames-overlap=0 "ark,s,cs:utils/filter_scp.pl --exclude exp/chain/tdnn1a_sp/egs/valid_uttlist data/train_sp_hires/split20/19/feats.scp | apply-cmvn --norm-means=false --norm-vars=false --utt2spk=ark:data/train_sp_hires/split20/19/utt2spk scp:data/train_sp_hires/split20/19/cmvn.scp scp:- ark:- |" ark,s,cs:- ark:- | nnet3-chain-copy-egs --random=true --srand=$[19+0] ark:- ark:exp/chain/tdnn1a_sp/egs/cegs_orig.19.1.ark ark:exp/chain/tdnn1a_sp/egs/cegs_orig.19.2.ark ark:exp/chain/tdnn1a_sp/egs/cegs_orig.19.3.ark ark:exp/chain/tdnn1a_sp/egs/cegs_orig.19.4.ark ark:exp/chain/tdnn1a_sp/egs/cegs_orig.19.5.ark ark:exp/chain/tdnn1a_sp/egs/cegs_orig.19.6.ark ark:exp/chain/tdnn1a_sp/egs/cegs_orig.19.7.ark ark:exp/chain/tdnn1a_sp/egs/cegs_orig.19.8.ark ark:exp/chain/tdnn1a_sp/egs/cegs_orig.19.9.ark ark:exp/chain/tdnn1a_sp/egs/cegs_orig.19.10.ark ark:exp/chain/tdnn1a_sp/egs/cegs_orig.19.11.ark ark:exp/chain/tdnn1a_sp/egs/cegs_orig.19.12.ark ark:exp/chain/tdnn1a_sp/egs/cegs_orig.19.13.ark ark:exp/chain/tdnn1a_sp/egs/cegs_orig.19.14.ark ark:exp/chain/tdnn1a_sp/egs/cegs_orig.19.15.ark ark:exp/chain/tdnn1a_sp/egs/cegs_orig.19.16.ark ark:exp/chain/tdnn1a_sp/egs/cegs_orig.19.17.ark ark:exp/chain/tdnn1a_sp/egs/cegs_orig.19.18.ark ark:exp/chain/tdnn1a_sp/egs/cegs_orig.19.19.ark ark:exp/chain/tdnn1a_sp/egs/cegs_orig.19.20.ark ark:exp/chain/tdnn1a_sp/egs/cegs_orig.19.21.ark ark:exp/chain/tdnn1a_sp/egs/cegs_orig.19.22.ark ark:exp/chain/tdnn1a_sp/egs/cegs_orig.19.23.ark ark:exp/chain/tdnn1a_sp/egs/cegs_orig.19.24.ark ark:exp/chain/tdnn1a_sp/egs/cegs_orig.19.25.ark ark:exp/chain/tdnn1a_sp/egs/cegs_orig.19.26.ark ark:exp/chain/tdnn1a_sp/egs/cegs_orig.19.27.ark 
# Started at Fri May  3 19:07:12 IST 2019
#
nnet3-chain-copy-egs --random=true --srand=19 ark:- ark:exp/chain/tdnn1a_sp/egs/cegs_orig.19.1.ark ark:exp/chain/tdnn1a_sp/egs/cegs_orig.19.2.ark ark:exp/chain/tdnn1a_sp/egs/cegs_orig.19.3.ark ark:exp/chain/tdnn1a_sp/egs/cegs_orig.19.4.ark ark:exp/chain/tdnn1a_sp/egs/cegs_orig.19.5.ark ark:exp/chain/tdnn1a_sp/egs/cegs_orig.19.6.ark ark:exp/chain/tdnn1a_sp/egs/cegs_orig.19.7.ark ark:exp/chain/tdnn1a_sp/egs/cegs_orig.19.8.ark ark:exp/chain/tdnn1a_sp/egs/cegs_orig.19.9.ark ark:exp/chain/tdnn1a_sp/egs/cegs_orig.19.10.ark ark:exp/chain/tdnn1a_sp/egs/cegs_orig.19.11.ark ark:exp/chain/tdnn1a_sp/egs/cegs_orig.19.12.ark ark:exp/chain/tdnn1a_sp/egs/cegs_orig.19.13.ark ark:exp/chain/tdnn1a_sp/egs/cegs_orig.19.14.ark ark:exp/chain/tdnn1a_sp/egs/cegs_orig.19.15.ark ark:exp/chain/tdnn1a_sp/egs/cegs_orig.19.16.ark ark:exp/chain/tdnn1a_sp/egs/cegs_orig.19.17.ark ark:exp/chain/tdnn1a_sp/egs/cegs_orig.19.18.ark ark:exp/chain/tdnn1a_sp/egs/cegs_orig.19.19.ark ark:exp/chain/tdnn1a_sp/egs/cegs_orig.19.20.ark ark:exp/chain/tdnn1a_sp/egs/cegs_orig.19.21.ark ark:exp/chain/tdnn1a_sp/egs/cegs_orig.19.22.ark ark:exp/chain/tdnn1a_sp/egs/cegs_orig.19.23.ark ark:exp/chain/tdnn1a_sp/egs/cegs_orig.19.24.ark ark:exp/chain/tdnn1a_sp/egs/cegs_orig.19.25.ark ark:exp/chain/tdnn1a_sp/egs/cegs_orig.19.26.ark ark:exp/chain/tdnn1a_sp/egs/cegs_orig.19.27.ark 
chain-get-supervision --lattice-input=true --frame-subsampling-factor=3 --right-tolerance=5 --left-tolerance=5 exp/chain/tdnn1a_sp/tree exp/chain/tdnn1a_sp/0.trans_mdl ark:- ark:- 
nnet3-chain-get-egs --online-ivectors=scp:exp/nnet3/ivectors_train_sp_hires/ivector_online.scp --online-ivector-period=10 --srand=19 --left-context=17 --right-context=11 --num-frames=140,100,160 --frame-subsampling-factor=3 --compress=true --left-context-initial=17 --right-context-final=11 --num-frames-overlap=0 'ark,s,cs:utils/filter_scp.pl --exclude exp/chain/tdnn1a_sp/egs/valid_uttlist data/train_sp_hires/split20/19/feats.scp | apply-cmvn --norm-means=false --norm-vars=false --utt2spk=ark:data/train_sp_hires/split20/19/utt2spk scp:data/train_sp_hires/split20/19/cmvn.scp scp:- ark:- |' ark,s,cs:- ark:- 
LOG (nnet3-chain-get-egs[5.5.0-e4329]:ComputeDerived():nnet-example-utils.cc:335) Rounding up --num-frames=140,100,160 to multiples of --frame-subsampling-factor=3, to: 141,102,162
lattice-align-phones --replace-output-symbols=true exp/chain/tri2_train_sp_lats/final.mdl 'ark:gunzip -c exp/chain/tri2_train_sp_lats/lat.19.gz |' ark:- 
apply-cmvn --norm-means=false --norm-vars=false --utt2spk=ark:data/train_sp_hires/split20/19/utt2spk scp:data/train_sp_hires/split20/19/cmvn.scp scp:- ark:- 
WARNING (nnet3-chain-get-egs[5.5.0-e4329]:ProcessFile():nnet3-chain-get-egs.cc:134) Not producing egs for utterance sp1.1-lnw_119_long_481_hin-00010000-00013000-2 because it is too short: 96 frames.
WARNING (nnet3-chain-get-egs[5.5.0-e4329]:ProcessFile():nnet3-chain-get-egs.cc:134) Not producing egs for utterance sp1.1-lnw_120_long_1145_hin-00000000-00003000-3 because it is too short: 89 frames.
WARNING (nnet3-chain-get-egs[5.5.0-e4329]:ProcessFile():nnet3-chain-get-egs.cc:134) Not producing egs for utterance sp1.1-lnw_120_long_480_hin-00002500-00005500-5 because it is too short: 89 frames.
WARNING (nnet3-chain-get-egs[5.5.0-e4329]:ProcessFile():nnet3-chain-get-egs.cc:134) Not producing egs for utterance sp1.1-lnw_121_long_1019_hin-00015000-00018624-2 because it is too short: 97 frames.
WARNING (nnet3-chain-get-egs[5.5.0-e4329]:ProcessFile():nnet3-chain-get-egs.cc:134) Not producing egs for utterance sp1.1-lnw_121_long_530_hin-00005000-00008000-4 because it is too short: 89 frames.
WARNING (nnet3-chain-get-egs[5.5.0-e4329]:ProcessFile():nnet3-chain-get-egs.cc:134) Not producing egs for utterance sp1.1-lnw_121_long_5_hin-00010000-00013000-1 because it is too short: 98 frames.
WARNING (nnet3-chain-get-egs[5.5.0-e4329]:ProcessFile():nnet3-chain-get-egs.cc:134) Not producing egs for utterance sp1.1-lnw_122_long_1142_hin-00005000-00008000-1 because it is too short: 90 frames.
WARNING (nnet3-chain-get-egs[5.5.0-e4329]:main():nnet3-chain-get-egs.cc:386) No pdf-level posterior for key sp1.1-lnw_122_long_1375_hin-00002500-00005500-1
WARNING (nnet3-chain-get-egs[5.5.0-e4329]:main():nnet3-chain-get-egs.cc:386) No pdf-level posterior for key sp1.1-lnw_122_long_1375_hin-00005000-00008000-4
WARNING (nnet3-chain-get-egs[5.5.0-e4329]:main():nnet3-chain-get-egs.cc:386) No pdf-level posterior for key sp1.1-lnw_123_long_391_hin-00000000-00003000-1
WARNING (nnet3-chain-get-egs[5.5.0-e4329]:main():nnet3-chain-get-egs.cc:386) No pdf-level posterior for key sp1.1-lnw_123_long_391_hin-00002500-00005500-1
WARNING (nnet3-chain-get-egs[5.5.0-e4329]:main():nnet3-chain-get-egs.cc:386) No pdf-level posterior for key sp1.1-lnw_123_long_84_hin-00002500-00005500-3
WARNING (nnet3-chain-get-egs[5.5.0-e4329]:ProcessFile():nnet3-chain-get-egs.cc:134) Not producing egs for utterance sp1.1-lnw_124_long_1266_hin-00010000-00014456-1 because it is too short: 100 frames.
WARNING (nnet3-chain-get-egs[5.5.0-e4329]:ProcessFile():nnet3-chain-get-egs.cc:134) Not producing egs for utterance sp1.1-lnw_125_long_270_hin-00007500-00010608-1 because it is too short: 93 frames.
WARNING (nnet3-chain-get-egs[5.5.0-e4329]:ProcessFile():nnet3-chain-get-egs.cc:134) Not producing egs for utterance sp1.1-lnw_125_long_560_hin-00002500-00005500-5 because it is too short: 98 frames.
WARNING (nnet3-chain-get-egs[5.5.0-e4329]:ProcessFile():nnet3-chain-get-egs.cc:134) Not producing egs for utterance sp1.1-lnw_125_long_560_hin-00005000-00008408-1 because it is too short: 93 frames.
WARNING (nnet3-chain-get-egs[5.5.0-e4329]:ProcessFile():nnet3-chain-get-egs.cc:134) Not producing egs for utterance sp1.1-lnw_126_long_1189_hin-00015000-00018000-5 because it is too short: 89 frames.
WARNING (nnet3-chain-get-egs[5.5.0-e4329]:ProcessFile():nnet3-chain-get-egs.cc:134) Not producing egs for utterance sp1.1-lnw_126_long_339_hin-00007500-00010500-1 because it is too short: 93 frames.
WARNING (nnet3-chain-get-egs[5.5.0-e4329]:ProcessFile():nnet3-chain-get-egs.cc:134) Not producing egs for utterance sp1.1-lnw_127_long_1003_hin-00007500-00010784-1 because it is too short: 95 frames.
WARNING (nnet3-chain-get-egs[5.5.0-e4329]:ProcessFile():nnet3-chain-get-egs.cc:134) Not producing egs for utterance sp1.1-lnw_128_long_11_hin-00002500-00005500-2 because it is too short: 93 frames.
WARNING (nnet3-chain-get-egs[5.5.0-e4329]:ProcessFile():nnet3-chain-get-egs.cc:134) Not producing egs for utterance sp1.1-lnw_128_long_417_hin-00012500-00015500-1 because it is too short: 94 frames.
WARNING (nnet3-chain-get-egs[5.5.0-e4329]:ProcessFile():nnet3-chain-get-egs.cc:134) Not producing egs for utterance sp1.1-lnw_129_long_112_hin-00007500-00010500-2 because it is too short: 96 frames.
WARNING (nnet3-chain-get-egs[5.5.0-e4329]:ProcessFile():nnet3-chain-get-egs.cc:134) Not producing egs for utterance sp1.1-lnw_129_long_1147_hin-00002500-00005500-1 because it is too short: 95 frames.
WARNING (nnet3-chain-get-egs[5.5.0-e4329]:ProcessFile():nnet3-chain-get-egs.cc:134) Not producing egs for utterance sp1.1-lnw_129_long_1147_hin-00005000-00008000-1 because it is too short: 94 frames.
WARNING (nnet3-chain-get-egs[5.5.0-e4329]:ProcessFile():nnet3-chain-get-egs.cc:134) Not producing egs for utterance sp1.1-lnw_129_long_163_hin-00002500-00005500-4 because it is too short: 98 frames.
WARNING (nnet3-chain-get-egs[5.5.0-e4329]:ProcessFile():nnet3-chain-get-egs.cc:134) Not producing egs for utterance sp1.1-lnw_129_long_189_hin-00005000-00008000-1 because it is too short: 94 frames.
WARNING (nnet3-chain-get-egs[5.5.0-e4329]:ProcessFile():nnet3-chain-get-egs.cc:134) Not producing egs for utterance sp1.1-lnw_130_long_162_hin-00002500-00005500-6 because it is too short: 89 frames.
WARNING (nnet3-chain-get-egs[5.5.0-e4329]:ProcessFile():nnet3-chain-get-egs.cc:134) Not producing egs for utterance sp1.1-lnw_130_long_162_hin-00007500-00010500-6 because it is too short: 89 frames.
WARNING (nnet3-chain-get-egs[5.5.0-e4329]:ProcessFile():nnet3-chain-get-egs.cc:134) Not producing egs for utterance sp1.1-lnw_132_long_203_hin-00007500-00010816-5 because it is too short: 89 frames.
WARNING (nnet3-chain-get-egs[5.5.0-e4329]:ProcessFile():nnet3-chain-get-egs.cc:134) Not producing egs for utterance sp1.1-lnw_133_long_231_hin-00005000-00008000-4 because it is too short: 89 frames.
WARNING (nnet3-chain-get-egs[5.5.0-e4329]:ProcessFile():nnet3-chain-get-egs.cc:134) Not producing egs for utterance sp1.1-lnw_133_long_459_hin-00002500-00005500-2 because it is too short: 89 frames.
WARNING (nnet3-chain-get-egs[5.5.0-e4329]:ProcessFile():nnet3-chain-get-egs.cc:134) Not producing egs for utterance sp1.1-lnw_135_long_141_hin-00000000-00003000-1 because it is too short: 91 frames.
WARNING (nnet3-chain-get-egs[5.5.0-e4329]:ProcessFile():nnet3-chain-get-egs.cc:134) Not producing egs for utterance sp1.1-lnw_136_long_355_hin-00000000-00003000-4 because it is too short: 89 frames.
WARNING (nnet3-chain-get-egs[5.5.0-e4329]:ProcessFile():nnet3-chain-get-egs.cc:134) Not producing egs for utterance sp1.1-lnw_136_long_q_eng_135_hin-00000000-00003000-4 because it is too short: 95 frames.
WARNING (nnet3-chain-get-egs[5.5.0-e4329]:ProcessFile():nnet3-chain-get-egs.cc:134) Not producing egs for utterance sp1.1-lnw_137_long_1123_hin-00007500-00011616-2 because it is too short: 93 frames.
WARNING (nnet3-chain-get-egs[5.5.0-e4329]:ProcessFile():nnet3-chain-get-egs.cc:134) Not producing egs for utterance sp1.1-lnw_137_long_508_hin-00002500-00005500-4 because it is too short: 88 frames.
WARNING (nnet3-chain-get-egs[5.5.0-e4329]:ProcessFile():nnet3-chain-get-egs.cc:134) Not producing egs for utterance sp1.1-lnw_138_long_1099_hin-00000000-00003000-5 because it is too short: 89 frames.
WARNING (nnet3-chain-get-egs[5.5.0-e4329]:ProcessFile():nnet3-chain-get-egs.cc:134) Not producing egs for utterance sp1.1-lnw_138_long_1342_hin-00007500-00010500-1 because it is too short: 94 frames.
WARNING (nnet3-chain-get-egs[5.5.0-e4329]:ProcessFile():nnet3-chain-get-egs.cc:134) Not producing egs for utterance sp1.1-lnw_138_long_1342_hin-00007500-00010500-4 because it is too short: 89 frames.
WARNING (nnet3-chain-get-egs[5.5.0-e4329]:ProcessFile():nnet3-chain-get-egs.cc:134) Not producing egs for utterance sp1.1-lnw_140_long_1150_hin-00000000-00003000-5 because it is too short: 96 frames.
WARNING (nnet3-chain-get-egs[5.5.0-e4329]:ProcessFile():nnet3-chain-get-egs.cc:134) Not producing egs for utterance sp1.1-lnw_140_long_1212_hin-00010000-00013152-3 because it is too short: 96 frames.
WARNING (nnet3-chain-get-egs[5.5.0-e4329]:ProcessFile():nnet3-chain-get-egs.cc:134) Not producing egs for utterance sp1.1-lnw_142_long_359_hin-00002500-00005500-1 because it is too short: 94 frames.
WARNING (nnet3-chain-get-egs[5.5.0-e4329]:ProcessFile():nnet3-chain-get-egs.cc:134) Not producing egs for utterance sp1.1-lnw_142_long_418_hin-00005000-00008000-1 because it is too short: 97 frames.
WARNING (nnet3-chain-get-egs[5.5.0-e4329]:ProcessFile():nnet3-chain-get-egs.cc:134) Not producing egs for utterance sp1.1-lnw_144_long_1028_hin-00000000-00003000-3 because it is too short: 93 frames.
WARNING (nnet3-chain-get-egs[5.5.0-e4329]:ProcessFile():nnet3-chain-get-egs.cc:134) Not producing egs for utterance sp1.1-lnw_145_long_373_hin-00000000-00003000-5 because it is too short: 98 frames.
WARNING (nnet3-chain-get-egs[5.5.0-e4329]:ProcessFile():nnet3-chain-get-egs.cc:134) Not producing egs for utterance sp1.1-lnw_145_long_554_hin-00005000-00008320-1 because it is too short: 94 frames.
WARNING (nnet3-chain-get-egs[5.5.0-e4329]:ProcessFile():nnet3-chain-get-egs.cc:134) Not producing egs for utterance sp1.1-lnw_165_long_1269_hin-00005000-00008000-3 because it is too short: 94 frames.
WARNING (nnet3-chain-get-egs[5.5.0-e4329]:ProcessFile():nnet3-chain-get-egs.cc:134) Not producing egs for utterance sp1.1-lnw_166_long_557_hin-00002500-00005500-1 because it is too short: 89 frames.
WARNING (nnet3-chain-get-egs[5.5.0-e4329]:ProcessFile():nnet3-chain-get-egs.cc:134) Not producing egs for utterance sp1.1-lnw_167_long_1213_hin-00012500-00015528-1 because it is too short: 96 frames.
WARNING (nnet3-chain-get-egs[5.5.0-e4329]:ProcessFile():nnet3-chain-get-egs.cc:134) Not producing egs for utterance sp1.1-lnw_168_long_482_hin-00005000-00008000-5 because it is too short: 101 frames.
WARNING (nnet3-chain-get-egs[5.5.0-e4329]:ProcessFile():nnet3-chain-get-egs.cc:134) Not producing egs for utterance sp1.1-lnw_169_long_228_hin-00005000-00008000-4 because it is too short: 89 frames.
WARNING (nnet3-chain-get-egs[5.5.0-e4329]:ProcessFile():nnet3-chain-get-egs.cc:134) Not producing egs for utterance sp1.1-lnw_170_long_1304_hin-00000000-00003000-4 because it is too short: 94 frames.
WARNING (nnet3-chain-get-egs[5.5.0-e4329]:ProcessFile():nnet3-chain-get-egs.cc:134) Not producing egs for utterance sp1.1-lnw_170_long_421_hin-00010000-00013000-3 because it is too short: 91 frames.
WARNING (nnet3-chain-get-egs[5.5.0-e4329]:ProcessFile():nnet3-chain-get-egs.cc:134) Not producing egs for utterance sp1.1-lnw_170_long_465_hin-00005000-00008000-2 because it is too short: 89 frames.
WARNING (nnet3-chain-get-egs[5.5.0-e4329]:ProcessFile():nnet3-chain-get-egs.cc:134) Not producing egs for utterance sp1.1-lnw_171_long_378_hin-00007500-00010500-5 because it is too short: 88 frames.
WARNING (nnet3-chain-get-egs[5.5.0-e4329]:ProcessFile():nnet3-chain-get-egs.cc:134) Not producing egs for utterance sp1.1-lnw_171_long_494_hin-00005000-00008000-1 because it is too short: 89 frames.
WARNING (nnet3-chain-get-egs[5.5.0-e4329]:ProcessFile():nnet3-chain-get-egs.cc:134) Not producing egs for utterance sp1.1-lnw_172_long_1279_hin-00002500-00005500-1 because it is too short: 94 frames.
WARNING (nnet3-chain-get-egs[5.5.0-e4329]:ProcessFile():nnet3-chain-get-egs.cc:134) Not producing egs for utterance sp1.1-lnw_173_long_1113_hin-00000000-00003000-5 because it is too short: 89 frames.
WARNING (nnet3-chain-get-egs[5.5.0-e4329]:main():nnet3-chain-get-egs.cc:386) No pdf-level posterior for key sp1.1-lnw_173_long_173_hin-00000000-00003000-1
WARNING (nnet3-chain-get-egs[5.5.0-e4329]:ProcessFile():nnet3-chain-get-egs.cc:134) Not producing egs for utterance sp1.1-lnw_174_long_143_hin-00000000-00003000-4 because it is too short: 89 frames.
WARNING (nnet3-chain-get-egs[5.5.0-e4329]:ProcessFile():nnet3-chain-get-egs.cc:134) Not producing egs for utterance sp1.1-lnw_176_long_396_hin-00000000-00003000-2 because it is too short: 97 frames.
WARNING (nnet3-chain-get-egs[5.5.0-e4329]:ProcessFile():nnet3-chain-get-egs.cc:134) Not producing egs for utterance sp1.1-lnw_176_long_454_hin-00002500-00005500-5 because it is too short: 88 frames.
WARNING (nnet3-chain-get-egs[5.5.0-e4329]:ProcessFile():nnet3-chain-get-egs.cc:134) Not producing egs for utterance sp1.1-lnw_176_long_q_eng_175_hin-00002500-00006440-1 because it is too short: 93 frames.
WARNING (nnet3-chain-get-egs[5.5.0-e4329]:ProcessFile():nnet3-chain-get-egs.cc:134) Not producing egs for utterance sp1.1-lnw_177_long_1199_hin-00005000-00008000-5 because it is too short: 92 frames.
WARNING (nnet3-chain-get-egs[5.5.0-e4329]:main():nnet3-chain-get-egs.cc:386) No pdf-level posterior for key sp1.1-lnw_247_long_1159_hin-00000000-00003000-2
WARNING (nnet3-chain-get-egs[5.5.0-e4329]:main():nnet3-chain-get-egs.cc:386) No pdf-level posterior for key sp1.1-lnw_247_long_1165_hin-00007500-00010368-1
WARNING (nnet3-chain-get-egs[5.5.0-e4329]:main():nnet3-chain-get-egs.cc:386) No pdf-level posterior for key sp1.1-lnw_247_long_346_hin-00005000-00009224-4
WARNING (nnet3-chain-get-egs[5.5.0-e4329]:ProcessFile():nnet3-chain-get-egs.cc:134) Not producing egs for utterance sp1.1-lnw_248_long_318_hin-00007500-00011688-2 because it is too short: 89 frames.
WARNING (nnet3-chain-get-egs[5.5.0-e4329]:ProcessFile():nnet3-chain-get-egs.cc:134) Not producing egs for utterance sp1.1-lnw_248_long_406_hin-00007500-00011800-3 because it is too short: 93 frames.
WARNING (nnet3-chain-get-egs[5.5.0-e4329]:ProcessFile():nnet3-chain-get-egs.cc:134) Not producing egs for utterance sp1.1-lnw_249_long_q_eng_248_hin-00002500-00005500-1 because it is too short: 93 frames.
WARNING (nnet3-chain-get-egs[5.5.0-e4329]:ProcessFile():nnet3-chain-get-egs.cc:134) Not producing egs for utterance sp1.1-lnw_251_long_1263_hin-00012500-00015688-4 because it is too short: 89 frames.
WARNING (nnet3-chain-get-egs[5.5.0-e4329]:ProcessFile():nnet3-chain-get-egs.cc:134) Not producing egs for utterance sp1.1-lnw_252_long_378_hin-00000000-00003000-1 because it is too short: 93 frames.
WARNING (nnet3-chain-get-egs[5.5.0-e4329]:ProcessFile():nnet3-chain-get-egs.cc:134) Not producing egs for utterance sp1.1-lnw_252_long_378_hin-00005000-00008000-3 because it is too short: 88 frames.
WARNING (nnet3-chain-get-egs[5.5.0-e4329]:ProcessFile():nnet3-chain-get-egs.cc:134) Not producing egs for utterance sp1.1-lnw_253_long_1024_hin-00000000-00003000-1 because it is too short: 93 frames.
WARNING (nnet3-chain-get-egs[5.5.0-e4329]:ProcessFile():nnet3-chain-get-egs.cc:134) Not producing egs for utterance sp1.1-lnw_253_long_1312_hin-00005000-00008000-4 because it is too short: 92 frames.
WARNING (nnet3-chain-get-egs[5.5.0-e4329]:ProcessFile():nnet3-chain-get-egs.cc:134) Not producing egs for utterance sp1.1-lnw_253_long_371_hin-00012500-00015500-3 because it is too short: 99 frames.
WARNING (nnet3-chain-get-egs[5.5.0-e4329]:ProcessFile():nnet3-chain-get-egs.cc:134) Not producing egs for utterance sp1.1-lnw_256_long_1291_hin-00005000-00008000-4 because it is too short: 89 frames.
WARNING (nnet3-chain-get-egs[5.5.0-e4329]:ProcessFile():nnet3-chain-get-egs.cc:134) Not producing egs for utterance sp1.1-lnw_256_long_388_hin-00005000-00008000-1 because it is too short: 93 frames.
WARNING (nnet3-chain-get-egs[5.5.0-e4329]:ProcessFile():nnet3-chain-get-egs.cc:134) Not producing egs for utterance sp1.1-lnw_257_long_1310_hin-00005000-00009456-1 because it is too short: 93 frames.
WARNING (nnet3-chain-get-egs[5.5.0-e4329]:ProcessFile():nnet3-chain-get-egs.cc:134) Not producing egs for utterance sp1.1-lnw_257_long_1326_hin-00005000-00008000-2 because it is too short: 93 frames.
WARNING (nnet3-chain-get-egs[5.5.0-e4329]:ProcessFile():nnet3-chain-get-egs.cc:134) Not producing egs for utterance sp1.1-lnw_257_long_252_hin-00007500-00009912-3 because it is too short: 98 frames.
WARNING (nnet3-chain-get-egs[5.5.0-e4329]:ProcessFile():nnet3-chain-get-egs.cc:134) Not producing egs for utterance sp1.1-lnw_259_long_474_hin-00000000-00003000-5 because it is too short: 90 frames.
WARNING (nnet3-chain-get-egs[5.5.0-e4329]:ProcessFile():nnet3-chain-get-egs.cc:134) Not producing egs for utterance sp1.1-lnw_260_long_330_hin-00002500-00005500-6 because it is too short: 89 frames.
WARNING (nnet3-chain-get-egs[5.5.0-e4329]:ProcessFile():nnet3-chain-get-egs.cc:134) Not producing egs for utterance sp1.1-lnw_260_long_547_hin-00000000-00003000-4 because it is too short: 89 frames.
WARNING (nnet3-chain-get-egs[5.5.0-e4329]:ProcessFile():nnet3-chain-get-egs.cc:134) Not producing egs for utterance sp1.1-lnw_260_long_547_hin-00010000-00013264-5 because it is too short: 100 frames.
WARNING (nnet3-chain-get-egs[5.5.0-e4329]:ProcessFile():nnet3-chain-get-egs.cc:134) Not producing egs for utterance sp1.1-mum_303_long_494_hin-00000000-00003000-3 because it is too short: 101 frames.
WARNING (nnet3-chain-get-egs[5.5.0-e4329]:ProcessFile():nnet3-chain-get-egs.cc:134) Not producing egs for utterance sp1.1-mum_304_long_68_hin-00002500-00005500-4 because it is too short: 90 frames.
WARNING (nnet3-chain-get-egs[5.5.0-e4329]:ProcessFile():nnet3-chain-get-egs.cc:134) Not producing egs for utterance sp1.1-mum_305_long_1025_hin-00007500-00010500-4 because it is too short: 89 frames.
WARNING (nnet3-chain-get-egs[5.5.0-e4329]:ProcessFile():nnet3-chain-get-egs.cc:134) Not producing egs for utterance sp1.1-mum_305_long_1025_hin-00012500-00015500-1 because it is too short: 93 frames.
WARNING (nnet3-chain-get-egs[5.5.0-e4329]:ProcessFile():nnet3-chain-get-egs.cc:134) Not producing egs for utterance sp1.1-mum_305_long_1025_hin-00015000-00018880-5 because it is too short: 89 frames.
WARNING (nnet3-chain-get-egs[5.5.0-e4329]:ProcessFile():nnet3-chain-get-egs.cc:134) Not producing egs for utterance sp1.1-mum_305_long_145_hin-00005000-00008000-3 because it is too short: 89 frames.
WARNING (nnet3-chain-get-egs[5.5.0-e4329]:ProcessFile():nnet3-chain-get-egs.cc:134) Not producing egs for utterance sp1.1-mum_305_long_180_hin-00007500-00010500-3 because it is too short: 89 frames.
WARNING (nnet3-chain-get-egs[5.5.0-e4329]:ProcessFile():nnet3-chain-get-egs.cc:134) Not producing egs for utterance sp1.1-mum_307_long_1370_hin-00002500-00005500-5 because it is too short: 89 frames.
WARNING (nnet3-chain-get-egs[5.5.0-e4329]:ProcessFile():nnet3-chain-get-egs.cc:134) Not producing egs for utterance sp1.1-mum_307_long_1370_hin-00005000-00008000-6 because it is too short: 89 frames.
WARNING (nnet3-chain-get-egs[5.5.0-e4329]:ProcessFile():nnet3-chain-get-egs.cc:134) Not producing egs for utterance sp1.1-mum_307_long_266_hin-00002500-00005500-1 because it is too short: 94 frames.
WARNING (nnet3-chain-get-egs[5.5.0-e4329]:ProcessFile():nnet3-chain-get-egs.cc:134) Not producing egs for utterance sp1.1-mum_308_long_1117_hin-00000000-00003000-3 because it is too short: 89 frames.
WARNING (nnet3-chain-get-egs[5.5.0-e4329]:ProcessFile():nnet3-chain-get-egs.cc:134) Not producing egs for utterance sp1.1-mum_309_long_138_hin-00007500-00010500-4 because it is too short: 89 frames.
WARNING (nnet3-chain-get-egs[5.5.0-e4329]:ProcessFile():nnet3-chain-get-egs.cc:134) Not producing egs for utterance sp1.1-mum_310_long_133_hin-00000000-00003000-6 because it is too short: 99 frames.
WARNING (nnet3-chain-get-egs[5.5.0-e4329]:ProcessFile():nnet3-chain-get-egs.cc:134) Not producing egs for utterance sp1.1-mum_311_long_1260_hin-00005000-00008000-5 because it is too short: 89 frames.
WARNING (nnet3-chain-get-egs[5.5.0-e4329]:ProcessFile():nnet3-chain-get-egs.cc:134) Not producing egs for utterance sp1.1-mum_312_long_242_hin-00005000-00008000-1 because it is too short: 93 frames.
WARNING (nnet3-chain-get-egs[5.5.0-e4329]:ProcessFile():nnet3-chain-get-egs.cc:134) Not producing egs for utterance sp1.1-mum_313_long_1256_hin-00007500-00010500-4 because it is too short: 93 frames.
WARNING (nnet3-chain-get-egs[5.5.0-e4329]:ProcessFile():nnet3-chain-get-egs.cc:134) Not producing egs for utterance sp1.1-mum_314_long_6_hin-00000000-00003000-4 because it is too short: 90 frames.
WARNING (nnet3-chain-get-egs[5.5.0-e4329]:ProcessFile():nnet3-chain-get-egs.cc:134) Not producing egs for utterance sp1.1-mum_315_long_194_hin-00002500-00005500-1 because it is too short: 94 frames.
WARNING (nnet3-chain-get-egs[5.5.0-e4329]:ProcessFile():nnet3-chain-get-egs.cc:134) Not producing egs for utterance sp1.1-mum_316_long_1178_hin-00000000-00003000-1 because it is too short: 93 frames.
WARNING (nnet3-chain-get-egs[5.5.0-e4329]:ProcessFile():nnet3-chain-get-egs.cc:134) Not producing egs for utterance sp1.1-mum_316_long_165_hin-00005000-00008000-1 because it is too short: 95 frames.
WARNING (nnet3-chain-get-egs[5.5.0-e4329]:ProcessFile():nnet3-chain-get-egs.cc:134) Not producing egs for utterance sp1.1-mum_317_long_1322_hin-00000000-00003000-4 because it is too short: 89 frames.
LOG (lattice-align-phones[5.5.0-e4329]:main():lattice-align-phones.cc:104) Successfully aligned 6549 lattices; 0 had errors.
LOG (apply-cmvn[5.5.0-e4329]:main():apply-cmvn.cc:81) Copied 6514 utterances.
LOG (chain-get-supervision[5.5.0-e4329]:main():chain-get-supervision.cc:149) Generated chain supervision information for 6549 utterances, errors on 0
WARNING (nnet3-chain-get-egs[5.5.0-e4329]:main():nnet3-chain-get-egs.cc:435) 106 utterances had errors and could not be processed.
LOG (nnet3-chain-get-egs[5.5.0-e4329]:~UtteranceSplitter():nnet-example-utils.cc:357) Split 6505 utts, with total length 3348969 frames (9.30269 hours assuming 100 frames per second)
LOG (nnet3-chain-get-egs[5.5.0-e4329]:~UtteranceSplitter():nnet-example-utils.cc:366) Average chunk length was 135.872 frames; overlap between adjacent chunks was 1.00114% of input length; length of output was 100.43% of input length (minus overlap = 99.4293%).
LOG (nnet3-chain-get-egs[5.5.0-e4329]:~UtteranceSplitter():nnet-example-utils.cc:382) Output frames are distributed among chunk-sizes as follows: 102 = 15.34%, 141 = 68.52%, 162 = 16.14%
LOG (nnet3-chain-copy-egs[5.5.0-e4329]:main():nnet3-chain-copy-egs.cc:395) Read 24754 neural-network training examples, wrote 24754
# Accounting: time=57 threads=1
# Ended (code 0) at Fri May  3 19:08:09 IST 2019, elapsed time 57 seconds
