# lattice-align-phones --replace-output-symbols=true exp/chain/tri2_train_sp_lats/final.mdl "ark:gunzip -c exp/chain/tri2_train_sp_lats/lat.6.gz |" ark:- | chain-get-supervision --lattice-input=true --frame-subsampling-factor=3 --right-tolerance=5 --left-tolerance=5 exp/chain/tdnn1a_sp/tree exp/chain/tdnn1a_sp/0.trans_mdl ark:- ark:- | nnet3-chain-get-egs --online-ivectors=scp:exp/nnet3/ivectors_train_sp_hires/ivector_online.scp --online-ivector-period=10 --srand=$[6+0] --left-context=17 --right-context=11 --num-frames=140,100,160 --frame-subsampling-factor=3 --compress=true --left-context-initial=17 --right-context-final=11 --num-frames-overlap=0 "ark,s,cs:utils/filter_scp.pl --exclude exp/chain/tdnn1a_sp/egs/valid_uttlist data/train_sp_hires/split20/6/feats.scp | apply-cmvn --norm-means=false --norm-vars=false --utt2spk=ark:data/train_sp_hires/split20/6/utt2spk scp:data/train_sp_hires/split20/6/cmvn.scp scp:- ark:- |" ark,s,cs:- ark:- | nnet3-chain-copy-egs --random=true --srand=$[6+0] ark:- ark:exp/chain/tdnn1a_sp/egs/cegs_orig.6.1.ark ark:exp/chain/tdnn1a_sp/egs/cegs_orig.6.2.ark ark:exp/chain/tdnn1a_sp/egs/cegs_orig.6.3.ark ark:exp/chain/tdnn1a_sp/egs/cegs_orig.6.4.ark ark:exp/chain/tdnn1a_sp/egs/cegs_orig.6.5.ark ark:exp/chain/tdnn1a_sp/egs/cegs_orig.6.6.ark ark:exp/chain/tdnn1a_sp/egs/cegs_orig.6.7.ark ark:exp/chain/tdnn1a_sp/egs/cegs_orig.6.8.ark ark:exp/chain/tdnn1a_sp/egs/cegs_orig.6.9.ark ark:exp/chain/tdnn1a_sp/egs/cegs_orig.6.10.ark ark:exp/chain/tdnn1a_sp/egs/cegs_orig.6.11.ark ark:exp/chain/tdnn1a_sp/egs/cegs_orig.6.12.ark ark:exp/chain/tdnn1a_sp/egs/cegs_orig.6.13.ark ark:exp/chain/tdnn1a_sp/egs/cegs_orig.6.14.ark ark:exp/chain/tdnn1a_sp/egs/cegs_orig.6.15.ark ark:exp/chain/tdnn1a_sp/egs/cegs_orig.6.16.ark ark:exp/chain/tdnn1a_sp/egs/cegs_orig.6.17.ark ark:exp/chain/tdnn1a_sp/egs/cegs_orig.6.18.ark ark:exp/chain/tdnn1a_sp/egs/cegs_orig.6.19.ark ark:exp/chain/tdnn1a_sp/egs/cegs_orig.6.20.ark ark:exp/chain/tdnn1a_sp/egs/cegs_orig.6.21.ark ark:exp/chain/tdnn1a_sp/egs/cegs_orig.6.22.ark ark:exp/chain/tdnn1a_sp/egs/cegs_orig.6.23.ark ark:exp/chain/tdnn1a_sp/egs/cegs_orig.6.24.ark ark:exp/chain/tdnn1a_sp/egs/cegs_orig.6.25.ark ark:exp/chain/tdnn1a_sp/egs/cegs_orig.6.26.ark ark:exp/chain/tdnn1a_sp/egs/cegs_orig.6.27.ark 
# Started at Fri May  3 19:04:47 IST 2019
#
nnet3-chain-copy-egs --random=true --srand=6 ark:- ark:exp/chain/tdnn1a_sp/egs/cegs_orig.6.1.ark ark:exp/chain/tdnn1a_sp/egs/cegs_orig.6.2.ark ark:exp/chain/tdnn1a_sp/egs/cegs_orig.6.3.ark ark:exp/chain/tdnn1a_sp/egs/cegs_orig.6.4.ark ark:exp/chain/tdnn1a_sp/egs/cegs_orig.6.5.ark ark:exp/chain/tdnn1a_sp/egs/cegs_orig.6.6.ark ark:exp/chain/tdnn1a_sp/egs/cegs_orig.6.7.ark ark:exp/chain/tdnn1a_sp/egs/cegs_orig.6.8.ark ark:exp/chain/tdnn1a_sp/egs/cegs_orig.6.9.ark ark:exp/chain/tdnn1a_sp/egs/cegs_orig.6.10.ark ark:exp/chain/tdnn1a_sp/egs/cegs_orig.6.11.ark ark:exp/chain/tdnn1a_sp/egs/cegs_orig.6.12.ark ark:exp/chain/tdnn1a_sp/egs/cegs_orig.6.13.ark ark:exp/chain/tdnn1a_sp/egs/cegs_orig.6.14.ark ark:exp/chain/tdnn1a_sp/egs/cegs_orig.6.15.ark ark:exp/chain/tdnn1a_sp/egs/cegs_orig.6.16.ark ark:exp/chain/tdnn1a_sp/egs/cegs_orig.6.17.ark ark:exp/chain/tdnn1a_sp/egs/cegs_orig.6.18.ark ark:exp/chain/tdnn1a_sp/egs/cegs_orig.6.19.ark ark:exp/chain/tdnn1a_sp/egs/cegs_orig.6.20.ark ark:exp/chain/tdnn1a_sp/egs/cegs_orig.6.21.ark ark:exp/chain/tdnn1a_sp/egs/cegs_orig.6.22.ark ark:exp/chain/tdnn1a_sp/egs/cegs_orig.6.23.ark ark:exp/chain/tdnn1a_sp/egs/cegs_orig.6.24.ark ark:exp/chain/tdnn1a_sp/egs/cegs_orig.6.25.ark ark:exp/chain/tdnn1a_sp/egs/cegs_orig.6.26.ark ark:exp/chain/tdnn1a_sp/egs/cegs_orig.6.27.ark 
chain-get-supervision --lattice-input=true --frame-subsampling-factor=3 --right-tolerance=5 --left-tolerance=5 exp/chain/tdnn1a_sp/tree exp/chain/tdnn1a_sp/0.trans_mdl ark:- ark:- 
lattice-align-phones --replace-output-symbols=true exp/chain/tri2_train_sp_lats/final.mdl 'ark:gunzip -c exp/chain/tri2_train_sp_lats/lat.6.gz |' ark:- 
nnet3-chain-get-egs --online-ivectors=scp:exp/nnet3/ivectors_train_sp_hires/ivector_online.scp --online-ivector-period=10 --srand=6 --left-context=17 --right-context=11 --num-frames=140,100,160 --frame-subsampling-factor=3 --compress=true --left-context-initial=17 --right-context-final=11 --num-frames-overlap=0 'ark,s,cs:utils/filter_scp.pl --exclude exp/chain/tdnn1a_sp/egs/valid_uttlist data/train_sp_hires/split20/6/feats.scp | apply-cmvn --norm-means=false --norm-vars=false --utt2spk=ark:data/train_sp_hires/split20/6/utt2spk scp:data/train_sp_hires/split20/6/cmvn.scp scp:- ark:- |' ark,s,cs:- ark:- 
LOG (nnet3-chain-get-egs[5.5.0-e4329]:ComputeDerived():nnet-example-utils.cc:335) Rounding up --num-frames=140,100,160 to multiples of --frame-subsampling-factor=3, to: 141,102,162
apply-cmvn --norm-means=false --norm-vars=false --utt2spk=ark:data/train_sp_hires/split20/6/utt2spk scp:data/train_sp_hires/split20/6/cmvn.scp scp:- ark:- 
WARNING (nnet3-chain-get-egs[5.5.0-e4329]:ProcessFile():nnet3-chain-get-egs.cc:134) Not producing egs for utterance lnw_166_long_557_hin-00002500-00005500-1 because it is too short: 98 frames.
WARNING (nnet3-chain-get-egs[5.5.0-e4329]:ProcessFile():nnet3-chain-get-egs.cc:134) Not producing egs for utterance lnw_169_long_228_hin-00005000-00008000-4 because it is too short: 98 frames.
WARNING (nnet3-chain-get-egs[5.5.0-e4329]:ProcessFile():nnet3-chain-get-egs.cc:134) Not producing egs for utterance lnw_170_long_421_hin-00010000-00013000-3 because it is too short: 100 frames.
WARNING (nnet3-chain-get-egs[5.5.0-e4329]:ProcessFile():nnet3-chain-get-egs.cc:134) Not producing egs for utterance lnw_170_long_465_hin-00005000-00008000-2 because it is too short: 98 frames.
WARNING (nnet3-chain-get-egs[5.5.0-e4329]:ProcessFile():nnet3-chain-get-egs.cc:134) Not producing egs for utterance lnw_171_long_378_hin-00007500-00010500-5 because it is too short: 98 frames.
WARNING (nnet3-chain-get-egs[5.5.0-e4329]:ProcessFile():nnet3-chain-get-egs.cc:134) Not producing egs for utterance lnw_171_long_494_hin-00005000-00008000-1 because it is too short: 98 frames.
WARNING (nnet3-chain-get-egs[5.5.0-e4329]:ProcessFile():nnet3-chain-get-egs.cc:134) Not producing egs for utterance lnw_173_long_1113_hin-00000000-00003000-5 because it is too short: 98 frames.
WARNING (nnet3-chain-get-egs[5.5.0-e4329]:main():nnet3-chain-get-egs.cc:386) No pdf-level posterior for key lnw_173_long_173_hin-00000000-00003000-1
WARNING (nnet3-chain-get-egs[5.5.0-e4329]:ProcessFile():nnet3-chain-get-egs.cc:134) Not producing egs for utterance lnw_174_long_143_hin-00000000-00003000-4 because it is too short: 98 frames.
WARNING (nnet3-chain-get-egs[5.5.0-e4329]:ProcessFile():nnet3-chain-get-egs.cc:134) Not producing egs for utterance lnw_176_long_454_hin-00002500-00005500-5 because it is too short: 98 frames.
WARNING (nnet3-chain-get-egs[5.5.0-e4329]:ProcessFile():nnet3-chain-get-egs.cc:134) Not producing egs for utterance lnw_177_long_1199_hin-00005000-00008000-5 because it is too short: 101 frames.
WARNING (nnet3-chain-get-egs[5.5.0-e4329]:main():nnet3-chain-get-egs.cc:386) No pdf-level posterior for key lnw_247_long_1159_hin-00000000-00003000-2
WARNING (nnet3-chain-get-egs[5.5.0-e4329]:main():nnet3-chain-get-egs.cc:386) No pdf-level posterior for key lnw_247_long_346_hin-00005000-00009224-4
WARNING (nnet3-chain-get-egs[5.5.0-e4329]:ProcessFile():nnet3-chain-get-egs.cc:134) Not producing egs for utterance lnw_248_long_318_hin-00007500-00011688-2 because it is too short: 98 frames.
WARNING (nnet3-chain-get-egs[5.5.0-e4329]:ProcessFile():nnet3-chain-get-egs.cc:134) Not producing egs for utterance lnw_251_long_1263_hin-00012500-00015688-4 because it is too short: 98 frames.
WARNING (nnet3-chain-get-egs[5.5.0-e4329]:ProcessFile():nnet3-chain-get-egs.cc:134) Not producing egs for utterance lnw_252_long_378_hin-00005000-00008000-3 because it is too short: 98 frames.
WARNING (nnet3-chain-get-egs[5.5.0-e4329]:ProcessFile():nnet3-chain-get-egs.cc:134) Not producing egs for utterance lnw_256_long_1291_hin-00005000-00008000-4 because it is too short: 98 frames.
WARNING (nnet3-chain-get-egs[5.5.0-e4329]:ProcessFile():nnet3-chain-get-egs.cc:134) Not producing egs for utterance lnw_259_long_474_hin-00000000-00003000-5 because it is too short: 99 frames.
WARNING (nnet3-chain-get-egs[5.5.0-e4329]:ProcessFile():nnet3-chain-get-egs.cc:134) Not producing egs for utterance lnw_260_long_330_hin-00002500-00005500-6 because it is too short: 98 frames.
WARNING (nnet3-chain-get-egs[5.5.0-e4329]:ProcessFile():nnet3-chain-get-egs.cc:134) Not producing egs for utterance lnw_260_long_547_hin-00000000-00003000-4 because it is too short: 98 frames.
WARNING (nnet3-chain-get-egs[5.5.0-e4329]:ProcessFile():nnet3-chain-get-egs.cc:134) Not producing egs for utterance mum_304_long_68_hin-00002500-00005500-4 because it is too short: 99 frames.
WARNING (nnet3-chain-get-egs[5.5.0-e4329]:ProcessFile():nnet3-chain-get-egs.cc:134) Not producing egs for utterance mum_305_long_1025_hin-00007500-00010500-4 because it is too short: 98 frames.
WARNING (nnet3-chain-get-egs[5.5.0-e4329]:ProcessFile():nnet3-chain-get-egs.cc:134) Not producing egs for utterance mum_305_long_1025_hin-00015000-00018880-5 because it is too short: 98 frames.
WARNING (nnet3-chain-get-egs[5.5.0-e4329]:ProcessFile():nnet3-chain-get-egs.cc:134) Not producing egs for utterance mum_305_long_145_hin-00005000-00008000-3 because it is too short: 98 frames.
WARNING (nnet3-chain-get-egs[5.5.0-e4329]:ProcessFile():nnet3-chain-get-egs.cc:134) Not producing egs for utterance mum_305_long_180_hin-00007500-00010500-3 because it is too short: 98 frames.
WARNING (nnet3-chain-get-egs[5.5.0-e4329]:ProcessFile():nnet3-chain-get-egs.cc:134) Not producing egs for utterance mum_307_long_1370_hin-00002500-00005500-5 because it is too short: 98 frames.
WARNING (nnet3-chain-get-egs[5.5.0-e4329]:ProcessFile():nnet3-chain-get-egs.cc:134) Not producing egs for utterance mum_307_long_1370_hin-00005000-00008000-6 because it is too short: 98 frames.
WARNING (nnet3-chain-get-egs[5.5.0-e4329]:ProcessFile():nnet3-chain-get-egs.cc:134) Not producing egs for utterance mum_308_long_1117_hin-00000000-00003000-3 because it is too short: 98 frames.
WARNING (nnet3-chain-get-egs[5.5.0-e4329]:ProcessFile():nnet3-chain-get-egs.cc:134) Not producing egs for utterance mum_309_long_138_hin-00007500-00010500-4 because it is too short: 98 frames.
WARNING (nnet3-chain-get-egs[5.5.0-e4329]:ProcessFile():nnet3-chain-get-egs.cc:134) Not producing egs for utterance mum_311_long_1260_hin-00005000-00008000-5 because it is too short: 98 frames.
WARNING (nnet3-chain-get-egs[5.5.0-e4329]:ProcessFile():nnet3-chain-get-egs.cc:134) Not producing egs for utterance mum_314_long_6_hin-00000000-00003000-4 because it is too short: 99 frames.
WARNING (nnet3-chain-get-egs[5.5.0-e4329]:ProcessFile():nnet3-chain-get-egs.cc:134) Not producing egs for utterance mum_317_long_1322_hin-00000000-00003000-4 because it is too short: 98 frames.
WARNING (nnet3-chain-get-egs[5.5.0-e4329]:ProcessFile():nnet3-chain-get-egs.cc:134) Not producing egs for utterance mum_319_long_1047_hin-00005000-00008000-5 because it is too short: 98 frames.
WARNING (nnet3-chain-get-egs[5.5.0-e4329]:main():nnet3-chain-get-egs.cc:386) No pdf-level posterior for key mum_320_long_1049_hin-00007500-00010500-3
WARNING (nnet3-chain-get-egs[5.5.0-e4329]:ProcessFile():nnet3-chain-get-egs.cc:134) Not producing egs for utterance mum_322_long_478_hin-00000000-00003000-4 because it is too short: 98 frames.
WARNING (nnet3-chain-get-egs[5.5.0-e4329]:ProcessFile():nnet3-chain-get-egs.cc:134) Not producing egs for utterance mum_326_long_1235_hin-00000000-00003000-5 because it is too short: 98 frames.
WARNING (nnet3-chain-get-egs[5.5.0-e4329]:ProcessFile():nnet3-chain-get-egs.cc:134) Not producing egs for utterance mum_328_long_533_hin-00007500-00011546-3 because it is too short: 98 frames.
WARNING (nnet3-chain-get-egs[5.5.0-e4329]:ProcessFile():nnet3-chain-get-egs.cc:134) Not producing egs for utterance mum_341_long_412_hin-00007500-00010500-4 because it is too short: 98 frames.
WARNING (nnet3-chain-get-egs[5.5.0-e4329]:ProcessFile():nnet3-chain-get-egs.cc:134) Not producing egs for utterance mum_343_long_1158_hin-00002500-00005500-7 because it is too short: 98 frames.
WARNING (nnet3-chain-get-egs[5.5.0-e4329]:ProcessFile():nnet3-chain-get-egs.cc:134) Not producing egs for utterance pue_11_long_227_hin-00002500-00005500-5 because it is too short: 98 frames.
WARNING (nnet3-chain-get-egs[5.5.0-e4329]:ProcessFile():nnet3-chain-get-egs.cc:134) Not producing egs for utterance pue_12_long_1286_hin-00005000-00008000-4 because it is too short: 99 frames.
WARNING (nnet3-chain-get-egs[5.5.0-e4329]:ProcessFile():nnet3-chain-get-egs.cc:134) Not producing egs for utterance pue_13_long_64_hin-00002500-00005500-4 because it is too short: 100 frames.
WARNING (nnet3-chain-get-egs[5.5.0-e4329]:ProcessFile():nnet3-chain-get-egs.cc:134) Not producing egs for utterance pue_148_long_1219_hin-00005000-00008592-4 because it is too short: 98 frames.
WARNING (nnet3-chain-get-egs[5.5.0-e4329]:ProcessFile():nnet3-chain-get-egs.cc:134) Not producing egs for utterance pue_148_long_1277_hin-00000000-00003000-5 because it is too short: 98 frames.
WARNING (nnet3-chain-get-egs[5.5.0-e4329]:ProcessFile():nnet3-chain-get-egs.cc:134) Not producing egs for utterance pue_149_long_1288_hin-00002500-00005500-5 because it is too short: 98 frames.
WARNING (nnet3-chain-get-egs[5.5.0-e4329]:main():nnet3-chain-get-egs.cc:386) No pdf-level posterior for key pue_149_long_384_hin-00000000-00003000-3
LOG (lattice-align-phones[5.5.0-e4329]:main():lattice-align-phones.cc:104) Successfully aligned 6590 lattices; 0 had errors.
LOG (apply-cmvn[5.5.0-e4329]:main():apply-cmvn.cc:81) Copied 6547 utterances.
LOG (chain-get-supervision[5.5.0-e4329]:main():chain-get-supervision.cc:149) Generated chain supervision information for 6590 utterances, errors on 0
WARNING (nnet3-chain-get-egs[5.5.0-e4329]:main():nnet3-chain-get-egs.cc:435) 46 utterances had errors and could not be processed.
LOG (nnet3-chain-get-egs[5.5.0-e4329]:~UtteranceSplitter():nnet-example-utils.cc:357) Split 6542 utts, with total length 3739252 frames (10.3868 hours assuming 100 frames per second)
LOG (nnet3-chain-get-egs[5.5.0-e4329]:~UtteranceSplitter():nnet-example-utils.cc:366) Average chunk length was 136.431 frames; overlap between adjacent chunks was 0.892398% of input length; length of output was 100.545% of input length (minus overlap = 99.6525%).
LOG (nnet3-chain-get-egs[5.5.0-e4329]:~UtteranceSplitter():nnet-example-utils.cc:382) Output frames are distributed among chunk-sizes as follows: 102 = 13.85%, 141 = 71.13%, 162 = 15.02%
LOG (nnet3-chain-copy-egs[5.5.0-e4329]:main():nnet3-chain-copy-egs.cc:395) Read 27557 neural-network training examples, wrote 27557
# Accounting: time=182 threads=1
# Ended (code 0) at Fri May  3 19:07:49 IST 2019, elapsed time 182 seconds
