# lattice-align-phones --replace-output-symbols=true exp/chain/tri2_train_sp_lats/final.mdl "ark:gunzip -c exp/chain/tri2_train_sp_lats/lat.1.gz |" ark:- | chain-get-supervision --lattice-input=true --frame-subsampling-factor=3 --right-tolerance=5 --left-tolerance=5 exp/chain/tdnn1a_sp/tree exp/chain/tdnn1a_sp/0.trans_mdl ark:- ark:- | nnet3-chain-get-egs --online-ivectors=scp:exp/nnet3/ivectors_train_sp_hires/ivector_online.scp --online-ivector-period=10 --srand=$[1+0] --left-context=17 --right-context=11 --num-frames=140,100,160 --frame-subsampling-factor=3 --compress=true --left-context-initial=17 --right-context-final=11 --num-frames-overlap=0 "ark,s,cs:utils/filter_scp.pl --exclude exp/chain/tdnn1a_sp/egs/valid_uttlist data/train_sp_hires/split20/1/feats.scp | apply-cmvn --norm-means=false --norm-vars=false --utt2spk=ark:data/train_sp_hires/split20/1/utt2spk scp:data/train_sp_hires/split20/1/cmvn.scp scp:- ark:- |" ark,s,cs:- ark:- | nnet3-chain-copy-egs --random=true --srand=$[1+0] ark:- ark:exp/chain/tdnn1a_sp/egs/cegs_orig.1.1.ark ark:exp/chain/tdnn1a_sp/egs/cegs_orig.1.2.ark ark:exp/chain/tdnn1a_sp/egs/cegs_orig.1.3.ark ark:exp/chain/tdnn1a_sp/egs/cegs_orig.1.4.ark ark:exp/chain/tdnn1a_sp/egs/cegs_orig.1.5.ark ark:exp/chain/tdnn1a_sp/egs/cegs_orig.1.6.ark ark:exp/chain/tdnn1a_sp/egs/cegs_orig.1.7.ark ark:exp/chain/tdnn1a_sp/egs/cegs_orig.1.8.ark ark:exp/chain/tdnn1a_sp/egs/cegs_orig.1.9.ark ark:exp/chain/tdnn1a_sp/egs/cegs_orig.1.10.ark ark:exp/chain/tdnn1a_sp/egs/cegs_orig.1.11.ark ark:exp/chain/tdnn1a_sp/egs/cegs_orig.1.12.ark ark:exp/chain/tdnn1a_sp/egs/cegs_orig.1.13.ark ark:exp/chain/tdnn1a_sp/egs/cegs_orig.1.14.ark ark:exp/chain/tdnn1a_sp/egs/cegs_orig.1.15.ark ark:exp/chain/tdnn1a_sp/egs/cegs_orig.1.16.ark ark:exp/chain/tdnn1a_sp/egs/cegs_orig.1.17.ark ark:exp/chain/tdnn1a_sp/egs/cegs_orig.1.18.ark ark:exp/chain/tdnn1a_sp/egs/cegs_orig.1.19.ark ark:exp/chain/tdnn1a_sp/egs/cegs_orig.1.20.ark ark:exp/chain/tdnn1a_sp/egs/cegs_orig.1.21.ark ark:exp/chain/tdnn1a_sp/egs/cegs_orig.1.22.ark ark:exp/chain/tdnn1a_sp/egs/cegs_orig.1.23.ark ark:exp/chain/tdnn1a_sp/egs/cegs_orig.1.24.ark ark:exp/chain/tdnn1a_sp/egs/cegs_orig.1.25.ark ark:exp/chain/tdnn1a_sp/egs/cegs_orig.1.26.ark ark:exp/chain/tdnn1a_sp/egs/cegs_orig.1.27.ark 
# Started at Fri May  3 19:04:47 IST 2019
#
nnet3-chain-copy-egs --random=true --srand=1 ark:- ark:exp/chain/tdnn1a_sp/egs/cegs_orig.1.1.ark ark:exp/chain/tdnn1a_sp/egs/cegs_orig.1.2.ark ark:exp/chain/tdnn1a_sp/egs/cegs_orig.1.3.ark ark:exp/chain/tdnn1a_sp/egs/cegs_orig.1.4.ark ark:exp/chain/tdnn1a_sp/egs/cegs_orig.1.5.ark ark:exp/chain/tdnn1a_sp/egs/cegs_orig.1.6.ark ark:exp/chain/tdnn1a_sp/egs/cegs_orig.1.7.ark ark:exp/chain/tdnn1a_sp/egs/cegs_orig.1.8.ark ark:exp/chain/tdnn1a_sp/egs/cegs_orig.1.9.ark ark:exp/chain/tdnn1a_sp/egs/cegs_orig.1.10.ark ark:exp/chain/tdnn1a_sp/egs/cegs_orig.1.11.ark ark:exp/chain/tdnn1a_sp/egs/cegs_orig.1.12.ark ark:exp/chain/tdnn1a_sp/egs/cegs_orig.1.13.ark ark:exp/chain/tdnn1a_sp/egs/cegs_orig.1.14.ark ark:exp/chain/tdnn1a_sp/egs/cegs_orig.1.15.ark ark:exp/chain/tdnn1a_sp/egs/cegs_orig.1.16.ark ark:exp/chain/tdnn1a_sp/egs/cegs_orig.1.17.ark ark:exp/chain/tdnn1a_sp/egs/cegs_orig.1.18.ark ark:exp/chain/tdnn1a_sp/egs/cegs_orig.1.19.ark ark:exp/chain/tdnn1a_sp/egs/cegs_orig.1.20.ark ark:exp/chain/tdnn1a_sp/egs/cegs_orig.1.21.ark ark:exp/chain/tdnn1a_sp/egs/cegs_orig.1.22.ark ark:exp/chain/tdnn1a_sp/egs/cegs_orig.1.23.ark ark:exp/chain/tdnn1a_sp/egs/cegs_orig.1.24.ark ark:exp/chain/tdnn1a_sp/egs/cegs_orig.1.25.ark ark:exp/chain/tdnn1a_sp/egs/cegs_orig.1.26.ark ark:exp/chain/tdnn1a_sp/egs/cegs_orig.1.27.ark 
chain-get-supervision --lattice-input=true --frame-subsampling-factor=3 --right-tolerance=5 --left-tolerance=5 exp/chain/tdnn1a_sp/tree exp/chain/tdnn1a_sp/0.trans_mdl ark:- ark:- 
nnet3-chain-get-egs --online-ivectors=scp:exp/nnet3/ivectors_train_sp_hires/ivector_online.scp --online-ivector-period=10 --srand=1 --left-context=17 --right-context=11 --num-frames=140,100,160 --frame-subsampling-factor=3 --compress=true --left-context-initial=17 --right-context-final=11 --num-frames-overlap=0 'ark,s,cs:utils/filter_scp.pl --exclude exp/chain/tdnn1a_sp/egs/valid_uttlist data/train_sp_hires/split20/1/feats.scp | apply-cmvn --norm-means=false --norm-vars=false --utt2spk=ark:data/train_sp_hires/split20/1/utt2spk scp:data/train_sp_hires/split20/1/cmvn.scp scp:- ark:- |' ark,s,cs:- ark:- 
LOG (nnet3-chain-get-egs[5.5.0-e4329]:ComputeDerived():nnet-example-utils.cc:335) Rounding up --num-frames=140,100,160 to multiples of --frame-subsampling-factor=3, to: 141,102,162
lattice-align-phones --replace-output-symbols=true exp/chain/tri2_train_sp_lats/final.mdl 'ark:gunzip -c exp/chain/tri2_train_sp_lats/lat.1.gz |' ark:- 
apply-cmvn --norm-means=false --norm-vars=false --utt2spk=ark:data/train_sp_hires/split20/1/utt2spk scp:data/train_sp_hires/split20/1/cmvn.scp scp:- ark:- 
WARNING (nnet3-chain-get-egs[5.5.0-e4329]:ProcessFile():nnet3-chain-get-egs.cc:134) Not producing egs for utterance ahd_26_long_1012_hin-00002500-00005500-1 because it is too short: 98 frames.
WARNING (nnet3-chain-get-egs[5.5.0-e4329]:ProcessFile():nnet3-chain-get-egs.cc:134) Not producing egs for utterance ahd_28_long_540_hin-00002500-00005500-6 because it is too short: 100 frames.
WARNING (nnet3-chain-get-egs[5.5.0-e4329]:ProcessFile():nnet3-chain-get-egs.cc:134) Not producing egs for utterance ahd_29_long_144_hin-00002500-00005500-1 because it is too short: 98 frames.
WARNING (nnet3-chain-get-egs[5.5.0-e4329]:ProcessFile():nnet3-chain-get-egs.cc:134) Not producing egs for utterance ahd_30_long_492_hin-00007500-00010824-1 because it is too short: 98 frames.
WARNING (nnet3-chain-get-egs[5.5.0-e4329]:ProcessFile():nnet3-chain-get-egs.cc:134) Not producing egs for utterance ahd_31_long_1366_hin-00002500-00005500-6 because it is too short: 101 frames.
WARNING (nnet3-chain-get-egs[5.5.0-e4329]:ProcessFile():nnet3-chain-get-egs.cc:134) Not producing egs for utterance ahd_32_long_1336_hin-00002500-00005500-6 because it is too short: 98 frames.
WARNING (nnet3-chain-get-egs[5.5.0-e4329]:ProcessFile():nnet3-chain-get-egs.cc:134) Not producing egs for utterance ahd_34_long_1341_hin-00005000-00008000-5 because it is too short: 98 frames.
WARNING (nnet3-chain-get-egs[5.5.0-e4329]:ProcessFile():nnet3-chain-get-egs.cc:134) Not producing egs for utterance ahd_34_long_178_hin-00005000-00008000-6 because it is too short: 98 frames.
WARNING (nnet3-chain-get-egs[5.5.0-e4329]:ProcessFile():nnet3-chain-get-egs.cc:134) Not producing egs for utterance ahd_41_long_1323_hin-00007500-00011352-5 because it is too short: 98 frames.
WARNING (nnet3-chain-get-egs[5.5.0-e4329]:ProcessFile():nnet3-chain-get-egs.cc:134) Not producing egs for utterance ahd_46_long_1053_hin-00000000-00003000-5 because it is too short: 99 frames.
WARNING (nnet3-chain-get-egs[5.5.0-e4329]:ProcessFile():nnet3-chain-get-egs.cc:134) Not producing egs for utterance ahd_49_long_1149_hin-00002500-00005500-1 because it is too short: 98 frames.
WARNING (nnet3-chain-get-egs[5.5.0-e4329]:ProcessFile():nnet3-chain-get-egs.cc:134) Not producing egs for utterance ahd_50_long_310_hin-00000000-00003000-5 because it is too short: 98 frames.
WARNING (nnet3-chain-get-egs[5.5.0-e4329]:ProcessFile():nnet3-chain-get-egs.cc:134) Not producing egs for utterance ahd_52_long_1070_hin-00000000-00003000-5 because it is too short: 98 frames.
WARNING (nnet3-chain-get-egs[5.5.0-e4329]:ProcessFile():nnet3-chain-get-egs.cc:134) Not producing egs for utterance ahd_52_long_1070_hin-00010000-00013000-4 because it is too short: 101 frames.
WARNING (nnet3-chain-get-egs[5.5.0-e4329]:main():nnet3-chain-get-egs.cc:386) No pdf-level posterior for key ahd_543_long_1151_hin-00000000-00003000-2
WARNING (nnet3-chain-get-egs[5.5.0-e4329]:main():nnet3-chain-get-egs.cc:386) No pdf-level posterior for key ahd_543_long_1286_hin-00000000-00003000-1
WARNING (nnet3-chain-get-egs[5.5.0-e4329]:ProcessFile():nnet3-chain-get-egs.cc:134) Not producing egs for utterance ahd_545_long_1177_hin-00002500-00005500-5 because it is too short: 98 frames.
WARNING (nnet3-chain-get-egs[5.5.0-e4329]:ProcessFile():nnet3-chain-get-egs.cc:134) Not producing egs for utterance ahd_546_long_519_hin-00000000-00003000-5 because it is too short: 98 frames.
WARNING (nnet3-chain-get-egs[5.5.0-e4329]:ProcessFile():nnet3-chain-get-egs.cc:134) Not producing egs for utterance ahd_548_long_1284_hin-00002500-00005500-2 because it is too short: 98 frames.
WARNING (nnet3-chain-get-egs[5.5.0-e4329]:ProcessFile():nnet3-chain-get-egs.cc:134) Not producing egs for utterance ahd_550_long_1095_hin-00005000-00008000-6 because it is too short: 98 frames.
WARNING (nnet3-chain-get-egs[5.5.0-e4329]:ProcessFile():nnet3-chain-get-egs.cc:134) Not producing egs for utterance ahd_550_long_1137_hin-00005000-00008000-6 because it is too short: 98 frames.
WARNING (nnet3-chain-get-egs[5.5.0-e4329]:ProcessFile():nnet3-chain-get-egs.cc:134) Not producing egs for utterance ahd_550_long_1137_hin-00010000-00013000-5 because it is too short: 98 frames.
WARNING (nnet3-chain-get-egs[5.5.0-e4329]:ProcessFile():nnet3-chain-get-egs.cc:134) Not producing egs for utterance ahd_554_long_1331_hin-00000000-00003000-5 because it is too short: 98 frames.
WARNING (nnet3-chain-get-egs[5.5.0-e4329]:main():nnet3-chain-get-egs.cc:386) No pdf-level posterior for key ahd_555_long_1372_hin-00005000-00009168-7
WARNING (nnet3-chain-get-egs[5.5.0-e4329]:ProcessFile():nnet3-chain-get-egs.cc:134) Not producing egs for utterance ahd_555_long_524_hin-00000000-00003000-4 because it is too short: 98 frames.
WARNING (nnet3-chain-get-egs[5.5.0-e4329]:ProcessFile():nnet3-chain-get-egs.cc:134) Not producing egs for utterance ahd_556_long_26_hin-00000000-00003000-5 because it is too short: 98 frames.
WARNING (nnet3-chain-get-egs[5.5.0-e4329]:ProcessFile():nnet3-chain-get-egs.cc:134) Not producing egs for utterance ahd_556_long_373_hin-00005000-00008000-4 because it is too short: 98 frames.
WARNING (nnet3-chain-get-egs[5.5.0-e4329]:ProcessFile():nnet3-chain-get-egs.cc:134) Not producing egs for utterance ahd_557_long_561_hin-00007500-00010840-1 because it is too short: 99 frames.
WARNING (nnet3-chain-get-egs[5.5.0-e4329]:ProcessFile():nnet3-chain-get-egs.cc:134) Not producing egs for utterance ahd_55_long_56_hin-00002500-00005500-4 because it is too short: 98 frames.
WARNING (nnet3-chain-get-egs[5.5.0-e4329]:ProcessFile():nnet3-chain-get-egs.cc:134) Not producing egs for utterance ahd_561_long_182_hin-00007500-00011104-1 because it is too short: 98 frames.
WARNING (nnet3-chain-get-egs[5.5.0-e4329]:ProcessFile():nnet3-chain-get-egs.cc:134) Not producing egs for utterance ahd_562_long_111_hin-00002500-00005500-4 because it is too short: 98 frames.
WARNING (nnet3-chain-get-egs[5.5.0-e4329]:ProcessFile():nnet3-chain-get-egs.cc:134) Not producing egs for utterance bbs_431_long_48_hin-00005000-00008000-1 because it is too short: 98 frames.
WARNING (nnet3-chain-get-egs[5.5.0-e4329]:ProcessFile():nnet3-chain-get-egs.cc:134) Not producing egs for utterance bbs_432_long_76_hin-00010000-00013088-3 because it is too short: 98 frames.
WARNING (nnet3-chain-get-egs[5.5.0-e4329]:ProcessFile():nnet3-chain-get-egs.cc:134) Not producing egs for utterance bbs_455_long_1079_hin-00005000-00009314-1 because it is too short: 98 frames.
WARNING (nnet3-chain-get-egs[5.5.0-e4329]:ProcessFile():nnet3-chain-get-egs.cc:134) Not producing egs for utterance bbs_484_long_1193_hin-00005000-00008000-2 because it is too short: 100 frames.
WARNING (nnet3-chain-get-egs[5.5.0-e4329]:ProcessFile():nnet3-chain-get-egs.cc:134) Not producing egs for utterance bbs_484_long_144_hin-00002500-00005500-3 because it is too short: 98 frames.
WARNING (nnet3-chain-get-egs[5.5.0-e4329]:ProcessFile():nnet3-chain-get-egs.cc:134) Not producing egs for utterance bbs_486_long_381_hin-00010000-00013000-5 because it is too short: 98 frames.
WARNING (nnet3-chain-get-egs[5.5.0-e4329]:ProcessFile():nnet3-chain-get-egs.cc:134) Not producing egs for utterance bbs_486_long_6_hin-00002500-00005500-5 because it is too short: 98 frames.
LOG (lattice-align-phones[5.5.0-e4329]:main():lattice-align-phones.cc:104) Successfully aligned 6608 lattices; 0 had errors.
LOG (apply-cmvn[5.5.0-e4329]:main():apply-cmvn.cc:81) Copied 6567 utterances.
LOG (chain-get-supervision[5.5.0-e4329]:main():chain-get-supervision.cc:149) Generated chain supervision information for 6608 utterances, errors on 0
WARNING (nnet3-chain-get-egs[5.5.0-e4329]:main():nnet3-chain-get-egs.cc:435) 38 utterances had errors and could not be processed.
LOG (nnet3-chain-get-egs[5.5.0-e4329]:~UtteranceSplitter():nnet-example-utils.cc:357) Split 6564 utts, with total length 3932704 frames (10.9242 hours assuming 100 frames per second)
LOG (nnet3-chain-get-egs[5.5.0-e4329]:~UtteranceSplitter():nnet-example-utils.cc:366) Average chunk length was 136.697 frames; overlap between adjacent chunks was 0.85323% of input length; length of output was 100.561% of input length (minus overlap = 99.708%).
LOG (nnet3-chain-get-egs[5.5.0-e4329]:~UtteranceSplitter():nnet-example-utils.cc:382) Output frames are distributed among chunk-sizes as follows: 102 = 13.25%, 141 = 71.97%, 162 = 14.79%
LOG (nnet3-chain-copy-egs[5.5.0-e4329]:main():nnet3-chain-copy-egs.cc:395) Read 28931 neural-network training examples, wrote 28931
# Accounting: time=184 threads=1
# Ended (code 0) at Fri May  3 19:07:51 IST 2019, elapsed time 184 seconds
