# lattice-align-phones --replace-output-symbols=true exp/chain/tri2_train_sp_lats/final.mdl "ark:gunzip -c exp/chain/tri2_train_sp_lats/lat.15.gz |" ark:- | chain-get-supervision --lattice-input=true --frame-subsampling-factor=3 --right-tolerance=5 --left-tolerance=5 exp/chain/tdnn1a_sp/tree exp/chain/tdnn1a_sp/0.trans_mdl ark:- ark:- | nnet3-chain-get-egs --online-ivectors=scp:exp/nnet3/ivectors_train_sp_hires/ivector_online.scp --online-ivector-period=10 --srand=$[15+0] --left-context=17 --right-context=11 --num-frames=140,100,160 --frame-subsampling-factor=3 --compress=true --left-context-initial=17 --right-context-final=11 --num-frames-overlap=0 "ark,s,cs:utils/filter_scp.pl --exclude exp/chain/tdnn1a_sp/egs/valid_uttlist data/train_sp_hires/split20/15/feats.scp | apply-cmvn --norm-means=false --norm-vars=false --utt2spk=ark:data/train_sp_hires/split20/15/utt2spk scp:data/train_sp_hires/split20/15/cmvn.scp scp:- ark:- |" ark,s,cs:- ark:- | nnet3-chain-copy-egs --random=true --srand=$[15+0] ark:- ark:exp/chain/tdnn1a_sp/egs/cegs_orig.15.1.ark ark:exp/chain/tdnn1a_sp/egs/cegs_orig.15.2.ark ark:exp/chain/tdnn1a_sp/egs/cegs_orig.15.3.ark ark:exp/chain/tdnn1a_sp/egs/cegs_orig.15.4.ark ark:exp/chain/tdnn1a_sp/egs/cegs_orig.15.5.ark ark:exp/chain/tdnn1a_sp/egs/cegs_orig.15.6.ark ark:exp/chain/tdnn1a_sp/egs/cegs_orig.15.7.ark ark:exp/chain/tdnn1a_sp/egs/cegs_orig.15.8.ark ark:exp/chain/tdnn1a_sp/egs/cegs_orig.15.9.ark ark:exp/chain/tdnn1a_sp/egs/cegs_orig.15.10.ark ark:exp/chain/tdnn1a_sp/egs/cegs_orig.15.11.ark ark:exp/chain/tdnn1a_sp/egs/cegs_orig.15.12.ark ark:exp/chain/tdnn1a_sp/egs/cegs_orig.15.13.ark ark:exp/chain/tdnn1a_sp/egs/cegs_orig.15.14.ark ark:exp/chain/tdnn1a_sp/egs/cegs_orig.15.15.ark ark:exp/chain/tdnn1a_sp/egs/cegs_orig.15.16.ark ark:exp/chain/tdnn1a_sp/egs/cegs_orig.15.17.ark ark:exp/chain/tdnn1a_sp/egs/cegs_orig.15.18.ark ark:exp/chain/tdnn1a_sp/egs/cegs_orig.15.19.ark ark:exp/chain/tdnn1a_sp/egs/cegs_orig.15.20.ark ark:exp/chain/tdnn1a_sp/egs/cegs_orig.15.21.ark ark:exp/chain/tdnn1a_sp/egs/cegs_orig.15.22.ark ark:exp/chain/tdnn1a_sp/egs/cegs_orig.15.23.ark ark:exp/chain/tdnn1a_sp/egs/cegs_orig.15.24.ark ark:exp/chain/tdnn1a_sp/egs/cegs_orig.15.25.ark ark:exp/chain/tdnn1a_sp/egs/cegs_orig.15.26.ark ark:exp/chain/tdnn1a_sp/egs/cegs_orig.15.27.ark 
# Started at Fri May  3 19:04:47 IST 2019
#
nnet3-chain-copy-egs --random=true --srand=15 ark:- ark:exp/chain/tdnn1a_sp/egs/cegs_orig.15.1.ark ark:exp/chain/tdnn1a_sp/egs/cegs_orig.15.2.ark ark:exp/chain/tdnn1a_sp/egs/cegs_orig.15.3.ark ark:exp/chain/tdnn1a_sp/egs/cegs_orig.15.4.ark ark:exp/chain/tdnn1a_sp/egs/cegs_orig.15.5.ark ark:exp/chain/tdnn1a_sp/egs/cegs_orig.15.6.ark ark:exp/chain/tdnn1a_sp/egs/cegs_orig.15.7.ark ark:exp/chain/tdnn1a_sp/egs/cegs_orig.15.8.ark ark:exp/chain/tdnn1a_sp/egs/cegs_orig.15.9.ark ark:exp/chain/tdnn1a_sp/egs/cegs_orig.15.10.ark ark:exp/chain/tdnn1a_sp/egs/cegs_orig.15.11.ark ark:exp/chain/tdnn1a_sp/egs/cegs_orig.15.12.ark ark:exp/chain/tdnn1a_sp/egs/cegs_orig.15.13.ark ark:exp/chain/tdnn1a_sp/egs/cegs_orig.15.14.ark ark:exp/chain/tdnn1a_sp/egs/cegs_orig.15.15.ark ark:exp/chain/tdnn1a_sp/egs/cegs_orig.15.16.ark ark:exp/chain/tdnn1a_sp/egs/cegs_orig.15.17.ark ark:exp/chain/tdnn1a_sp/egs/cegs_orig.15.18.ark ark:exp/chain/tdnn1a_sp/egs/cegs_orig.15.19.ark ark:exp/chain/tdnn1a_sp/egs/cegs_orig.15.20.ark ark:exp/chain/tdnn1a_sp/egs/cegs_orig.15.21.ark ark:exp/chain/tdnn1a_sp/egs/cegs_orig.15.22.ark ark:exp/chain/tdnn1a_sp/egs/cegs_orig.15.23.ark ark:exp/chain/tdnn1a_sp/egs/cegs_orig.15.24.ark ark:exp/chain/tdnn1a_sp/egs/cegs_orig.15.25.ark ark:exp/chain/tdnn1a_sp/egs/cegs_orig.15.26.ark ark:exp/chain/tdnn1a_sp/egs/cegs_orig.15.27.ark 
chain-get-supervision --lattice-input=true --frame-subsampling-factor=3 --right-tolerance=5 --left-tolerance=5 exp/chain/tdnn1a_sp/tree exp/chain/tdnn1a_sp/0.trans_mdl ark:- ark:- 
nnet3-chain-get-egs --online-ivectors=scp:exp/nnet3/ivectors_train_sp_hires/ivector_online.scp --online-ivector-period=10 --srand=15 --left-context=17 --right-context=11 --num-frames=140,100,160 --frame-subsampling-factor=3 --compress=true --left-context-initial=17 --right-context-final=11 --num-frames-overlap=0 'ark,s,cs:utils/filter_scp.pl --exclude exp/chain/tdnn1a_sp/egs/valid_uttlist data/train_sp_hires/split20/15/feats.scp | apply-cmvn --norm-means=false --norm-vars=false --utt2spk=ark:data/train_sp_hires/split20/15/utt2spk scp:data/train_sp_hires/split20/15/cmvn.scp scp:- ark:- |' ark,s,cs:- ark:- 
LOG (nnet3-chain-get-egs[5.5.0-e4329]:ComputeDerived():nnet-example-utils.cc:335) Rounding up --num-frames=140,100,160 to multiples of --frame-subsampling-factor=3, to: 141,102,162
lattice-align-phones --replace-output-symbols=true exp/chain/tri2_train_sp_lats/final.mdl 'ark:gunzip -c exp/chain/tri2_train_sp_lats/lat.15.gz |' ark:- 
apply-cmvn --norm-means=false --norm-vars=false --utt2spk=ark:data/train_sp_hires/split20/15/utt2spk scp:data/train_sp_hires/split20/15/cmvn.scp scp:- ark:- 
WARNING (nnet3-chain-get-egs[5.5.0-e4329]:ProcessFile():nnet3-chain-get-egs.cc:134) Not producing egs for utterance sp1.1-ahd_55_long_56_hin-00002500-00005500-4 because it is too short: 89 frames.
WARNING (nnet3-chain-get-egs[5.5.0-e4329]:ProcessFile():nnet3-chain-get-egs.cc:134) Not producing egs for utterance sp1.1-ahd_55_long_56_hin-00002500-00005500-6 because it is too short: 100 frames.
WARNING (nnet3-chain-get-egs[5.5.0-e4329]:ProcessFile():nnet3-chain-get-egs.cc:134) Not producing egs for utterance sp1.1-ahd_55_long_56_hin-00007500-00010500-1 because it is too short: 93 frames.
WARNING (nnet3-chain-get-egs[5.5.0-e4329]:ProcessFile():nnet3-chain-get-egs.cc:134) Not producing egs for utterance sp1.1-ahd_561_long_182_hin-00007500-00011104-1 because it is too short: 89 frames.
WARNING (nnet3-chain-get-egs[5.5.0-e4329]:ProcessFile():nnet3-chain-get-egs.cc:134) Not producing egs for utterance sp1.1-ahd_561_long_182_hin-00007500-00011104-3 because it is too short: 94 frames.
WARNING (nnet3-chain-get-egs[5.5.0-e4329]:ProcessFile():nnet3-chain-get-egs.cc:134) Not producing egs for utterance sp1.1-ahd_562_long_111_hin-00000000-00003000-4 because it is too short: 100 frames.
WARNING (nnet3-chain-get-egs[5.5.0-e4329]:ProcessFile():nnet3-chain-get-egs.cc:134) Not producing egs for utterance sp1.1-ahd_562_long_111_hin-00002500-00005500-4 because it is too short: 89 frames.
WARNING (nnet3-chain-get-egs[5.5.0-e4329]:ProcessFile():nnet3-chain-get-egs.cc:134) Not producing egs for utterance sp1.1-ahd_562_long_539_hin-00005000-00008000-1 because it is too short: 93 frames.
WARNING (nnet3-chain-get-egs[5.5.0-e4329]:ProcessFile():nnet3-chain-get-egs.cc:134) Not producing egs for utterance sp1.1-ahd_563_long_1196_hin-00007500-00010464-2 because it is too short: 93 frames.
WARNING (nnet3-chain-get-egs[5.5.0-e4329]:main():nnet3-chain-get-egs.cc:386) No pdf-level posterior for key sp1.1-ahd_564_long_308_hin-00005000-00008000-3
WARNING (nnet3-chain-get-egs[5.5.0-e4329]:ProcessFile():nnet3-chain-get-egs.cc:134) Not producing egs for utterance sp1.1-ahd_568_long_9_hin-00005000-00008000-1 because it is too short: 93 frames.
WARNING (nnet3-chain-get-egs[5.5.0-e4329]:ProcessFile():nnet3-chain-get-egs.cc:134) Not producing egs for utterance sp1.1-ahd_569_long_559_hin-00002500-00005500-6 because it is too short: 92 frames.
WARNING (nnet3-chain-get-egs[5.5.0-e4329]:ProcessFile():nnet3-chain-get-egs.cc:134) Not producing egs for utterance sp1.1-ahd_570_long_1244_hin-00005000-00008083-1 because it is too short: 93 frames.
WARNING (nnet3-chain-get-egs[5.5.0-e4329]:ProcessFile():nnet3-chain-get-egs.cc:134) Not producing egs for utterance sp1.1-ahd_570_long_1342_hin-00005000-00007648-1 because it is too short: 93 frames.
WARNING (nnet3-chain-get-egs[5.5.0-e4329]:ProcessFile():nnet3-chain-get-egs.cc:134) Not producing egs for utterance sp1.1-bbs_431_long_48_hin-00005000-00008000-1 because it is too short: 89 frames.
WARNING (nnet3-chain-get-egs[5.5.0-e4329]:ProcessFile():nnet3-chain-get-egs.cc:134) Not producing egs for utterance sp1.1-bbs_432_long_76_hin-00010000-00013088-3 because it is too short: 89 frames.
WARNING (nnet3-chain-get-egs[5.5.0-e4329]:ProcessFile():nnet3-chain-get-egs.cc:134) Not producing egs for utterance sp1.1-bbs_455_long_1079_hin-00005000-00009314-1 because it is too short: 89 frames.
WARNING (nnet3-chain-get-egs[5.5.0-e4329]:ProcessFile():nnet3-chain-get-egs.cc:134) Not producing egs for utterance sp1.1-bbs_455_long_429_hin-00005000-00008582-5 because it is too short: 98 frames.
WARNING (nnet3-chain-get-egs[5.5.0-e4329]:ProcessFile():nnet3-chain-get-egs.cc:134) Not producing egs for utterance sp1.1-bbs_456_long_572_hin-00002500-00005500-1 because it is too short: 92 frames.
WARNING (nnet3-chain-get-egs[5.5.0-e4329]:ProcessFile():nnet3-chain-get-egs.cc:134) Not producing egs for utterance sp1.1-bbs_457_long_516_hin-00000000-00003000-6 because it is too short: 100 frames.
WARNING (nnet3-chain-get-egs[5.5.0-e4329]:ProcessFile():nnet3-chain-get-egs.cc:134) Not producing egs for utterance sp1.1-bbs_484_long_1193_hin-00005000-00008000-2 because it is too short: 91 frames.
WARNING (nnet3-chain-get-egs[5.5.0-e4329]:ProcessFile():nnet3-chain-get-egs.cc:134) Not producing egs for utterance sp1.1-bbs_484_long_144_hin-00002500-00005500-3 because it is too short: 88 frames.
WARNING (nnet3-chain-get-egs[5.5.0-e4329]:ProcessFile():nnet3-chain-get-egs.cc:134) Not producing egs for utterance sp1.1-bbs_484_long_351_hin-00007500-00011080-1 because it is too short: 93 frames.
WARNING (nnet3-chain-get-egs[5.5.0-e4329]:ProcessFile():nnet3-chain-get-egs.cc:134) Not producing egs for utterance sp1.1-bbs_485_long_1227_hin-00005000-00008496-6 because it is too short: 95 frames.
WARNING (nnet3-chain-get-egs[5.5.0-e4329]:ProcessFile():nnet3-chain-get-egs.cc:134) Not producing egs for utterance sp1.1-bbs_486_long_381_hin-00010000-00013000-5 because it is too short: 89 frames.
WARNING (nnet3-chain-get-egs[5.5.0-e4329]:ProcessFile():nnet3-chain-get-egs.cc:134) Not producing egs for utterance sp1.1-bbs_486_long_6_hin-00002500-00005500-5 because it is too short: 89 frames.
WARNING (nnet3-chain-get-egs[5.5.0-e4329]:ProcessFile():nnet3-chain-get-egs.cc:134) Not producing egs for utterance sp1.1-bbs_487_long_54_hin-00005000-00008000-5 because it is too short: 89 frames.
WARNING (nnet3-chain-get-egs[5.5.0-e4329]:ProcessFile():nnet3-chain-get-egs.cc:134) Not producing egs for utterance sp1.1-bbs_488_long_28_hin-00002500-00005500-4 because it is too short: 89 frames.
WARNING (nnet3-chain-get-egs[5.5.0-e4329]:ProcessFile():nnet3-chain-get-egs.cc:134) Not producing egs for utterance sp1.1-bbs_488_long_451_hin-00002500-00005500-1 because it is too short: 94 frames.
WARNING (nnet3-chain-get-egs[5.5.0-e4329]:ProcessFile():nnet3-chain-get-egs.cc:134) Not producing egs for utterance sp1.1-bbs_488_long_510_hin-00000000-00003000-4 because it is too short: 90 frames.
WARNING (nnet3-chain-get-egs[5.5.0-e4329]:ProcessFile():nnet3-chain-get-egs.cc:134) Not producing egs for utterance sp1.1-bbs_490_long_387_hin-00007500-00010500-1 because it is too short: 90 frames.
WARNING (nnet3-chain-get-egs[5.5.0-e4329]:ProcessFile():nnet3-chain-get-egs.cc:134) Not producing egs for utterance sp1.1-cdg_151_long_270_hin-00002500-00005500-1 because it is too short: 94 frames.
WARNING (nnet3-chain-get-egs[5.5.0-e4329]:ProcessFile():nnet3-chain-get-egs.cc:134) Not producing egs for utterance sp1.1-cdg_152_long_75_hin-00002500-00005500-1 because it is too short: 89 frames.
WARNING (nnet3-chain-get-egs[5.5.0-e4329]:ProcessFile():nnet3-chain-get-egs.cc:134) Not producing egs for utterance sp1.1-cdg_153_long_1221_hin-00000000-00003000-5 because it is too short: 89 frames.
WARNING (nnet3-chain-get-egs[5.5.0-e4329]:ProcessFile():nnet3-chain-get-egs.cc:134) Not producing egs for utterance sp1.1-cdg_154_long_371_hin-00002500-00005500-1 because it is too short: 93 frames.
WARNING (nnet3-chain-get-egs[5.5.0-e4329]:main():nnet3-chain-get-egs.cc:386) No pdf-level posterior for key sp1.1-cdg_201_long_1327_hin-00002500-00006824-3
WARNING (nnet3-chain-get-egs[5.5.0-e4329]:ProcessFile():nnet3-chain-get-egs.cc:134) Not producing egs for utterance sp1.1-cdg_201_long_543_hin-00002500-00005500-3 because it is too short: 89 frames.
WARNING (nnet3-chain-get-egs[5.5.0-e4329]:ProcessFile():nnet3-chain-get-egs.cc:134) Not producing egs for utterance sp1.1-cdg_202_long_230_hin-00002500-00005500-1 because it is too short: 93 frames.
WARNING (nnet3-chain-get-egs[5.5.0-e4329]:ProcessFile():nnet3-chain-get-egs.cc:134) Not producing egs for utterance sp1.1-cdg_203_long_1179_hin-00002500-00005500-6 because it is too short: 100 frames.
WARNING (nnet3-chain-get-egs[5.5.0-e4329]:ProcessFile():nnet3-chain-get-egs.cc:134) Not producing egs for utterance sp1.1-cdg_203_long_1240_hin-00002500-00005500-6 because it is too short: 96 frames.
WARNING (nnet3-chain-get-egs[5.5.0-e4329]:ProcessFile():nnet3-chain-get-egs.cc:134) Not producing egs for utterance sp1.1-cdg_203_long_371_hin-00002500-00005500-7 because it is too short: 94 frames.
WARNING (nnet3-chain-get-egs[5.5.0-e4329]:ProcessFile():nnet3-chain-get-egs.cc:134) Not producing egs for utterance sp1.1-cdg_204_long_493_hin-00000000-00003000-2 because it is too short: 95 frames.
WARNING (nnet3-chain-get-egs[5.5.0-e4329]:ProcessFile():nnet3-chain-get-egs.cc:134) Not producing egs for utterance sp1.1-cdg_204_long_569_hin-00005000-00009306-3 because it is too short: 100 frames.
WARNING (nnet3-chain-get-egs[5.5.0-e4329]:ProcessFile():nnet3-chain-get-egs.cc:134) Not producing egs for utterance sp1.1-cdg_208_long_1101_hin-00002500-00006976-6 because it is too short: 89 frames.
WARNING (nnet3-chain-get-egs[5.5.0-e4329]:ProcessFile():nnet3-chain-get-egs.cc:134) Not producing egs for utterance sp1.1-cdg_208_long_1237_hin-00002500-00006362-2 because it is too short: 95 frames.
WARNING (nnet3-chain-get-egs[5.5.0-e4329]:ProcessFile():nnet3-chain-get-egs.cc:134) Not producing egs for utterance sp1.1-cdg_209_long_1138_hin-00005000-00007270-5 because it is too short: 94 frames.
WARNING (nnet3-chain-get-egs[5.5.0-e4329]:ProcessFile():nnet3-chain-get-egs.cc:134) Not producing egs for utterance sp1.1-cdg_211_long_1189_hin-00002500-00005500-1 because it is too short: 93 frames.
WARNING (nnet3-chain-get-egs[5.5.0-e4329]:main():nnet3-chain-get-egs.cc:386) No pdf-level posterior for key sp1.1-cdg_211_long_173_hin-00000000-00003000-2
WARNING (nnet3-chain-get-egs[5.5.0-e4329]:main():nnet3-chain-get-egs.cc:386) No pdf-level posterior for key sp1.1-cdg_211_long_173_hin-00002500-00004787-2
WARNING (nnet3-chain-get-egs[5.5.0-e4329]:ProcessFile():nnet3-chain-get-egs.cc:134) Not producing egs for utterance sp1.1-cdg_211_long_389_hin-00002500-00005500-1 because it is too short: 92 frames.
WARNING (nnet3-chain-get-egs[5.5.0-e4329]:ProcessFile():nnet3-chain-get-egs.cc:134) Not producing egs for utterance sp1.1-cdg_212_long_343_hin-00002500-00005500-3 because it is too short: 91 frames.
WARNING (nnet3-chain-get-egs[5.5.0-e4329]:ProcessFile():nnet3-chain-get-egs.cc:134) Not producing egs for utterance sp1.1-cdg_212_long_343_hin-00002500-00005500-4 because it is too short: 89 frames.
WARNING (nnet3-chain-get-egs[5.5.0-e4329]:ProcessFile():nnet3-chain-get-egs.cc:134) Not producing egs for utterance sp1.1-cdg_214_long_394_hin-00000000-00003000-4 because it is too short: 91 frames.
WARNING (nnet3-chain-get-egs[5.5.0-e4329]:ProcessFile():nnet3-chain-get-egs.cc:134) Not producing egs for utterance sp1.1-cdg_222_long_175_hin-00002500-00005500-5 because it is too short: 94 frames.
WARNING (nnet3-chain-get-egs[5.5.0-e4329]:ProcessFile():nnet3-chain-get-egs.cc:134) Not producing egs for utterance sp1.1-cdg_226_long_126_hin-00002500-00005500-1 because it is too short: 94 frames.
WARNING (nnet3-chain-get-egs[5.5.0-e4329]:ProcessFile():nnet3-chain-get-egs.cc:134) Not producing egs for utterance sp1.1-cdg_226_long_126_hin-00005000-00009498-6 because it is too short: 91 frames.
WARNING (nnet3-chain-get-egs[5.5.0-e4329]:ProcessFile():nnet3-chain-get-egs.cc:134) Not producing egs for utterance sp1.1-cdg_227_long_507_hin-00002500-00005500-5 because it is too short: 89 frames.
WARNING (nnet3-chain-get-egs[5.5.0-e4329]:ProcessFile():nnet3-chain-get-egs.cc:134) Not producing egs for utterance sp1.1-cdg_231_long_375_hin-00000000-00003000-6 because it is too short: 89 frames.
WARNING (nnet3-chain-get-egs[5.5.0-e4329]:ProcessFile():nnet3-chain-get-egs.cc:134) Not producing egs for utterance sp1.1-cdg_234_long_557_hin-00002500-00006566-1 because it is too short: 94 frames.
WARNING (nnet3-chain-get-egs[5.5.0-e4329]:main():nnet3-chain-get-egs.cc:386) No pdf-level posterior for key sp1.1-cdg_235_long_385_hin-00000000-00003000-1
WARNING (nnet3-chain-get-egs[5.5.0-e4329]:ProcessFile():nnet3-chain-get-egs.cc:134) Not producing egs for utterance sp1.1-cdg_241_long_1185_hin-00002500-00005500-1 because it is too short: 95 frames.
WARNING (nnet3-chain-get-egs[5.5.0-e4329]:main():nnet3-chain-get-egs.cc:386) No pdf-level posterior for key sp1.1-cdg_241_long_1330_hin-00002500-00005500-2
WARNING (nnet3-chain-get-egs[5.5.0-e4329]:ProcessFile():nnet3-chain-get-egs.cc:134) Not producing egs for utterance sp1.1-cdg_243_long_1358_hin-00002500-00005500-1 because it is too short: 94 frames.
WARNING (nnet3-chain-get-egs[5.5.0-e4329]:main():nnet3-chain-get-egs.cc:386) No pdf-level posterior for key sp1.1-cdg_243_long_300_hin-00005000-00008947-1
WARNING (nnet3-chain-get-egs[5.5.0-e4329]:ProcessFile():nnet3-chain-get-egs.cc:134) Not producing egs for utterance sp1.1-cdg_245_long_24_hin-00000000-00003000-5 because it is too short: 89 frames.
WARNING (nnet3-chain-get-egs[5.5.0-e4329]:ProcessFile():nnet3-chain-get-egs.cc:134) Not producing egs for utterance sp1.1-cdg_272_long_497_hin-00002500-00005500-1 because it is too short: 89 frames.
WARNING (nnet3-chain-get-egs[5.5.0-e4329]:ProcessFile():nnet3-chain-get-egs.cc:134) Not producing egs for utterance sp1.1-cdg_274_long_498_hin-00000000-00003000-7 because it is too short: 89 frames.
WARNING (nnet3-chain-get-egs[5.5.0-e4329]:main():nnet3-chain-get-egs.cc:386) No pdf-level posterior for key sp1.1-cdg_76_long_100_hin-00002500-00006259-1
WARNING (nnet3-chain-get-egs[5.5.0-e4329]:ProcessFile():nnet3-chain-get-egs.cc:134) Not producing egs for utterance sp1.1-cdg_77_long_1340_hin-00002500-00005500-1 because it is too short: 93 frames.
WARNING (nnet3-chain-get-egs[5.5.0-e4329]:ProcessFile():nnet3-chain-get-egs.cc:134) Not producing egs for utterance sp1.1-cdg_78_long_143_hin-00000000-00003000-4 because it is too short: 89 frames.
WARNING (nnet3-chain-get-egs[5.5.0-e4329]:ProcessFile():nnet3-chain-get-egs.cc:134) Not producing egs for utterance sp1.1-dli_375_long_1067_hin-00005000-00007672-1 because it is too short: 100 frames.
WARNING (nnet3-chain-get-egs[5.5.0-e4329]:ProcessFile():nnet3-chain-get-egs.cc:134) Not producing egs for utterance sp1.1-dli_377_long_1183_hin-00005000-00008000-5 because it is too short: 92 frames.
WARNING (nnet3-chain-get-egs[5.5.0-e4329]:ProcessFile():nnet3-chain-get-egs.cc:134) Not producing egs for utterance sp1.1-dli_377_long_36_hin-00000000-00003000-6 because it is too short: 89 frames.
WARNING (nnet3-chain-get-egs[5.5.0-e4329]:ProcessFile():nnet3-chain-get-egs.cc:134) Not producing egs for utterance sp1.1-dli_378_long_165_hin-00007500-00010176-1 because it is too short: 89 frames.
WARNING (nnet3-chain-get-egs[5.5.0-e4329]:ProcessFile():nnet3-chain-get-egs.cc:134) Not producing egs for utterance sp1.1-dli_378_long_36_hin-00000000-00003000-6 because it is too short: 89 frames.
LOG (lattice-align-phones[5.5.0-e4329]:main():lattice-align-phones.cc:104) Successfully aligned 6558 lattices; 0 had errors.
LOG (apply-cmvn[5.5.0-e4329]:main():apply-cmvn.cc:81) Copied 6522 utterances.
LOG (chain-get-supervision[5.5.0-e4329]:main():chain-get-supervision.cc:149) Generated chain supervision information for 6558 utterances, errors on 0
WARNING (nnet3-chain-get-egs[5.5.0-e4329]:main():nnet3-chain-get-egs.cc:435) 75 utterances had errors and could not be processed.
LOG (nnet3-chain-get-egs[5.5.0-e4329]:~UtteranceSplitter():nnet-example-utils.cc:357) Split 6514 utts, with total length 3709085 frames (10.303 hours assuming 100 frames per second)
LOG (nnet3-chain-get-egs[5.5.0-e4329]:~UtteranceSplitter():nnet-example-utils.cc:366) Average chunk length was 136.224 frames; overlap between adjacent chunks was 0.922141% of input length; length of output was 100.518% of input length (minus overlap = 99.5963%).
LOG (nnet3-chain-get-egs[5.5.0-e4329]:~UtteranceSplitter():nnet-example-utils.cc:382) Output frames are distributed among chunk-sizes as follows: 102 = 14.2%, 141 = 70.96%, 162 = 14.84%
LOG (nnet3-chain-copy-egs[5.5.0-e4329]:main():nnet3-chain-copy-egs.cc:395) Read 27369 neural-network training examples, wrote 27369
# Accounting: time=162 threads=1
# Ended (code 0) at Fri May  3 19:07:29 IST 2019, elapsed time 162 seconds
