# lattice-align-phones --replace-output-symbols=true exp/chain/tri2_train_sp_lats/final.mdl "ark:gunzip -c exp/chain/tri2_train_sp_lats/lat.5.gz |" ark:- | chain-get-supervision --lattice-input=true --frame-subsampling-factor=3 --right-tolerance=5 --left-tolerance=5 exp/chain/tdnn1a_sp/tree exp/chain/tdnn1a_sp/0.trans_mdl ark:- ark:- | nnet3-chain-get-egs --online-ivectors=scp:exp/nnet3/ivectors_train_sp_hires/ivector_online.scp --online-ivector-period=10 --srand=$[5+0] --left-context=17 --right-context=11 --num-frames=140,100,160 --frame-subsampling-factor=3 --compress=true --left-context-initial=17 --right-context-final=11 --num-frames-overlap=0 "ark,s,cs:utils/filter_scp.pl --exclude exp/chain/tdnn1a_sp/egs/valid_uttlist data/train_sp_hires/split20/5/feats.scp | apply-cmvn --norm-means=false --norm-vars=false --utt2spk=ark:data/train_sp_hires/split20/5/utt2spk scp:data/train_sp_hires/split20/5/cmvn.scp scp:- ark:- |" ark,s,cs:- ark:- | nnet3-chain-copy-egs --random=true --srand=$[5+0] ark:- ark:exp/chain/tdnn1a_sp/egs/cegs_orig.5.1.ark ark:exp/chain/tdnn1a_sp/egs/cegs_orig.5.2.ark ark:exp/chain/tdnn1a_sp/egs/cegs_orig.5.3.ark ark:exp/chain/tdnn1a_sp/egs/cegs_orig.5.4.ark ark:exp/chain/tdnn1a_sp/egs/cegs_orig.5.5.ark ark:exp/chain/tdnn1a_sp/egs/cegs_orig.5.6.ark ark:exp/chain/tdnn1a_sp/egs/cegs_orig.5.7.ark ark:exp/chain/tdnn1a_sp/egs/cegs_orig.5.8.ark ark:exp/chain/tdnn1a_sp/egs/cegs_orig.5.9.ark ark:exp/chain/tdnn1a_sp/egs/cegs_orig.5.10.ark ark:exp/chain/tdnn1a_sp/egs/cegs_orig.5.11.ark ark:exp/chain/tdnn1a_sp/egs/cegs_orig.5.12.ark ark:exp/chain/tdnn1a_sp/egs/cegs_orig.5.13.ark ark:exp/chain/tdnn1a_sp/egs/cegs_orig.5.14.ark ark:exp/chain/tdnn1a_sp/egs/cegs_orig.5.15.ark ark:exp/chain/tdnn1a_sp/egs/cegs_orig.5.16.ark ark:exp/chain/tdnn1a_sp/egs/cegs_orig.5.17.ark ark:exp/chain/tdnn1a_sp/egs/cegs_orig.5.18.ark ark:exp/chain/tdnn1a_sp/egs/cegs_orig.5.19.ark ark:exp/chain/tdnn1a_sp/egs/cegs_orig.5.20.ark ark:exp/chain/tdnn1a_sp/egs/cegs_orig.5.21.ark ark:exp/chain/tdnn1a_sp/egs/cegs_orig.5.22.ark ark:exp/chain/tdnn1a_sp/egs/cegs_orig.5.23.ark ark:exp/chain/tdnn1a_sp/egs/cegs_orig.5.24.ark ark:exp/chain/tdnn1a_sp/egs/cegs_orig.5.25.ark ark:exp/chain/tdnn1a_sp/egs/cegs_orig.5.26.ark ark:exp/chain/tdnn1a_sp/egs/cegs_orig.5.27.ark 
# Started at Fri May  3 19:04:46 IST 2019
#
nnet3-chain-copy-egs --random=true --srand=5 ark:- ark:exp/chain/tdnn1a_sp/egs/cegs_orig.5.1.ark ark:exp/chain/tdnn1a_sp/egs/cegs_orig.5.2.ark ark:exp/chain/tdnn1a_sp/egs/cegs_orig.5.3.ark ark:exp/chain/tdnn1a_sp/egs/cegs_orig.5.4.ark ark:exp/chain/tdnn1a_sp/egs/cegs_orig.5.5.ark ark:exp/chain/tdnn1a_sp/egs/cegs_orig.5.6.ark ark:exp/chain/tdnn1a_sp/egs/cegs_orig.5.7.ark ark:exp/chain/tdnn1a_sp/egs/cegs_orig.5.8.ark ark:exp/chain/tdnn1a_sp/egs/cegs_orig.5.9.ark ark:exp/chain/tdnn1a_sp/egs/cegs_orig.5.10.ark ark:exp/chain/tdnn1a_sp/egs/cegs_orig.5.11.ark ark:exp/chain/tdnn1a_sp/egs/cegs_orig.5.12.ark ark:exp/chain/tdnn1a_sp/egs/cegs_orig.5.13.ark ark:exp/chain/tdnn1a_sp/egs/cegs_orig.5.14.ark ark:exp/chain/tdnn1a_sp/egs/cegs_orig.5.15.ark ark:exp/chain/tdnn1a_sp/egs/cegs_orig.5.16.ark ark:exp/chain/tdnn1a_sp/egs/cegs_orig.5.17.ark ark:exp/chain/tdnn1a_sp/egs/cegs_orig.5.18.ark ark:exp/chain/tdnn1a_sp/egs/cegs_orig.5.19.ark ark:exp/chain/tdnn1a_sp/egs/cegs_orig.5.20.ark ark:exp/chain/tdnn1a_sp/egs/cegs_orig.5.21.ark ark:exp/chain/tdnn1a_sp/egs/cegs_orig.5.22.ark ark:exp/chain/tdnn1a_sp/egs/cegs_orig.5.23.ark ark:exp/chain/tdnn1a_sp/egs/cegs_orig.5.24.ark ark:exp/chain/tdnn1a_sp/egs/cegs_orig.5.25.ark ark:exp/chain/tdnn1a_sp/egs/cegs_orig.5.26.ark ark:exp/chain/tdnn1a_sp/egs/cegs_orig.5.27.ark 
chain-get-supervision --lattice-input=true --frame-subsampling-factor=3 --right-tolerance=5 --left-tolerance=5 exp/chain/tdnn1a_sp/tree exp/chain/tdnn1a_sp/0.trans_mdl ark:- ark:- 
nnet3-chain-get-egs --online-ivectors=scp:exp/nnet3/ivectors_train_sp_hires/ivector_online.scp --online-ivector-period=10 --srand=5 --left-context=17 --right-context=11 --num-frames=140,100,160 --frame-subsampling-factor=3 --compress=true --left-context-initial=17 --right-context-final=11 --num-frames-overlap=0 'ark,s,cs:utils/filter_scp.pl --exclude exp/chain/tdnn1a_sp/egs/valid_uttlist data/train_sp_hires/split20/5/feats.scp | apply-cmvn --norm-means=false --norm-vars=false --utt2spk=ark:data/train_sp_hires/split20/5/utt2spk scp:data/train_sp_hires/split20/5/cmvn.scp scp:- ark:- |' ark,s,cs:- ark:- 
LOG (nnet3-chain-get-egs[5.5.0-e4329]:ComputeDerived():nnet-example-utils.cc:335) Rounding up --num-frames=140,100,160 to multiples of --frame-subsampling-factor=3, to: 141,102,162
lattice-align-phones --replace-output-symbols=true exp/chain/tri2_train_sp_lats/final.mdl 'ark:gunzip -c exp/chain/tri2_train_sp_lats/lat.5.gz |' ark:- 
apply-cmvn --norm-means=false --norm-vars=false --utt2spk=ark:data/train_sp_hires/split20/5/utt2spk scp:data/train_sp_hires/split20/5/cmvn.scp scp:- ark:- 
WARNING (nnet3-chain-get-egs[5.5.0-e4329]:ProcessFile():nnet3-chain-get-egs.cc:134) Not producing egs for utterance kol_219_long_1258_hin-00002500-00005500-1 because it is too short: 98 frames.
WARNING (nnet3-chain-get-egs[5.5.0-e4329]:ProcessFile():nnet3-chain-get-egs.cc:134) Not producing egs for utterance kol_264_long_344_hin-00007500-00010500-3 because it is too short: 98 frames.
WARNING (nnet3-chain-get-egs[5.5.0-e4329]:ProcessFile():nnet3-chain-get-egs.cc:134) Not producing egs for utterance kol_265_long_1089_hin-00005000-00008000-1 because it is too short: 98 frames.
WARNING (nnet3-chain-get-egs[5.5.0-e4329]:ProcessFile():nnet3-chain-get-egs.cc:134) Not producing egs for utterance kol_265_long_1256_hin-00000000-00003000-4 because it is too short: 98 frames.
WARNING (nnet3-chain-get-egs[5.5.0-e4329]:ProcessFile():nnet3-chain-get-egs.cc:134) Not producing egs for utterance kol_266_long_1359_hin-00005000-00007832-1 because it is too short: 98 frames.
WARNING (nnet3-chain-get-egs[5.5.0-e4329]:ProcessFile():nnet3-chain-get-egs.cc:134) Not producing egs for utterance kol_267_long_1064_hin-00005000-00008000-6 because it is too short: 98 frames.
WARNING (nnet3-chain-get-egs[5.5.0-e4329]:ProcessFile():nnet3-chain-get-egs.cc:134) Not producing egs for utterance kol_267_long_1072_hin-00007500-00010800-3 because it is too short: 99 frames.
WARNING (nnet3-chain-get-egs[5.5.0-e4329]:ProcessFile():nnet3-chain-get-egs.cc:134) Not producing egs for utterance kol_267_long_243_hin-00005000-00008000-5 because it is too short: 98 frames.
WARNING (nnet3-chain-get-egs[5.5.0-e4329]:main():nnet3-chain-get-egs.cc:386) No pdf-level posterior for key kol_268_long_1172_hin-00002500-00005500-4
WARNING (nnet3-chain-get-egs[5.5.0-e4329]:ProcessFile():nnet3-chain-get-egs.cc:134) Not producing egs for utterance kol_269_long_1110_hin-00005000-00008000-5 because it is too short: 98 frames.
WARNING (nnet3-chain-get-egs[5.5.0-e4329]:ProcessFile():nnet3-chain-get-egs.cc:134) Not producing egs for utterance kol_276_long_1186_hin-00007500-00010500-6 because it is too short: 98 frames.
WARNING (nnet3-chain-get-egs[5.5.0-e4329]:ProcessFile():nnet3-chain-get-egs.cc:134) Not producing egs for utterance kol_276_long_217_hin-00010000-00013000-4 because it is too short: 98 frames.
WARNING (nnet3-chain-get-egs[5.5.0-e4329]:ProcessFile():nnet3-chain-get-egs.cc:134) Not producing egs for utterance kol_277_long_1213_hin-00007500-00010500-3 because it is too short: 98 frames.
WARNING (nnet3-chain-get-egs[5.5.0-e4329]:ProcessFile():nnet3-chain-get-egs.cc:134) Not producing egs for utterance kol_277_long_1269_hin-00005000-00008000-1 because it is too short: 100 frames.
WARNING (nnet3-chain-get-egs[5.5.0-e4329]:ProcessFile():nnet3-chain-get-egs.cc:134) Not producing egs for utterance kol_282_long_1174_hin-00005000-00008000-5 because it is too short: 98 frames.
WARNING (nnet3-chain-get-egs[5.5.0-e4329]:ProcessFile():nnet3-chain-get-egs.cc:134) Not producing egs for utterance kol_282_long_1353_hin-00005000-00008000-5 because it is too short: 98 frames.
WARNING (nnet3-chain-get-egs[5.5.0-e4329]:ProcessFile():nnet3-chain-get-egs.cc:134) Not producing egs for utterance kol_283_long_238_hin-00005000-00008000-4 because it is too short: 98 frames.
WARNING (nnet3-chain-get-egs[5.5.0-e4329]:ProcessFile():nnet3-chain-get-egs.cc:134) Not producing egs for utterance kol_285_long_450_hin-00000000-00003000-5 because it is too short: 100 frames.
WARNING (nnet3-chain-get-egs[5.5.0-e4329]:ProcessFile():nnet3-chain-get-egs.cc:134) Not producing egs for utterance kol_287_long_122_hin-00010000-00012216-1 because it is too short: 98 frames.
WARNING (nnet3-chain-get-egs[5.5.0-e4329]:ProcessFile():nnet3-chain-get-egs.cc:134) Not producing egs for utterance kol_287_long_198_hin-00005000-00008000-6 because it is too short: 98 frames.
WARNING (nnet3-chain-get-egs[5.5.0-e4329]:ProcessFile():nnet3-chain-get-egs.cc:134) Not producing egs for utterance kol_289_long_1042_hin-00000000-00003000-5 because it is too short: 98 frames.
WARNING (nnet3-chain-get-egs[5.5.0-e4329]:ProcessFile():nnet3-chain-get-egs.cc:134) Not producing egs for utterance kol_297_long_1253_hin-00005000-00008000-7 because it is too short: 98 frames.
WARNING (nnet3-chain-get-egs[5.5.0-e4329]:ProcessFile():nnet3-chain-get-egs.cc:134) Not producing egs for utterance kol_299_long_559_hin-00002500-00005500-4 because it is too short: 98 frames.
WARNING (nnet3-chain-get-egs[5.5.0-e4329]:ProcessFile():nnet3-chain-get-egs.cc:134) Not producing egs for utterance kol_74_long_1363_hin-00005000-00009472-5 because it is too short: 98 frames.
WARNING (nnet3-chain-get-egs[5.5.0-e4329]:ProcessFile():nnet3-chain-get-egs.cc:134) Not producing egs for utterance kol_74_long_333_hin-00000000-00003000-5 because it is too short: 98 frames.
WARNING (nnet3-chain-get-egs[5.5.0-e4329]:ProcessFile():nnet3-chain-get-egs.cc:134) Not producing egs for utterance kol_74_long_333_hin-00002500-00005500-3 because it is too short: 98 frames.
WARNING (nnet3-chain-get-egs[5.5.0-e4329]:ProcessFile():nnet3-chain-get-egs.cc:134) Not producing egs for utterance lnw_117_long_1101_hin-00012500-00016160-1 because it is too short: 98 frames.
WARNING (nnet3-chain-get-egs[5.5.0-e4329]:ProcessFile():nnet3-chain-get-egs.cc:134) Not producing egs for utterance lnw_118_long_1288_hin-00002500-00005500-3 because it is too short: 98 frames.
WARNING (nnet3-chain-get-egs[5.5.0-e4329]:ProcessFile():nnet3-chain-get-egs.cc:134) Not producing egs for utterance lnw_120_long_1145_hin-00000000-00003000-3 because it is too short: 98 frames.
WARNING (nnet3-chain-get-egs[5.5.0-e4329]:ProcessFile():nnet3-chain-get-egs.cc:134) Not producing egs for utterance lnw_120_long_480_hin-00002500-00005500-5 because it is too short: 98 frames.
WARNING (nnet3-chain-get-egs[5.5.0-e4329]:ProcessFile():nnet3-chain-get-egs.cc:134) Not producing egs for utterance lnw_121_long_530_hin-00005000-00008000-4 because it is too short: 98 frames.
WARNING (nnet3-chain-get-egs[5.5.0-e4329]:ProcessFile():nnet3-chain-get-egs.cc:134) Not producing egs for utterance lnw_122_long_1142_hin-00005000-00008000-1 because it is too short: 99 frames.
WARNING (nnet3-chain-get-egs[5.5.0-e4329]:main():nnet3-chain-get-egs.cc:386) No pdf-level posterior for key lnw_122_long_1375_hin-00002500-00005500-1
WARNING (nnet3-chain-get-egs[5.5.0-e4329]:main():nnet3-chain-get-egs.cc:386) No pdf-level posterior for key lnw_122_long_1375_hin-00005000-00008000-4
WARNING (nnet3-chain-get-egs[5.5.0-e4329]:main():nnet3-chain-get-egs.cc:386) No pdf-level posterior for key lnw_123_long_391_hin-00000000-00003000-1
WARNING (nnet3-chain-get-egs[5.5.0-e4329]:main():nnet3-chain-get-egs.cc:386) No pdf-level posterior for key lnw_123_long_391_hin-00002500-00005500-1
WARNING (nnet3-chain-get-egs[5.5.0-e4329]:main():nnet3-chain-get-egs.cc:386) No pdf-level posterior for key lnw_123_long_84_hin-00002500-00005500-3
WARNING (nnet3-chain-get-egs[5.5.0-e4329]:ProcessFile():nnet3-chain-get-egs.cc:134) Not producing egs for utterance lnw_126_long_1189_hin-00015000-00018000-5 because it is too short: 98 frames.
WARNING (nnet3-chain-get-egs[5.5.0-e4329]:ProcessFile():nnet3-chain-get-egs.cc:134) Not producing egs for utterance lnw_130_long_162_hin-00002500-00005500-6 because it is too short: 98 frames.
WARNING (nnet3-chain-get-egs[5.5.0-e4329]:ProcessFile():nnet3-chain-get-egs.cc:134) Not producing egs for utterance lnw_130_long_162_hin-00007500-00010500-6 because it is too short: 98 frames.
WARNING (nnet3-chain-get-egs[5.5.0-e4329]:ProcessFile():nnet3-chain-get-egs.cc:134) Not producing egs for utterance lnw_132_long_203_hin-00007500-00010816-5 because it is too short: 98 frames.
WARNING (nnet3-chain-get-egs[5.5.0-e4329]:ProcessFile():nnet3-chain-get-egs.cc:134) Not producing egs for utterance lnw_133_long_231_hin-00005000-00008000-4 because it is too short: 98 frames.
WARNING (nnet3-chain-get-egs[5.5.0-e4329]:ProcessFile():nnet3-chain-get-egs.cc:134) Not producing egs for utterance lnw_133_long_459_hin-00002500-00005500-2 because it is too short: 98 frames.
WARNING (nnet3-chain-get-egs[5.5.0-e4329]:ProcessFile():nnet3-chain-get-egs.cc:134) Not producing egs for utterance lnw_135_long_141_hin-00000000-00003000-1 because it is too short: 100 frames.
WARNING (nnet3-chain-get-egs[5.5.0-e4329]:ProcessFile():nnet3-chain-get-egs.cc:134) Not producing egs for utterance lnw_136_long_355_hin-00000000-00003000-4 because it is too short: 98 frames.
WARNING (nnet3-chain-get-egs[5.5.0-e4329]:ProcessFile():nnet3-chain-get-egs.cc:134) Not producing egs for utterance lnw_137_long_508_hin-00002500-00005500-4 because it is too short: 98 frames.
WARNING (nnet3-chain-get-egs[5.5.0-e4329]:ProcessFile():nnet3-chain-get-egs.cc:134) Not producing egs for utterance lnw_138_long_1099_hin-00000000-00003000-5 because it is too short: 98 frames.
WARNING (nnet3-chain-get-egs[5.5.0-e4329]:ProcessFile():nnet3-chain-get-egs.cc:134) Not producing egs for utterance lnw_138_long_1342_hin-00007500-00010500-4 because it is too short: 98 frames.
LOG (lattice-align-phones[5.5.0-e4329]:main():lattice-align-phones.cc:104) Successfully aligned 6590 lattices; 0 had errors.
LOG (apply-cmvn[5.5.0-e4329]:main():apply-cmvn.cc:81) Copied 6560 utterances.
WARNING (nnet3-chain-get-egs[5.5.0-e4329]:main():nnet3-chain-get-egs.cc:435) 48 utterances had errors and could not be processed.
LOG (chain-get-supervision[5.5.0-e4329]:main():chain-get-supervision.cc:149) Generated chain supervision information for 6590 utterances, errors on 0
LOG (nnet3-chain-get-egs[5.5.0-e4329]:~UtteranceSplitter():nnet-example-utils.cc:357) Split 6554 utts, with total length 3777428 frames (10.4929 hours assuming 100 frames per second)
LOG (nnet3-chain-get-egs[5.5.0-e4329]:~UtteranceSplitter():nnet-example-utils.cc:366) Average chunk length was 136.558 frames; overlap between adjacent chunks was 0.911573% of input length; length of output was 100.565% of input length (minus overlap = 99.6534%).
LOG (nnet3-chain-get-egs[5.5.0-e4329]:~UtteranceSplitter():nnet-example-utils.cc:382) Output frames are distributed among chunk-sizes as follows: 102 = 13.51%, 141 = 71.74%, 162 = 14.75%
LOG (nnet3-chain-copy-egs[5.5.0-e4329]:main():nnet3-chain-copy-egs.cc:395) Read 27818 neural-network training examples, wrote 27818
# Accounting: time=146 threads=1
# Ended (code 0) at Fri May  3 19:07:12 IST 2019, elapsed time 146 seconds
