# lattice-align-phones --replace-output-symbols=true exp/chain/tri2_train_sp_lats/final.mdl "ark:gunzip -c exp/chain/tri2_train_sp_lats/lat.17.gz |" ark:- | chain-get-supervision --lattice-input=true --frame-subsampling-factor=3 --right-tolerance=5 --left-tolerance=5 exp/chain/tdnn1a_sp/tree exp/chain/tdnn1a_sp/0.trans_mdl ark:- ark:- | nnet3-chain-get-egs --online-ivectors=scp:exp/nnet3/ivectors_train_sp_hires/ivector_online.scp --online-ivector-period=10 --srand=$[17+0] --left-context=17 --right-context=11 --num-frames=140,100,160 --frame-subsampling-factor=3 --compress=true --left-context-initial=17 --right-context-final=11 --num-frames-overlap=0 "ark,s,cs:utils/filter_scp.pl --exclude exp/chain/tdnn1a_sp/egs/valid_uttlist data/train_sp_hires/split20/17/feats.scp | apply-cmvn --norm-means=false --norm-vars=false --utt2spk=ark:data/train_sp_hires/split20/17/utt2spk scp:data/train_sp_hires/split20/17/cmvn.scp scp:- ark:- |" ark,s,cs:- ark:- | nnet3-chain-copy-egs --random=true --srand=$[17+0] ark:- ark:exp/chain/tdnn1a_sp/egs/cegs_orig.17.1.ark ark:exp/chain/tdnn1a_sp/egs/cegs_orig.17.2.ark ark:exp/chain/tdnn1a_sp/egs/cegs_orig.17.3.ark ark:exp/chain/tdnn1a_sp/egs/cegs_orig.17.4.ark ark:exp/chain/tdnn1a_sp/egs/cegs_orig.17.5.ark ark:exp/chain/tdnn1a_sp/egs/cegs_orig.17.6.ark ark:exp/chain/tdnn1a_sp/egs/cegs_orig.17.7.ark ark:exp/chain/tdnn1a_sp/egs/cegs_orig.17.8.ark ark:exp/chain/tdnn1a_sp/egs/cegs_orig.17.9.ark ark:exp/chain/tdnn1a_sp/egs/cegs_orig.17.10.ark ark:exp/chain/tdnn1a_sp/egs/cegs_orig.17.11.ark ark:exp/chain/tdnn1a_sp/egs/cegs_orig.17.12.ark ark:exp/chain/tdnn1a_sp/egs/cegs_orig.17.13.ark ark:exp/chain/tdnn1a_sp/egs/cegs_orig.17.14.ark ark:exp/chain/tdnn1a_sp/egs/cegs_orig.17.15.ark ark:exp/chain/tdnn1a_sp/egs/cegs_orig.17.16.ark ark:exp/chain/tdnn1a_sp/egs/cegs_orig.17.17.ark ark:exp/chain/tdnn1a_sp/egs/cegs_orig.17.18.ark ark:exp/chain/tdnn1a_sp/egs/cegs_orig.17.19.ark ark:exp/chain/tdnn1a_sp/egs/cegs_orig.17.20.ark ark:exp/chain/tdnn1a_sp/egs/cegs_orig.17.21.ark ark:exp/chain/tdnn1a_sp/egs/cegs_orig.17.22.ark ark:exp/chain/tdnn1a_sp/egs/cegs_orig.17.23.ark ark:exp/chain/tdnn1a_sp/egs/cegs_orig.17.24.ark ark:exp/chain/tdnn1a_sp/egs/cegs_orig.17.25.ark ark:exp/chain/tdnn1a_sp/egs/cegs_orig.17.26.ark ark:exp/chain/tdnn1a_sp/egs/cegs_orig.17.27.ark 
# Started at Fri May  3 19:06:44 IST 2019
#
nnet3-chain-get-egs --online-ivectors=scp:exp/nnet3/ivectors_train_sp_hires/ivector_online.scp --online-ivector-period=10 --srand=17 --left-context=17 --right-context=11 --num-frames=140,100,160 --frame-subsampling-factor=3 --compress=true --left-context-initial=17 --right-context-final=11 --num-frames-overlap=0 'ark,s,cs:utils/filter_scp.pl --exclude exp/chain/tdnn1a_sp/egs/valid_uttlist data/train_sp_hires/split20/17/feats.scp | apply-cmvn --norm-means=false --norm-vars=false --utt2spk=ark:data/train_sp_hires/split20/17/utt2spk scp:data/train_sp_hires/split20/17/cmvn.scp scp:- ark:- |' ark,s,cs:- ark:- 
LOG (nnet3-chain-get-egs[5.5.0-e4329]:ComputeDerived():nnet-example-utils.cc:335) Rounding up --num-frames=140,100,160 to multiples of --frame-subsampling-factor=3, to: 141,102,162
apply-cmvn --norm-means=false --norm-vars=false --utt2spk=ark:data/train_sp_hires/split20/17/utt2spk scp:data/train_sp_hires/split20/17/cmvn.scp scp:- ark:- 
chain-get-supervision --lattice-input=true --frame-subsampling-factor=3 --right-tolerance=5 --left-tolerance=5 exp/chain/tdnn1a_sp/tree exp/chain/tdnn1a_sp/0.trans_mdl ark:- ark:- 
lattice-align-phones --replace-output-symbols=true exp/chain/tri2_train_sp_lats/final.mdl 'ark:gunzip -c exp/chain/tri2_train_sp_lats/lat.17.gz |' ark:- 
nnet3-chain-copy-egs --random=true --srand=17 ark:- ark:exp/chain/tdnn1a_sp/egs/cegs_orig.17.1.ark ark:exp/chain/tdnn1a_sp/egs/cegs_orig.17.2.ark ark:exp/chain/tdnn1a_sp/egs/cegs_orig.17.3.ark ark:exp/chain/tdnn1a_sp/egs/cegs_orig.17.4.ark ark:exp/chain/tdnn1a_sp/egs/cegs_orig.17.5.ark ark:exp/chain/tdnn1a_sp/egs/cegs_orig.17.6.ark ark:exp/chain/tdnn1a_sp/egs/cegs_orig.17.7.ark ark:exp/chain/tdnn1a_sp/egs/cegs_orig.17.8.ark ark:exp/chain/tdnn1a_sp/egs/cegs_orig.17.9.ark ark:exp/chain/tdnn1a_sp/egs/cegs_orig.17.10.ark ark:exp/chain/tdnn1a_sp/egs/cegs_orig.17.11.ark ark:exp/chain/tdnn1a_sp/egs/cegs_orig.17.12.ark ark:exp/chain/tdnn1a_sp/egs/cegs_orig.17.13.ark ark:exp/chain/tdnn1a_sp/egs/cegs_orig.17.14.ark ark:exp/chain/tdnn1a_sp/egs/cegs_orig.17.15.ark ark:exp/chain/tdnn1a_sp/egs/cegs_orig.17.16.ark ark:exp/chain/tdnn1a_sp/egs/cegs_orig.17.17.ark ark:exp/chain/tdnn1a_sp/egs/cegs_orig.17.18.ark ark:exp/chain/tdnn1a_sp/egs/cegs_orig.17.19.ark ark:exp/chain/tdnn1a_sp/egs/cegs_orig.17.20.ark ark:exp/chain/tdnn1a_sp/egs/cegs_orig.17.21.ark ark:exp/chain/tdnn1a_sp/egs/cegs_orig.17.22.ark ark:exp/chain/tdnn1a_sp/egs/cegs_orig.17.23.ark ark:exp/chain/tdnn1a_sp/egs/cegs_orig.17.24.ark ark:exp/chain/tdnn1a_sp/egs/cegs_orig.17.25.ark ark:exp/chain/tdnn1a_sp/egs/cegs_orig.17.26.ark ark:exp/chain/tdnn1a_sp/egs/cegs_orig.17.27.ark 
WARNING (nnet3-chain-get-egs[5.5.0-e4329]:ProcessFile():nnet3-chain-get-egs.cc:134) Not producing egs for utterance sp1.1-hyd_505_long_1356_hin-00007500-00009840-1 because it is too short: 94 frames.
WARNING (nnet3-chain-get-egs[5.5.0-e4329]:ProcessFile():nnet3-chain-get-egs.cc:134) Not producing egs for utterance sp1.1-hyd_571_long_135_hin-00007500-00009715-1 because it is too short: 94 frames.
WARNING (nnet3-chain-get-egs[5.5.0-e4329]:ProcessFile():nnet3-chain-get-egs.cc:134) Not producing egs for utterance sp1.1-hyd_572_long_438_hin-00002500-00005500-5 because it is too short: 89 frames.
WARNING (nnet3-chain-get-egs[5.5.0-e4329]:ProcessFile():nnet3-chain-get-egs.cc:134) Not producing egs for utterance sp1.1-hyd_575_long_1249_hin-00000000-00003000-4 because it is too short: 89 frames.
WARNING (nnet3-chain-get-egs[5.5.0-e4329]:ProcessFile():nnet3-chain-get-egs.cc:134) Not producing egs for utterance sp1.1-hyd_575_long_160_hin-00000000-00003000-5 because it is too short: 89 frames.
WARNING (nnet3-chain-get-egs[5.5.0-e4329]:ProcessFile():nnet3-chain-get-egs.cc:134) Not producing egs for utterance sp1.1-hyd_576_long_362_hin-00002500-00005500-1 because it is too short: 93 frames.
WARNING (nnet3-chain-get-egs[5.5.0-e4329]:ProcessFile():nnet3-chain-get-egs.cc:134) Not producing egs for utterance sp1.1-hyd_577_long_216_hin-00000000-00003000-7 because it is too short: 89 frames.
WARNING (nnet3-chain-get-egs[5.5.0-e4329]:ProcessFile():nnet3-chain-get-egs.cc:134) Not producing egs for utterance sp1.1-hyd_579_long_432_hin-00010000-00013528-1 because it is too short: 94 frames.
WARNING (nnet3-chain-get-egs[5.5.0-e4329]:ProcessFile():nnet3-chain-get-egs.cc:134) Not producing egs for utterance sp1.1-hyd_580_long_1374_hin-00007500-00011632-3 because it is too short: 89 frames.
WARNING (nnet3-chain-get-egs[5.5.0-e4329]:ProcessFile():nnet3-chain-get-egs.cc:134) Not producing egs for utterance sp1.1-hyd_580_long_472_hin-00000000-00003000-7 because it is too short: 89 frames.
WARNING (nnet3-chain-get-egs[5.5.0-e4329]:ProcessFile():nnet3-chain-get-egs.cc:134) Not producing egs for utterance sp1.1-hyd_581_long_1062_hin-00005000-00008000-2 because it is too short: 89 frames.
WARNING (nnet3-chain-get-egs[5.5.0-e4329]:ProcessFile():nnet3-chain-get-egs.cc:134) Not producing egs for utterance sp1.1-hyd_581_long_1215_hin-00000000-00003000-3 because it is too short: 91 frames.
WARNING (nnet3-chain-get-egs[5.5.0-e4329]:ProcessFile():nnet3-chain-get-egs.cc:134) Not producing egs for utterance sp1.1-hyd_582_long_323_hin-00007500-00010500-4 because it is too short: 89 frames.
WARNING (nnet3-chain-get-egs[5.5.0-e4329]:ProcessFile():nnet3-chain-get-egs.cc:134) Not producing egs for utterance sp1.1-hyd_583_long_409_hin-00002500-00005500-4 because it is too short: 95 frames.
WARNING (nnet3-chain-get-egs[5.5.0-e4329]:main():nnet3-chain-get-egs.cc:386) No pdf-level posterior for key sp1.1-hyd_585_long_1199_hin-00005000-00008000-1
WARNING (nnet3-chain-get-egs[5.5.0-e4329]:ProcessFile():nnet3-chain-get-egs.cc:134) Not producing egs for utterance sp1.1-hyd_585_long_1345_hin-00002500-00005500-4 because it is too short: 93 frames.
WARNING (nnet3-chain-get-egs[5.5.0-e4329]:ProcessFile():nnet3-chain-get-egs.cc:134) Not producing egs for utterance sp1.1-hyd_585_long_1349_hin-00000000-00003000-5 because it is too short: 98 frames.
WARNING (nnet3-chain-get-egs[5.5.0-e4329]:ProcessFile():nnet3-chain-get-egs.cc:134) Not producing egs for utterance sp1.1-hyd_585_long_1368_hin-00005000-00008000-4 because it is too short: 91 frames.
WARNING (nnet3-chain-get-egs[5.5.0-e4329]:ProcessFile():nnet3-chain-get-egs.cc:134) Not producing egs for utterance sp1.1-hyd_587_long_178_hin-00002500-00005500-1 because it is too short: 93 frames.
WARNING (nnet3-chain-get-egs[5.5.0-e4329]:ProcessFile():nnet3-chain-get-egs.cc:134) Not producing egs for utterance sp1.1-hyd_588_long_17_hin-00005000-00008000-1 because it is too short: 101 frames.
WARNING (nnet3-chain-get-egs[5.5.0-e4329]:ProcessFile():nnet3-chain-get-egs.cc:134) Not producing egs for utterance sp1.1-hyd_588_long_17_hin-00007500-00010500-1 because it is too short: 93 frames.
WARNING (nnet3-chain-get-egs[5.5.0-e4329]:ProcessFile():nnet3-chain-get-egs.cc:134) Not producing egs for utterance sp1.1-hyd_590_long_1204_hin-00002500-00005500-1 because it is too short: 100 frames.
WARNING (nnet3-chain-get-egs[5.5.0-e4329]:ProcessFile():nnet3-chain-get-egs.cc:134) Not producing egs for utterance sp1.1-hyd_591_long_144_hin-00002500-00005500-1 because it is too short: 94 frames.
WARNING (nnet3-chain-get-egs[5.5.0-e4329]:ProcessFile():nnet3-chain-get-egs.cc:134) Not producing egs for utterance sp1.1-hyd_591_long_568_hin-00007500-00010560-2 because it is too short: 93 frames.
WARNING (nnet3-chain-get-egs[5.5.0-e4329]:ProcessFile():nnet3-chain-get-egs.cc:134) Not producing egs for utterance sp1.1-hyd_592_long_146_hin-00002500-00005500-5 because it is too short: 89 frames.
WARNING (nnet3-chain-get-egs[5.5.0-e4329]:ProcessFile():nnet3-chain-get-egs.cc:134) Not producing egs for utterance sp1.1-hyd_593_long_1044_hin-00002500-00005500-6 because it is too short: 97 frames.
WARNING (nnet3-chain-get-egs[5.5.0-e4329]:ProcessFile():nnet3-chain-get-egs.cc:134) Not producing egs for utterance sp1.1-hyd_593_long_1045_hin-00000000-00003000-2 because it is too short: 89 frames.
WARNING (nnet3-chain-get-egs[5.5.0-e4329]:ProcessFile():nnet3-chain-get-egs.cc:134) Not producing egs for utterance sp1.1-hyd_594_long_317_hin-00005000-00009178-1 because it is too short: 94 frames.
WARNING (nnet3-chain-get-egs[5.5.0-e4329]:ProcessFile():nnet3-chain-get-egs.cc:134) Not producing egs for utterance sp1.1-hyd_594_long_356_hin-00000000-00003000-6 because it is too short: 89 frames.
WARNING (nnet3-chain-get-egs[5.5.0-e4329]:ProcessFile():nnet3-chain-get-egs.cc:134) Not producing egs for utterance sp1.1-hyd_595_long_147_hin-00000000-00003000-5 because it is too short: 89 frames.
WARNING (nnet3-chain-get-egs[5.5.0-e4329]:ProcessFile():nnet3-chain-get-egs.cc:134) Not producing egs for utterance sp1.1-hyd_597_long_1210_hin-00007500-00010500-5 because it is too short: 89 frames.
WARNING (nnet3-chain-get-egs[5.5.0-e4329]:ProcessFile():nnet3-chain-get-egs.cc:134) Not producing egs for utterance sp1.1-hyd_599_long_1220_hin-00007500-00010500-2 because it is too short: 95 frames.
WARNING (nnet3-chain-get-egs[5.5.0-e4329]:ProcessFile():nnet3-chain-get-egs.cc:134) Not producing egs for utterance sp1.1-hyd_599_long_1281_hin-00010000-00013000-5 because it is too short: 90 frames.
WARNING (nnet3-chain-get-egs[5.5.0-e4329]:ProcessFile():nnet3-chain-get-egs.cc:134) Not producing egs for utterance sp1.1-hyd_599_long_143_hin-00000000-00003000-5 because it is too short: 91 frames.
WARNING (nnet3-chain-get-egs[5.5.0-e4329]:ProcessFile():nnet3-chain-get-egs.cc:134) Not producing egs for utterance sp1.1-hyd_600_long_5_hin-00002500-00005500-5 because it is too short: 96 frames.
WARNING (nnet3-chain-get-egs[5.5.0-e4329]:ProcessFile():nnet3-chain-get-egs.cc:134) Not producing egs for utterance sp1.1-idr_100_long_1377_hin-00002500-00005500-5 because it is too short: 91 frames.
WARNING (nnet3-chain-get-egs[5.5.0-e4329]:ProcessFile():nnet3-chain-get-egs.cc:134) Not producing egs for utterance sp1.1-idr_101_long_1152_hin-00007500-00011156-1 because it is too short: 101 frames.
WARNING (nnet3-chain-get-egs[5.5.0-e4329]:main():nnet3-chain-get-egs.cc:386) No pdf-level posterior for key sp1.1-idr_101_long_1169_hin-00007500-00010422-1
WARNING (nnet3-chain-get-egs[5.5.0-e4329]:ProcessFile():nnet3-chain-get-egs.cc:134) Not producing egs for utterance sp1.1-idr_101_long_1347_hin-00002500-00005500-5 because it is too short: 90 frames.
WARNING (nnet3-chain-get-egs[5.5.0-e4329]:ProcessFile():nnet3-chain-get-egs.cc:134) Not producing egs for utterance sp1.1-idr_101_long_338_hin-00002500-00005500-4 because it is too short: 89 frames.
WARNING (nnet3-chain-get-egs[5.5.0-e4329]:ProcessFile():nnet3-chain-get-egs.cc:134) Not producing egs for utterance sp1.1-idr_101_long_343_hin-00005000-00008000-5 because it is too short: 88 frames.
WARNING (nnet3-chain-get-egs[5.5.0-e4329]:ProcessFile():nnet3-chain-get-egs.cc:134) Not producing egs for utterance sp1.1-idr_103_long_1290_hin-00005000-00008000-6 because it is too short: 101 frames.
WARNING (nnet3-chain-get-egs[5.5.0-e4329]:main():nnet3-chain-get-egs.cc:386) No pdf-level posterior for key sp1.1-idr_104_long_1305_hin-00002500-00005500-1
WARNING (nnet3-chain-get-egs[5.5.0-e4329]:ProcessFile():nnet3-chain-get-egs.cc:134) Not producing egs for utterance sp1.1-idr_104_long_323_hin-00010000-00012604-1 because it is too short: 93 frames.
WARNING (nnet3-chain-get-egs[5.5.0-e4329]:ProcessFile():nnet3-chain-get-egs.cc:134) Not producing egs for utterance sp1.1-idr_105_long_345_hin-00002500-00005500-1 because it is too short: 89 frames.
WARNING (nnet3-chain-get-egs[5.5.0-e4329]:ProcessFile():nnet3-chain-get-egs.cc:134) Not producing egs for utterance sp1.1-idr_106_long_30_hin-00002500-00005500-4 because it is too short: 89 frames.
WARNING (nnet3-chain-get-egs[5.5.0-e4329]:ProcessFile():nnet3-chain-get-egs.cc:134) Not producing egs for utterance sp1.1-idr_106_long_471_hin-00007500-00010714-1 because it is too short: 91 frames.
WARNING (nnet3-chain-get-egs[5.5.0-e4329]:ProcessFile():nnet3-chain-get-egs.cc:134) Not producing egs for utterance sp1.1-idr_108_long_1209_hin-00000000-00003000-4 because it is too short: 89 frames.
WARNING (nnet3-chain-get-egs[5.5.0-e4329]:ProcessFile():nnet3-chain-get-egs.cc:134) Not producing egs for utterance sp1.1-idr_108_long_531_hin-00005000-00008000-4 because it is too short: 89 frames.
WARNING (nnet3-chain-get-egs[5.5.0-e4329]:ProcessFile():nnet3-chain-get-egs.cc:134) Not producing egs for utterance sp1.1-idr_108_long_62_hin-00007500-00010500-1 because it is too short: 93 frames.
WARNING (nnet3-chain-get-egs[5.5.0-e4329]:ProcessFile():nnet3-chain-get-egs.cc:134) Not producing egs for utterance sp1.1-idr_109_long_564_hin-00000000-00003000-4 because it is too short: 89 frames.
WARNING (nnet3-chain-get-egs[5.5.0-e4329]:ProcessFile():nnet3-chain-get-egs.cc:134) Not producing egs for utterance sp1.1-idr_109_long_564_hin-00007500-00010433-1 because it is too short: 90 frames.
WARNING (nnet3-chain-get-egs[5.5.0-e4329]:ProcessFile():nnet3-chain-get-egs.cc:134) Not producing egs for utterance sp1.1-idr_112_long_70_hin-00000000-00003000-4 because it is too short: 92 frames.
WARNING (nnet3-chain-get-egs[5.5.0-e4329]:ProcessFile():nnet3-chain-get-egs.cc:134) Not producing egs for utterance sp1.1-idr_113_long_1075_hin-00002500-00005500-5 because it is too short: 95 frames.
WARNING (nnet3-chain-get-egs[5.5.0-e4329]:ProcessFile():nnet3-chain-get-egs.cc:134) Not producing egs for utterance sp1.1-idr_113_long_1271_hin-00000000-00003000-7 because it is too short: 89 frames.
WARNING (nnet3-chain-get-egs[5.5.0-e4329]:ProcessFile():nnet3-chain-get-egs.cc:134) Not producing egs for utterance sp1.1-idr_115_long_322_hin-00002500-00005500-7 because it is too short: 96 frames.
WARNING (nnet3-chain-get-egs[5.5.0-e4329]:ProcessFile():nnet3-chain-get-egs.cc:134) Not producing egs for utterance sp1.1-idr_510_long_1296_hin-00002500-00005500-1 because it is too short: 93 frames.
WARNING (nnet3-chain-get-egs[5.5.0-e4329]:ProcessFile():nnet3-chain-get-egs.cc:134) Not producing egs for utterance sp1.1-idr_510_long_1296_hin-00005000-00008000-4 because it is too short: 89 frames.
WARNING (nnet3-chain-get-egs[5.5.0-e4329]:main():nnet3-chain-get-egs.cc:386) No pdf-level posterior for key sp1.1-idr_511_long_1289_hin-00000000-00003000-1
WARNING (nnet3-chain-get-egs[5.5.0-e4329]:ProcessFile():nnet3-chain-get-egs.cc:134) Not producing egs for utterance sp1.1-idr_512_long_1305_hin-00007500-00010098-1 because it is too short: 93 frames.
WARNING (nnet3-chain-get-egs[5.5.0-e4329]:ProcessFile():nnet3-chain-get-egs.cc:134) Not producing egs for utterance sp1.1-idr_512_long_434_hin-00005000-00009158-3 because it is too short: 89 frames.
WARNING (nnet3-chain-get-egs[5.5.0-e4329]:ProcessFile():nnet3-chain-get-egs.cc:134) Not producing egs for utterance sp1.1-idr_512_long_548_hin-00007500-00009958-4 because it is too short: 90 frames.
WARNING (nnet3-chain-get-egs[5.5.0-e4329]:ProcessFile():nnet3-chain-get-egs.cc:134) Not producing egs for utterance sp1.1-idr_513_long_1043_hin-00000000-00003000-2 because it is too short: 89 frames.
WARNING (nnet3-chain-get-egs[5.5.0-e4329]:ProcessFile():nnet3-chain-get-egs.cc:134) Not producing egs for utterance sp1.1-idr_513_long_154_hin-00007500-00010500-1 because it is too short: 93 frames.
WARNING (nnet3-chain-get-egs[5.5.0-e4329]:ProcessFile():nnet3-chain-get-egs.cc:134) Not producing egs for utterance sp1.1-idr_514_long_1200_hin-00002500-00005500-5 because it is too short: 89 frames.
WARNING (nnet3-chain-get-egs[5.5.0-e4329]:ProcessFile():nnet3-chain-get-egs.cc:134) Not producing egs for utterance sp1.1-idr_515_long_1029_hin-00007500-00010500-1 because it is too short: 93 frames.
WARNING (nnet3-chain-get-egs[5.5.0-e4329]:ProcessFile():nnet3-chain-get-egs.cc:134) Not producing egs for utterance sp1.1-idr_515_long_133_hin-00002500-00005500-7 because it is too short: 89 frames.
WARNING (nnet3-chain-get-egs[5.5.0-e4329]:ProcessFile():nnet3-chain-get-egs.cc:134) Not producing egs for utterance sp1.1-idr_516_long_1304_hin-00002500-00005500-1 because it is too short: 94 frames.
WARNING (nnet3-chain-get-egs[5.5.0-e4329]:ProcessFile():nnet3-chain-get-egs.cc:134) Not producing egs for utterance sp1.1-idr_516_long_1321_hin-00000000-00003000-4 because it is too short: 88 frames.
WARNING (nnet3-chain-get-egs[5.5.0-e4329]:ProcessFile():nnet3-chain-get-egs.cc:134) Not producing egs for utterance sp1.1-idr_517_long_1039_hin-00005000-00008000-1 because it is too short: 89 frames.
WARNING (nnet3-chain-get-egs[5.5.0-e4329]:ProcessFile():nnet3-chain-get-egs.cc:134) Not producing egs for utterance sp1.1-idr_517_long_1106_hin-00005000-00008000-5 because it is too short: 99 frames.
WARNING (nnet3-chain-get-egs[5.5.0-e4329]:ProcessFile():nnet3-chain-get-egs.cc:134) Not producing egs for utterance sp1.1-idr_517_long_267_hin-00007500-00010303-2 because it is too short: 90 frames.
WARNING (nnet3-chain-get-egs[5.5.0-e4329]:ProcessFile():nnet3-chain-get-egs.cc:134) Not producing egs for utterance sp1.1-idr_518_long_6_hin-00000000-00003000-4 because it is too short: 89 frames.
WARNING (nnet3-chain-get-egs[5.5.0-e4329]:ProcessFile():nnet3-chain-get-egs.cc:134) Not producing egs for utterance sp1.1-idr_518_long_6_hin-00007500-00011934-2 because it is too short: 90 frames.
WARNING (nnet3-chain-get-egs[5.5.0-e4329]:ProcessFile():nnet3-chain-get-egs.cc:134) Not producing egs for utterance sp1.1-idr_520_long_1008_hin-00005000-00008000-1 because it is too short: 93 frames.
WARNING (nnet3-chain-get-egs[5.5.0-e4329]:ProcessFile():nnet3-chain-get-egs.cc:134) Not producing egs for utterance sp1.1-idr_521_long_131_hin-00005000-00009180-1 because it is too short: 98 frames.
WARNING (nnet3-chain-get-egs[5.5.0-e4329]:ProcessFile():nnet3-chain-get-egs.cc:134) Not producing egs for utterance sp1.1-idr_523_long_1090_hin-00010000-00013000-3 because it is too short: 89 frames.
WARNING (nnet3-chain-get-egs[5.5.0-e4329]:ProcessFile():nnet3-chain-get-egs.cc:134) Not producing egs for utterance sp1.1-idr_524_long_357_hin-00005000-00008000-1 because it is too short: 97 frames.
WARNING (nnet3-chain-get-egs[5.5.0-e4329]:ProcessFile():nnet3-chain-get-egs.cc:134) Not producing egs for utterance sp1.1-idr_525_long_174_hin-00005000-00008000-1 because it is too short: 94 frames.
WARNING (nnet3-chain-get-egs[5.5.0-e4329]:ProcessFile():nnet3-chain-get-egs.cc:134) Not producing egs for utterance sp1.1-idr_525_long_213_hin-00007500-00010500-4 because it is too short: 94 frames.
LOG (lattice-align-phones[5.5.0-e4329]:main():lattice-align-phones.cc:104) Successfully aligned 6554 lattices; 0 had errors.
LOG (apply-cmvn[5.5.0-e4329]:main():apply-cmvn.cc:81) Copied 6510 utterances.
LOG (chain-get-supervision[5.5.0-e4329]:main():chain-get-supervision.cc:149) Generated chain supervision information for 6554 utterances, errors on 0
WARNING (nnet3-chain-get-egs[5.5.0-e4329]:main():nnet3-chain-get-egs.cc:435) 80 utterances had errors and could not be processed.
LOG (nnet3-chain-get-egs[5.5.0-e4329]:~UtteranceSplitter():nnet-example-utils.cc:357) Split 6506 utts, with total length 3496584 frames (9.71273 hours assuming 100 frames per second)
LOG (nnet3-chain-get-egs[5.5.0-e4329]:~UtteranceSplitter():nnet-example-utils.cc:366) Average chunk length was 136.177 frames; overlap between adjacent chunks was 0.927562% of input length; length of output was 100.464% of input length (minus overlap = 99.5365%).
LOG (nnet3-chain-get-egs[5.5.0-e4329]:~UtteranceSplitter():nnet-example-utils.cc:382) Output frames are distributed among chunk-sizes as follows: 102 = 14.76%, 141 = 69.04%, 162 = 16.2%
LOG (nnet3-chain-copy-egs[5.5.0-e4329]:main():nnet3-chain-copy-egs.cc:395) Read 25796 neural-network training examples, wrote 25796
# Accounting: time=68 threads=1
# Ended (code 0) at Fri May  3 19:07:52 IST 2019, elapsed time 68 seconds
