# lattice-align-phones --replace-output-symbols=true exp/chain/tri2_train_sp_lats/final.mdl "ark:gunzip -c exp/chain/tri2_train_sp_lats/lat.20.gz |" ark:- | chain-get-supervision --lattice-input=true --frame-subsampling-factor=3 --right-tolerance=5 --left-tolerance=5 exp/chain/tdnn1a_sp/tree exp/chain/tdnn1a_sp/0.trans_mdl ark:- ark:- | nnet3-chain-get-egs --online-ivectors=scp:exp/nnet3/ivectors_train_sp_hires/ivector_online.scp --online-ivector-period=10 --srand=$[20+0] --left-context=17 --right-context=11 --num-frames=140,100,160 --frame-subsampling-factor=3 --compress=true --left-context-initial=17 --right-context-final=11 --num-frames-overlap=0 "ark,s,cs:utils/filter_scp.pl --exclude exp/chain/tdnn1a_sp/egs/valid_uttlist data/train_sp_hires/split20/20/feats.scp | apply-cmvn --norm-means=false --norm-vars=false --utt2spk=ark:data/train_sp_hires/split20/20/utt2spk scp:data/train_sp_hires/split20/20/cmvn.scp scp:- ark:- |" ark,s,cs:- ark:- | nnet3-chain-copy-egs --random=true --srand=$[20+0] ark:- ark:exp/chain/tdnn1a_sp/egs/cegs_orig.20.1.ark ark:exp/chain/tdnn1a_sp/egs/cegs_orig.20.2.ark ark:exp/chain/tdnn1a_sp/egs/cegs_orig.20.3.ark ark:exp/chain/tdnn1a_sp/egs/cegs_orig.20.4.ark ark:exp/chain/tdnn1a_sp/egs/cegs_orig.20.5.ark ark:exp/chain/tdnn1a_sp/egs/cegs_orig.20.6.ark ark:exp/chain/tdnn1a_sp/egs/cegs_orig.20.7.ark ark:exp/chain/tdnn1a_sp/egs/cegs_orig.20.8.ark ark:exp/chain/tdnn1a_sp/egs/cegs_orig.20.9.ark ark:exp/chain/tdnn1a_sp/egs/cegs_orig.20.10.ark ark:exp/chain/tdnn1a_sp/egs/cegs_orig.20.11.ark ark:exp/chain/tdnn1a_sp/egs/cegs_orig.20.12.ark ark:exp/chain/tdnn1a_sp/egs/cegs_orig.20.13.ark ark:exp/chain/tdnn1a_sp/egs/cegs_orig.20.14.ark ark:exp/chain/tdnn1a_sp/egs/cegs_orig.20.15.ark ark:exp/chain/tdnn1a_sp/egs/cegs_orig.20.16.ark ark:exp/chain/tdnn1a_sp/egs/cegs_orig.20.17.ark ark:exp/chain/tdnn1a_sp/egs/cegs_orig.20.18.ark ark:exp/chain/tdnn1a_sp/egs/cegs_orig.20.19.ark ark:exp/chain/tdnn1a_sp/egs/cegs_orig.20.20.ark ark:exp/chain/tdnn1a_sp/egs/cegs_orig.20.21.ark ark:exp/chain/tdnn1a_sp/egs/cegs_orig.20.22.ark ark:exp/chain/tdnn1a_sp/egs/cegs_orig.20.23.ark ark:exp/chain/tdnn1a_sp/egs/cegs_orig.20.24.ark ark:exp/chain/tdnn1a_sp/egs/cegs_orig.20.25.ark ark:exp/chain/tdnn1a_sp/egs/cegs_orig.20.26.ark ark:exp/chain/tdnn1a_sp/egs/cegs_orig.20.27.ark 
# Started at Fri May  3 19:07:13 IST 2019
#
chain-get-supervision --lattice-input=true --frame-subsampling-factor=3 --right-tolerance=5 --left-tolerance=5 exp/chain/tdnn1a_sp/tree exp/chain/tdnn1a_sp/0.trans_mdl ark:- ark:- 
nnet3-chain-copy-egs --random=true --srand=20 ark:- ark:exp/chain/tdnn1a_sp/egs/cegs_orig.20.1.ark ark:exp/chain/tdnn1a_sp/egs/cegs_orig.20.2.ark ark:exp/chain/tdnn1a_sp/egs/cegs_orig.20.3.ark ark:exp/chain/tdnn1a_sp/egs/cegs_orig.20.4.ark ark:exp/chain/tdnn1a_sp/egs/cegs_orig.20.5.ark ark:exp/chain/tdnn1a_sp/egs/cegs_orig.20.6.ark ark:exp/chain/tdnn1a_sp/egs/cegs_orig.20.7.ark ark:exp/chain/tdnn1a_sp/egs/cegs_orig.20.8.ark ark:exp/chain/tdnn1a_sp/egs/cegs_orig.20.9.ark ark:exp/chain/tdnn1a_sp/egs/cegs_orig.20.10.ark ark:exp/chain/tdnn1a_sp/egs/cegs_orig.20.11.ark ark:exp/chain/tdnn1a_sp/egs/cegs_orig.20.12.ark ark:exp/chain/tdnn1a_sp/egs/cegs_orig.20.13.ark ark:exp/chain/tdnn1a_sp/egs/cegs_orig.20.14.ark ark:exp/chain/tdnn1a_sp/egs/cegs_orig.20.15.ark ark:exp/chain/tdnn1a_sp/egs/cegs_orig.20.16.ark ark:exp/chain/tdnn1a_sp/egs/cegs_orig.20.17.ark ark:exp/chain/tdnn1a_sp/egs/cegs_orig.20.18.ark ark:exp/chain/tdnn1a_sp/egs/cegs_orig.20.19.ark ark:exp/chain/tdnn1a_sp/egs/cegs_orig.20.20.ark ark:exp/chain/tdnn1a_sp/egs/cegs_orig.20.21.ark ark:exp/chain/tdnn1a_sp/egs/cegs_orig.20.22.ark ark:exp/chain/tdnn1a_sp/egs/cegs_orig.20.23.ark ark:exp/chain/tdnn1a_sp/egs/cegs_orig.20.24.ark ark:exp/chain/tdnn1a_sp/egs/cegs_orig.20.25.ark ark:exp/chain/tdnn1a_sp/egs/cegs_orig.20.26.ark ark:exp/chain/tdnn1a_sp/egs/cegs_orig.20.27.ark 
nnet3-chain-get-egs --online-ivectors=scp:exp/nnet3/ivectors_train_sp_hires/ivector_online.scp --online-ivector-period=10 --srand=20 --left-context=17 --right-context=11 --num-frames=140,100,160 --frame-subsampling-factor=3 --compress=true --left-context-initial=17 --right-context-final=11 --num-frames-overlap=0 'ark,s,cs:utils/filter_scp.pl --exclude exp/chain/tdnn1a_sp/egs/valid_uttlist data/train_sp_hires/split20/20/feats.scp | apply-cmvn --norm-means=false --norm-vars=false --utt2spk=ark:data/train_sp_hires/split20/20/utt2spk scp:data/train_sp_hires/split20/20/cmvn.scp scp:- ark:- |' ark,s,cs:- ark:- 
LOG (nnet3-chain-get-egs[5.5.0-e4329]:ComputeDerived():nnet-example-utils.cc:335) Rounding up --num-frames=140,100,160 to multiples of --frame-subsampling-factor=3, to: 141,102,162
lattice-align-phones --replace-output-symbols=true exp/chain/tri2_train_sp_lats/final.mdl 'ark:gunzip -c exp/chain/tri2_train_sp_lats/lat.20.gz |' ark:- 
apply-cmvn --norm-means=false --norm-vars=false --utt2spk=ark:data/train_sp_hires/split20/20/utt2spk scp:data/train_sp_hires/split20/20/cmvn.scp scp:- ark:- 
WARNING (nnet3-chain-get-egs[5.5.0-e4329]:ProcessFile():nnet3-chain-get-egs.cc:134) Not producing egs for utterance sp1.1-mum_317_long_447_hin-00002500-00005500-1 because it is too short: 94 frames.
WARNING (nnet3-chain-get-egs[5.5.0-e4329]:ProcessFile():nnet3-chain-get-egs.cc:134) Not producing egs for utterance sp1.1-mum_317_long_536_hin-00005000-00009178-1 because it is too short: 93 frames.
WARNING (nnet3-chain-get-egs[5.5.0-e4329]:ProcessFile():nnet3-chain-get-egs.cc:134) Not producing egs for utterance sp1.1-mum_319_long_1047_hin-00005000-00008000-5 because it is too short: 88 frames.
WARNING (nnet3-chain-get-egs[5.5.0-e4329]:ProcessFile():nnet3-chain-get-egs.cc:134) Not producing egs for utterance sp1.1-mum_319_long_6_hin-00005000-00008000-3 because it is too short: 100 frames.
WARNING (nnet3-chain-get-egs[5.5.0-e4329]:main():nnet3-chain-get-egs.cc:386) No pdf-level posterior for key sp1.1-mum_320_long_1049_hin-00007500-00010500-3
WARNING (nnet3-chain-get-egs[5.5.0-e4329]:main():nnet3-chain-get-egs.cc:386) No pdf-level posterior for key sp1.1-mum_321_long_187_hin-00002500-00005500-1
WARNING (nnet3-chain-get-egs[5.5.0-e4329]:ProcessFile():nnet3-chain-get-egs.cc:134) Not producing egs for utterance sp1.1-mum_321_long_187_hin-00002500-00005500-3 because it is too short: 94 frames.
WARNING (nnet3-chain-get-egs[5.5.0-e4329]:ProcessFile():nnet3-chain-get-egs.cc:134) Not producing egs for utterance sp1.1-mum_321_long_369_hin-00005000-00007193-4 because it is too short: 93 frames.
WARNING (nnet3-chain-get-egs[5.5.0-e4329]:ProcessFile():nnet3-chain-get-egs.cc:134) Not producing egs for utterance sp1.1-mum_322_long_1095_hin-00000000-00003000-2 because it is too short: 94 frames.
WARNING (nnet3-chain-get-egs[5.5.0-e4329]:ProcessFile():nnet3-chain-get-egs.cc:134) Not producing egs for utterance sp1.1-mum_322_long_478_hin-00000000-00003000-4 because it is too short: 89 frames.
WARNING (nnet3-chain-get-egs[5.5.0-e4329]:ProcessFile():nnet3-chain-get-egs.cc:134) Not producing egs for utterance sp1.1-mum_324_long_1096_hin-00007500-00010982-2 because it is too short: 93 frames.
WARNING (nnet3-chain-get-egs[5.5.0-e4329]:ProcessFile():nnet3-chain-get-egs.cc:134) Not producing egs for utterance sp1.1-mum_324_long_1096_hin-00007500-00010982-5 because it is too short: 99 frames.
WARNING (nnet3-chain-get-egs[5.5.0-e4329]:ProcessFile():nnet3-chain-get-egs.cc:134) Not producing egs for utterance sp1.1-mum_326_long_1235_hin-00000000-00003000-5 because it is too short: 89 frames.
WARNING (nnet3-chain-get-egs[5.5.0-e4329]:ProcessFile():nnet3-chain-get-egs.cc:134) Not producing egs for utterance sp1.1-mum_327_long_323_hin-00005000-00008000-3 because it is too short: 93 frames.
WARNING (nnet3-chain-get-egs[5.5.0-e4329]:ProcessFile():nnet3-chain-get-egs.cc:134) Not producing egs for utterance sp1.1-mum_328_long_533_hin-00007500-00011546-3 because it is too short: 89 frames.
WARNING (nnet3-chain-get-egs[5.5.0-e4329]:ProcessFile():nnet3-chain-get-egs.cc:134) Not producing egs for utterance sp1.1-mum_329_long_1310_hin-00010000-00013000-1 because it is too short: 98 frames.
WARNING (nnet3-chain-get-egs[5.5.0-e4329]:ProcessFile():nnet3-chain-get-egs.cc:134) Not producing egs for utterance sp1.1-mum_341_long_1115_hin-00005000-00008000-1 because it is too short: 100 frames.
WARNING (nnet3-chain-get-egs[5.5.0-e4329]:ProcessFile():nnet3-chain-get-egs.cc:134) Not producing egs for utterance sp1.1-mum_341_long_412_hin-00007500-00010500-4 because it is too short: 89 frames.
WARNING (nnet3-chain-get-egs[5.5.0-e4329]:ProcessFile():nnet3-chain-get-egs.cc:134) Not producing egs for utterance sp1.1-mum_343_long_102_hin-00005000-00008000-3 because it is too short: 96 frames.
WARNING (nnet3-chain-get-egs[5.5.0-e4329]:ProcessFile():nnet3-chain-get-egs.cc:134) Not producing egs for utterance sp1.1-mum_343_long_1158_hin-00002500-00005500-7 because it is too short: 89 frames.
WARNING (nnet3-chain-get-egs[5.5.0-e4329]:ProcessFile():nnet3-chain-get-egs.cc:134) Not producing egs for utterance sp1.1-mum_343_long_1158_hin-00005000-00008000-1 because it is too short: 97 frames.
WARNING (nnet3-chain-get-egs[5.5.0-e4329]:ProcessFile():nnet3-chain-get-egs.cc:134) Not producing egs for utterance sp1.1-mum_368_long_37_hin-00005000-00008000-5 because it is too short: 98 frames.
WARNING (nnet3-chain-get-egs[5.5.0-e4329]:ProcessFile():nnet3-chain-get-egs.cc:134) Not producing egs for utterance sp1.1-pue_10_long_1099_hin-00010000-00013488-1 because it is too short: 93 frames.
WARNING (nnet3-chain-get-egs[5.5.0-e4329]:ProcessFile():nnet3-chain-get-egs.cc:134) Not producing egs for utterance sp1.1-pue_10_long_1329_hin-00005000-00008000-1 because it is too short: 94 frames.
WARNING (nnet3-chain-get-egs[5.5.0-e4329]:ProcessFile():nnet3-chain-get-egs.cc:134) Not producing egs for utterance sp1.1-pue_11_long_152_hin-00002500-00005500-1 because it is too short: 94 frames.
WARNING (nnet3-chain-get-egs[5.5.0-e4329]:ProcessFile():nnet3-chain-get-egs.cc:134) Not producing egs for utterance sp1.1-pue_11_long_227_hin-00002500-00005500-5 because it is too short: 89 frames.
WARNING (nnet3-chain-get-egs[5.5.0-e4329]:ProcessFile():nnet3-chain-get-egs.cc:134) Not producing egs for utterance sp1.1-pue_12_long_1286_hin-00005000-00008000-4 because it is too short: 90 frames.
WARNING (nnet3-chain-get-egs[5.5.0-e4329]:ProcessFile():nnet3-chain-get-egs.cc:134) Not producing egs for utterance sp1.1-pue_12_long_1315_hin-00002500-00005500-1 because it is too short: 93 frames.
WARNING (nnet3-chain-get-egs[5.5.0-e4329]:ProcessFile():nnet3-chain-get-egs.cc:134) Not producing egs for utterance sp1.1-pue_13_long_64_hin-00002500-00005500-4 because it is too short: 90 frames.
WARNING (nnet3-chain-get-egs[5.5.0-e4329]:ProcessFile():nnet3-chain-get-egs.cc:134) Not producing egs for utterance sp1.1-pue_148_long_1219_hin-00005000-00008592-4 because it is too short: 89 frames.
WARNING (nnet3-chain-get-egs[5.5.0-e4329]:ProcessFile():nnet3-chain-get-egs.cc:134) Not producing egs for utterance sp1.1-pue_148_long_1277_hin-00000000-00003000-5 because it is too short: 89 frames.
WARNING (nnet3-chain-get-egs[5.5.0-e4329]:ProcessFile():nnet3-chain-get-egs.cc:134) Not producing egs for utterance sp1.1-pue_148_long_1277_hin-00007500-00010504-4 because it is too short: 94 frames.
WARNING (nnet3-chain-get-egs[5.5.0-e4329]:ProcessFile():nnet3-chain-get-egs.cc:134) Not producing egs for utterance sp1.1-pue_148_long_468_hin-00005000-00008784-3 because it is too short: 101 frames.
WARNING (nnet3-chain-get-egs[5.5.0-e4329]:main():nnet3-chain-get-egs.cc:386) No pdf-level posterior for key sp1.1-pue_148_long_468_hin-00005000-00008784-5
WARNING (nnet3-chain-get-egs[5.5.0-e4329]:ProcessFile():nnet3-chain-get-egs.cc:134) Not producing egs for utterance sp1.1-pue_149_long_1090_hin-00002500-00005500-4 because it is too short: 99 frames.
WARNING (nnet3-chain-get-egs[5.5.0-e4329]:ProcessFile():nnet3-chain-get-egs.cc:134) Not producing egs for utterance sp1.1-pue_149_long_1288_hin-00002500-00005500-5 because it is too short: 89 frames.
WARNING (nnet3-chain-get-egs[5.5.0-e4329]:main():nnet3-chain-get-egs.cc:386) No pdf-level posterior for key sp1.1-pue_149_long_384_hin-00000000-00003000-3
WARNING (nnet3-chain-get-egs[5.5.0-e4329]:ProcessFile():nnet3-chain-get-egs.cc:134) Not producing egs for utterance sp1.1-pue_14_long_45_hin-00005000-00008000-5 because it is too short: 89 frames.
WARNING (nnet3-chain-get-egs[5.5.0-e4329]:ProcessFile():nnet3-chain-get-egs.cc:134) Not producing egs for utterance sp1.1-pue_150_long_4_hin-00002500-00005500-1 because it is too short: 93 frames.
WARNING (nnet3-chain-get-egs[5.5.0-e4329]:ProcessFile():nnet3-chain-get-egs.cc:134) Not producing egs for utterance sp1.1-pue_156_long_235_hin-00002500-00005500-1 because it is too short: 94 frames.
WARNING (nnet3-chain-get-egs[5.5.0-e4329]:main():nnet3-chain-get-egs.cc:386) No pdf-level posterior for key sp1.1-pue_157_long_40_hin-00005000-00007656-4
WARNING (nnet3-chain-get-egs[5.5.0-e4329]:ProcessFile():nnet3-chain-get-egs.cc:134) Not producing egs for utterance sp1.1-pue_15_long_351_hin-00000000-00003000-5 because it is too short: 96 frames.
WARNING (nnet3-chain-get-egs[5.5.0-e4329]:ProcessFile():nnet3-chain-get-egs.cc:134) Not producing egs for utterance sp1.1-pue_160_long_1019_hin-00007500-00010086-3 because it is too short: 100 frames.
WARNING (nnet3-chain-get-egs[5.5.0-e4329]:main():nnet3-chain-get-egs.cc:386) No pdf-level posterior for key sp1.1-pue_161_long_233_hin-00000000-00003000-1
WARNING (nnet3-chain-get-egs[5.5.0-e4329]:main():nnet3-chain-get-egs.cc:386) No pdf-level posterior for key sp1.1-pue_161_long_233_hin-00007500-00010790-1
WARNING (nnet3-chain-get-egs[5.5.0-e4329]:ProcessFile():nnet3-chain-get-egs.cc:134) Not producing egs for utterance sp1.1-pue_162_long_250_hin-00007500-00010957-7 because it is too short: 89 frames.
WARNING (nnet3-chain-get-egs[5.5.0-e4329]:ProcessFile():nnet3-chain-get-egs.cc:134) Not producing egs for utterance sp1.1-pue_162_long_371_hin-00002500-00005500-5 because it is too short: 89 frames.
WARNING (nnet3-chain-get-egs[5.5.0-e4329]:ProcessFile():nnet3-chain-get-egs.cc:134) Not producing egs for utterance sp1.1-pue_162_long_371_hin-00007500-00011187-1 because it is too short: 101 frames.
WARNING (nnet3-chain-get-egs[5.5.0-e4329]:ProcessFile():nnet3-chain-get-egs.cc:134) Not producing egs for utterance sp1.1-pue_162_long_395_hin-00002500-00005500-4 because it is too short: 89 frames.
WARNING (nnet3-chain-get-egs[5.5.0-e4329]:main():nnet3-chain-get-egs.cc:386) No pdf-level posterior for key sp1.1-pue_162_long_498_hin-00000000-00003000-2
WARNING (nnet3-chain-get-egs[5.5.0-e4329]:ProcessFile():nnet3-chain-get-egs.cc:134) Not producing egs for utterance sp1.1-pue_16_long_121_hin-00000000-00003000-5 because it is too short: 89 frames.
WARNING (nnet3-chain-get-egs[5.5.0-e4329]:ProcessFile():nnet3-chain-get-egs.cc:134) Not producing egs for utterance sp1.1-pue_17_long_230_hin-00002500-00005500-1 because it is too short: 95 frames.
WARNING (nnet3-chain-get-egs[5.5.0-e4329]:ProcessFile():nnet3-chain-get-egs.cc:134) Not producing egs for utterance sp1.1-pue_191_long_354_hin-00002500-00005500-4 because it is too short: 100 frames.
WARNING (nnet3-chain-get-egs[5.5.0-e4329]:ProcessFile():nnet3-chain-get-egs.cc:134) Not producing egs for utterance sp1.1-pue_191_long_44_hin-00007500-00009754-1 because it is too short: 93 frames.
WARNING (nnet3-chain-get-egs[5.5.0-e4329]:ProcessFile():nnet3-chain-get-egs.cc:134) Not producing egs for utterance sp1.1-pue_192_long_1264_hin-00005000-00008000-5 because it is too short: 89 frames.
WARNING (nnet3-chain-get-egs[5.5.0-e4329]:ProcessFile():nnet3-chain-get-egs.cc:134) Not producing egs for utterance sp1.1-pue_194_long_417_hin-00002500-00005500-3 because it is too short: 89 frames.
WARNING (nnet3-chain-get-egs[5.5.0-e4329]:ProcessFile():nnet3-chain-get-egs.cc:134) Not producing egs for utterance sp1.1-pue_194_long_417_hin-00007500-00010500-4 because it is too short: 89 frames.
WARNING (nnet3-chain-get-egs[5.5.0-e4329]:ProcessFile():nnet3-chain-get-egs.cc:134) Not producing egs for utterance sp1.1-pue_195_long_1110_hin-00007500-00010432-1 because it is too short: 89 frames.
WARNING (nnet3-chain-get-egs[5.5.0-e4329]:ProcessFile():nnet3-chain-get-egs.cc:134) Not producing egs for utterance sp1.1-pue_197_long_418_hin-00002500-00005500-1 because it is too short: 97 frames.
WARNING (nnet3-chain-get-egs[5.5.0-e4329]:main():nnet3-chain-get-egs.cc:386) No pdf-level posterior for key sp1.1-pue_197_long_78_hin-00005000-00007501-2
WARNING (nnet3-chain-get-egs[5.5.0-e4329]:ProcessFile():nnet3-chain-get-egs.cc:134) Not producing egs for utterance sp1.1-pue_19_long_1043_hin-00000000-00003000-4 because it is too short: 98 frames.
WARNING (nnet3-chain-get-egs[5.5.0-e4329]:ProcessFile():nnet3-chain-get-egs.cc:134) Not producing egs for utterance sp1.1-pue_19_long_39_hin-00000000-00003000-4 because it is too short: 89 frames.
WARNING (nnet3-chain-get-egs[5.5.0-e4329]:ProcessFile():nnet3-chain-get-egs.cc:134) Not producing egs for utterance sp1.1-pue_19_long_39_hin-00002500-00005500-2 because it is too short: 98 frames.
WARNING (nnet3-chain-get-egs[5.5.0-e4329]:ProcessFile():nnet3-chain-get-egs.cc:134) Not producing egs for utterance sp1.1-pue_19_long_57_hin-00010000-00012557-3 because it is too short: 100 frames.
WARNING (nnet3-chain-get-egs[5.5.0-e4329]:ProcessFile():nnet3-chain-get-egs.cc:134) Not producing egs for utterance sp1.1-pue_1_long_1061_hin-00005000-00008000-5 because it is too short: 89 frames.
WARNING (nnet3-chain-get-egs[5.5.0-e4329]:ProcessFile():nnet3-chain-get-egs.cc:134) Not producing egs for utterance sp1.1-pue_1_long_549_hin-00005000-00008320-1 because it is too short: 92 frames.
WARNING (nnet3-chain-get-egs[5.5.0-e4329]:ProcessFile():nnet3-chain-get-egs.cc:134) Not producing egs for utterance sp1.1-pue_200_long_116_hin-00007500-00010500-1 because it is too short: 94 frames.
WARNING (nnet3-chain-get-egs[5.5.0-e4329]:main():nnet3-chain-get-egs.cc:386) No pdf-level posterior for key sp1.1-pue_23_long_1308_hin-00000000-00003000-4
WARNING (nnet3-chain-get-egs[5.5.0-e4329]:ProcessFile():nnet3-chain-get-egs.cc:134) Not producing egs for utterance sp1.1-pue_23_long_349_hin-00002500-00005500-5 because it is too short: 99 frames.
WARNING (nnet3-chain-get-egs[5.5.0-e4329]:main():nnet3-chain-get-egs.cc:386) No pdf-level posterior for key sp1.1-pue_24_long_1180_hin-00002500-00005500-4
WARNING (nnet3-chain-get-egs[5.5.0-e4329]:ProcessFile():nnet3-chain-get-egs.cc:134) Not producing egs for utterance sp1.1-pue_24_long_156_hin-00002500-00005500-3 because it is too short: 96 frames.
WARNING (nnet3-chain-get-egs[5.5.0-e4329]:ProcessFile():nnet3-chain-get-egs.cc:134) Not producing egs for utterance sp1.1-pue_24_long_q_eng_33_hin-00000000-00002000-1 because it is too short: 94 frames.
WARNING (nnet3-chain-get-egs[5.5.0-e4329]:ProcessFile():nnet3-chain-get-egs.cc:134) Not producing egs for utterance sp1.1-pue_25_long_213_hin-00002500-00005500-4 because it is too short: 95 frames.
WARNING (nnet3-chain-get-egs[5.5.0-e4329]:ProcessFile():nnet3-chain-get-egs.cc:134) Not producing egs for utterance sp1.1-pue_25_long_353_hin-00000000-00003000-3 because it is too short: 93 frames.
WARNING (nnet3-chain-get-egs[5.5.0-e4329]:main():nnet3-chain-get-egs.cc:386) No pdf-level posterior for key sp1.1-pue_25_long_353_hin-00005000-00007760-1
WARNING (nnet3-chain-get-egs[5.5.0-e4329]:ProcessFile():nnet3-chain-get-egs.cc:134) Not producing egs for utterance sp1.1-pue_2_long_123_hin-00000000-00003000-6 because it is too short: 89 frames.
WARNING (nnet3-chain-get-egs[5.5.0-e4329]:ProcessFile():nnet3-chain-get-egs.cc:134) Not producing egs for utterance sp1.1-pue_2_long_129_hin-00002500-00005500-3 because it is too short: 90 frames.
WARNING (nnet3-chain-get-egs[5.5.0-e4329]:ProcessFile():nnet3-chain-get-egs.cc:134) Not producing egs for utterance sp1.1-pue_2_long_1364_hin-00002500-00005500-6 because it is too short: 89 frames.
WARNING (nnet3-chain-get-egs[5.5.0-e4329]:ProcessFile():nnet3-chain-get-egs.cc:134) Not producing egs for utterance sp1.1-pue_2_long_65_hin-00002500-00005500-5 because it is too short: 89 frames.
WARNING (nnet3-chain-get-egs[5.5.0-e4329]:ProcessFile():nnet3-chain-get-egs.cc:134) Not producing egs for utterance sp1.1-pue_335_long_1202_hin-00002500-00005500-3 because it is too short: 88 frames.
WARNING (nnet3-chain-get-egs[5.5.0-e4329]:ProcessFile():nnet3-chain-get-egs.cc:134) Not producing egs for utterance sp1.1-pue_3_long_1262_hin-00005000-00008000-2 because it is too short: 93 frames.
WARNING (nnet3-chain-get-egs[5.5.0-e4329]:main():nnet3-chain-get-egs.cc:386) No pdf-level posterior for key sp1.1-pue_508_long_123_hin-00000000-00003000-1
WARNING (nnet3-chain-get-egs[5.5.0-e4329]:main():nnet3-chain-get-egs.cc:386) No pdf-level posterior for key sp1.1-pue_508_long_123_hin-00000000-00003000-2
WARNING (nnet3-chain-get-egs[5.5.0-e4329]:main():nnet3-chain-get-egs.cc:386) No pdf-level posterior for key sp1.1-pue_508_long_123_hin-00002500-00005500-2
WARNING (nnet3-chain-get-egs[5.5.0-e4329]:ProcessFile():nnet3-chain-get-egs.cc:134) Not producing egs for utterance sp1.1-pue_509_long_158_hin-00005000-00008000-5 because it is too short: 89 frames.
WARNING (nnet3-chain-get-egs[5.5.0-e4329]:ProcessFile():nnet3-chain-get-egs.cc:134) Not producing egs for utterance sp1.1-pue_509_long_260_hin-00005000-00008000-6 because it is too short: 89 frames.
WARNING (nnet3-chain-get-egs[5.5.0-e4329]:ProcessFile():nnet3-chain-get-egs.cc:134) Not producing egs for utterance sp1.1-pue_540_long_481_hin-00000000-00003000-5 because it is too short: 90 frames.
WARNING (nnet3-chain-get-egs[5.5.0-e4329]:ProcessFile():nnet3-chain-get-egs.cc:134) Not producing egs for utterance sp1.1-pue_56_long_433_hin-00002500-00005500-1 because it is too short: 93 frames.
WARNING (nnet3-chain-get-egs[5.5.0-e4329]:ProcessFile():nnet3-chain-get-egs.cc:134) Not producing egs for utterance sp1.1-pue_56_long_59_hin-00005000-00008296-3 because it is too short: 90 frames.
WARNING (nnet3-chain-get-egs[5.5.0-e4329]:ProcessFile():nnet3-chain-get-egs.cc:134) Not producing egs for utterance sp1.1-pue_57_long_1261_hin-00002500-00005500-4 because it is too short: 101 frames.
WARNING (nnet3-chain-get-egs[5.5.0-e4329]:ProcessFile():nnet3-chain-get-egs.cc:134) Not producing egs for utterance sp1.1-pue_57_long_1317_hin-00000000-00003000-2 because it is too short: 92 frames.
WARNING (nnet3-chain-get-egs[5.5.0-e4329]:ProcessFile():nnet3-chain-get-egs.cc:134) Not producing egs for utterance sp1.1-pue_57_long_1317_hin-00005000-00008000-5 because it is too short: 90 frames.
WARNING (nnet3-chain-get-egs[5.5.0-e4329]:ProcessFile():nnet3-chain-get-egs.cc:134) Not producing egs for utterance sp1.1-pue_57_long_327_hin-00000000-00003000-4 because it is too short: 89 frames.
WARNING (nnet3-chain-get-egs[5.5.0-e4329]:ProcessFile():nnet3-chain-get-egs.cc:134) Not producing egs for utterance sp1.1-pue_58_long_259_hin-00002500-00005500-1 because it is too short: 93 frames.
WARNING (nnet3-chain-get-egs[5.5.0-e4329]:ProcessFile():nnet3-chain-get-egs.cc:134) Not producing egs for utterance sp1.1-pue_58_long_330_hin-00002500-00005500-1 because it is too short: 92 frames.
WARNING (nnet3-chain-get-egs[5.5.0-e4329]:ProcessFile():nnet3-chain-get-egs.cc:134) Not producing egs for utterance sp1.1-pue_59_long_128_hin-00002500-00005500-3 because it is too short: 89 frames.
WARNING (nnet3-chain-get-egs[5.5.0-e4329]:main():nnet3-chain-get-egs.cc:386) No pdf-level posterior for key sp1.1-pue_59_long_425_hin-00002500-00005500-3
WARNING (nnet3-chain-get-egs[5.5.0-e4329]:ProcessFile():nnet3-chain-get-egs.cc:134) Not producing egs for utterance sp1.1-pue_59_long_425_hin-00005000-00008216-2 because it is too short: 93 frames.
WARNING (nnet3-chain-get-egs[5.5.0-e4329]:ProcessFile():nnet3-chain-get-egs.cc:134) Not producing egs for utterance sp1.1-pue_59_long_475_hin-00000000-00003000-2 because it is too short: 93 frames.
WARNING (nnet3-chain-get-egs[5.5.0-e4329]:ProcessFile():nnet3-chain-get-egs.cc:134) Not producing egs for utterance sp1.1-pue_5_long_1369_hin-00005000-00009448-1 because it is too short: 93 frames.
WARNING (nnet3-chain-get-egs[5.5.0-e4329]:main():nnet3-chain-get-egs.cc:386) No pdf-level posterior for key sp1.1-pue_60_long_1115_hin-00000000-00003000-1
WARNING (nnet3-chain-get-egs[5.5.0-e4329]:main():nnet3-chain-get-egs.cc:386) No pdf-level posterior for key sp1.1-pue_60_long_1253_hin-00000000-00003000-4
WARNING (nnet3-chain-get-egs[5.5.0-e4329]:main():nnet3-chain-get-egs.cc:386) No pdf-level posterior for key sp1.1-pue_60_long_1253_hin-00002500-00006800-3
WARNING (nnet3-chain-get-egs[5.5.0-e4329]:main():nnet3-chain-get-egs.cc:386) No pdf-level posterior for key sp1.1-pue_60_long_398_hin-00000000-00003000-1
WARNING (nnet3-chain-get-egs[5.5.0-e4329]:main():nnet3-chain-get-egs.cc:386) No pdf-level posterior for key sp1.1-pue_60_long_398_hin-00002500-00005500-3
WARNING (nnet3-chain-get-egs[5.5.0-e4329]:ProcessFile():nnet3-chain-get-egs.cc:134) Not producing egs for utterance sp1.1-pue_61_long_499_hin-00002500-00005500-4 because it is too short: 100 frames.
WARNING (nnet3-chain-get-egs[5.5.0-e4329]:ProcessFile():nnet3-chain-get-egs.cc:134) Not producing egs for utterance sp1.1-pue_62_long_329_hin-00002500-00005500-2 because it is too short: 94 frames.
WARNING (nnet3-chain-get-egs[5.5.0-e4329]:ProcessFile():nnet3-chain-get-egs.cc:134) Not producing egs for utterance sp1.1-pue_63_long_53_hin-00007500-00010500-5 because it is too short: 89 frames.
WARNING (nnet3-chain-get-egs[5.5.0-e4329]:ProcessFile():nnet3-chain-get-egs.cc:134) Not producing egs for utterance sp1.1-pue_64_long_479_hin-00000000-00003000-5 because it is too short: 89 frames.
WARNING (nnet3-chain-get-egs[5.5.0-e4329]:ProcessFile():nnet3-chain-get-egs.cc:134) Not producing egs for utterance sp1.1-pue_64_long_4_hin-00002500-00005500-1 because it is too short: 93 frames.
WARNING (nnet3-chain-get-egs[5.5.0-e4329]:ProcessFile():nnet3-chain-get-egs.cc:134) Not producing egs for utterance sp1.1-pue_65_long_1179_hin-00002500-00005500-2 because it is too short: 94 frames.
WARNING (nnet3-chain-get-egs[5.5.0-e4329]:ProcessFile():nnet3-chain-get-egs.cc:134) Not producing egs for utterance sp1.1-pue_65_long_126_hin-00005000-00008000-1 because it is too short: 93 frames.
WARNING (nnet3-chain-get-egs[5.5.0-e4329]:ProcessFile():nnet3-chain-get-egs.cc:134) Not producing egs for utterance sp1.1-pue_7_long_3_hin-00000000-00003000-3 because it is too short: 96 frames.
LOG (lattice-align-phones[5.5.0-e4329]:main():lattice-align-phones.cc:104) Successfully aligned 6530 lattices; 0 had errors.
LOG (apply-cmvn[5.5.0-e4329]:main():apply-cmvn.cc:81) Copied 6509 utterances.
WARNING (nnet3-chain-get-egs[5.5.0-e4329]:main():nnet3-chain-get-egs.cc:435) 113 utterances had errors and could not be processed.
LOG (chain-get-supervision[5.5.0-e4329]:main():chain-get-supervision.cc:149) Generated chain supervision information for 6530 utterances, errors on 0
LOG (nnet3-chain-get-egs[5.5.0-e4329]:~UtteranceSplitter():nnet-example-utils.cc:357) Split 6488 utts, with total length 3464889 frames (9.62469 hours assuming 100 frames per second)
LOG (nnet3-chain-get-egs[5.5.0-e4329]:~UtteranceSplitter():nnet-example-utils.cc:366) Average chunk length was 136.146 frames; overlap between adjacent chunks was 0.955788% of input length; length of output was 100.437% of input length (minus overlap = 99.4809%).
LOG (nnet3-chain-get-egs[5.5.0-e4329]:~UtteranceSplitter():nnet-example-utils.cc:382) Output frames are distributed among chunk-sizes as follows: 102 = 14.68%, 141 = 69.53%, 162 = 15.79%
LOG (nnet3-chain-copy-egs[5.5.0-e4329]:main():nnet3-chain-copy-egs.cc:395) Read 25561 neural-network training examples, wrote 25561
# Accounting: time=57 threads=1
# Ended (code 0) at Fri May  3 19:08:10 IST 2019, elapsed time 57 seconds
