# lattice-align-phones --replace-output-symbols=true exp/chain/tri2_train_sp_lats/final.mdl "ark:gunzip -c exp/chain/tri2_train_sp_lats/lat.14.gz |" ark:- | chain-get-supervision --lattice-input=true --frame-subsampling-factor=3 --right-tolerance=5 --left-tolerance=5 exp/chain/tdnn1a_sp/tree exp/chain/tdnn1a_sp/0.trans_mdl ark:- ark:- | nnet3-chain-get-egs --online-ivectors=scp:exp/nnet3/ivectors_train_sp_hires/ivector_online.scp --online-ivector-period=10 --srand=$[14+0] --left-context=17 --right-context=11 --num-frames=140,100,160 --frame-subsampling-factor=3 --compress=true --left-context-initial=17 --right-context-final=11 --num-frames-overlap=0 "ark,s,cs:utils/filter_scp.pl --exclude exp/chain/tdnn1a_sp/egs/valid_uttlist data/train_sp_hires/split20/14/feats.scp | apply-cmvn --norm-means=false --norm-vars=false --utt2spk=ark:data/train_sp_hires/split20/14/utt2spk scp:data/train_sp_hires/split20/14/cmvn.scp scp:- ark:- |" ark,s,cs:- ark:- | nnet3-chain-copy-egs --random=true --srand=$[14+0] ark:- ark:exp/chain/tdnn1a_sp/egs/cegs_orig.14.1.ark ark:exp/chain/tdnn1a_sp/egs/cegs_orig.14.2.ark ark:exp/chain/tdnn1a_sp/egs/cegs_orig.14.3.ark ark:exp/chain/tdnn1a_sp/egs/cegs_orig.14.4.ark ark:exp/chain/tdnn1a_sp/egs/cegs_orig.14.5.ark ark:exp/chain/tdnn1a_sp/egs/cegs_orig.14.6.ark ark:exp/chain/tdnn1a_sp/egs/cegs_orig.14.7.ark ark:exp/chain/tdnn1a_sp/egs/cegs_orig.14.8.ark ark:exp/chain/tdnn1a_sp/egs/cegs_orig.14.9.ark ark:exp/chain/tdnn1a_sp/egs/cegs_orig.14.10.ark ark:exp/chain/tdnn1a_sp/egs/cegs_orig.14.11.ark ark:exp/chain/tdnn1a_sp/egs/cegs_orig.14.12.ark ark:exp/chain/tdnn1a_sp/egs/cegs_orig.14.13.ark ark:exp/chain/tdnn1a_sp/egs/cegs_orig.14.14.ark ark:exp/chain/tdnn1a_sp/egs/cegs_orig.14.15.ark ark:exp/chain/tdnn1a_sp/egs/cegs_orig.14.16.ark ark:exp/chain/tdnn1a_sp/egs/cegs_orig.14.17.ark ark:exp/chain/tdnn1a_sp/egs/cegs_orig.14.18.ark ark:exp/chain/tdnn1a_sp/egs/cegs_orig.14.19.ark ark:exp/chain/tdnn1a_sp/egs/cegs_orig.14.20.ark ark:exp/chain/tdnn1a_sp/egs/cegs_orig.14.21.ark ark:exp/chain/tdnn1a_sp/egs/cegs_orig.14.22.ark ark:exp/chain/tdnn1a_sp/egs/cegs_orig.14.23.ark ark:exp/chain/tdnn1a_sp/egs/cegs_orig.14.24.ark ark:exp/chain/tdnn1a_sp/egs/cegs_orig.14.25.ark ark:exp/chain/tdnn1a_sp/egs/cegs_orig.14.26.ark ark:exp/chain/tdnn1a_sp/egs/cegs_orig.14.27.ark 
# Started at Fri May  3 19:04:47 IST 2019
#
nnet3-chain-copy-egs --random=true --srand=14 ark:- ark:exp/chain/tdnn1a_sp/egs/cegs_orig.14.1.ark ark:exp/chain/tdnn1a_sp/egs/cegs_orig.14.2.ark ark:exp/chain/tdnn1a_sp/egs/cegs_orig.14.3.ark ark:exp/chain/tdnn1a_sp/egs/cegs_orig.14.4.ark ark:exp/chain/tdnn1a_sp/egs/cegs_orig.14.5.ark ark:exp/chain/tdnn1a_sp/egs/cegs_orig.14.6.ark ark:exp/chain/tdnn1a_sp/egs/cegs_orig.14.7.ark ark:exp/chain/tdnn1a_sp/egs/cegs_orig.14.8.ark ark:exp/chain/tdnn1a_sp/egs/cegs_orig.14.9.ark ark:exp/chain/tdnn1a_sp/egs/cegs_orig.14.10.ark ark:exp/chain/tdnn1a_sp/egs/cegs_orig.14.11.ark ark:exp/chain/tdnn1a_sp/egs/cegs_orig.14.12.ark ark:exp/chain/tdnn1a_sp/egs/cegs_orig.14.13.ark ark:exp/chain/tdnn1a_sp/egs/cegs_orig.14.14.ark ark:exp/chain/tdnn1a_sp/egs/cegs_orig.14.15.ark ark:exp/chain/tdnn1a_sp/egs/cegs_orig.14.16.ark ark:exp/chain/tdnn1a_sp/egs/cegs_orig.14.17.ark ark:exp/chain/tdnn1a_sp/egs/cegs_orig.14.18.ark ark:exp/chain/tdnn1a_sp/egs/cegs_orig.14.19.ark ark:exp/chain/tdnn1a_sp/egs/cegs_orig.14.20.ark ark:exp/chain/tdnn1a_sp/egs/cegs_orig.14.21.ark ark:exp/chain/tdnn1a_sp/egs/cegs_orig.14.22.ark ark:exp/chain/tdnn1a_sp/egs/cegs_orig.14.23.ark ark:exp/chain/tdnn1a_sp/egs/cegs_orig.14.24.ark ark:exp/chain/tdnn1a_sp/egs/cegs_orig.14.25.ark ark:exp/chain/tdnn1a_sp/egs/cegs_orig.14.26.ark ark:exp/chain/tdnn1a_sp/egs/cegs_orig.14.27.ark 
lattice-align-phones --replace-output-symbols=true exp/chain/tri2_train_sp_lats/final.mdl 'ark:gunzip -c exp/chain/tri2_train_sp_lats/lat.14.gz |' ark:- 
nnet3-chain-get-egs --online-ivectors=scp:exp/nnet3/ivectors_train_sp_hires/ivector_online.scp --online-ivector-period=10 --srand=14 --left-context=17 --right-context=11 --num-frames=140,100,160 --frame-subsampling-factor=3 --compress=true --left-context-initial=17 --right-context-final=11 --num-frames-overlap=0 'ark,s,cs:utils/filter_scp.pl --exclude exp/chain/tdnn1a_sp/egs/valid_uttlist data/train_sp_hires/split20/14/feats.scp | apply-cmvn --norm-means=false --norm-vars=false --utt2spk=ark:data/train_sp_hires/split20/14/utt2spk scp:data/train_sp_hires/split20/14/cmvn.scp scp:- ark:- |' ark,s,cs:- ark:- 
LOG (nnet3-chain-get-egs[5.5.0-e4329]:ComputeDerived():nnet-example-utils.cc:335) Rounding up --num-frames=140,100,160 to multiples of --frame-subsampling-factor=3, to: 141,102,162
chain-get-supervision --lattice-input=true --frame-subsampling-factor=3 --right-tolerance=5 --left-tolerance=5 exp/chain/tdnn1a_sp/tree exp/chain/tdnn1a_sp/0.trans_mdl ark:- ark:- 
apply-cmvn --norm-means=false --norm-vars=false --utt2spk=ark:data/train_sp_hires/split20/14/utt2spk scp:data/train_sp_hires/split20/14/cmvn.scp scp:- ark:- 
WARNING (nnet3-chain-get-egs[5.5.0-e4329]:main():nnet3-chain-get-egs.cc:386) No pdf-level posterior for key sp0.9-pue_508_long_123_hin-00000000-00003000-1
WARNING (nnet3-chain-get-egs[5.5.0-e4329]:main():nnet3-chain-get-egs.cc:386) No pdf-level posterior for key sp0.9-pue_508_long_123_hin-00002500-00005500-2
WARNING (nnet3-chain-get-egs[5.5.0-e4329]:main():nnet3-chain-get-egs.cc:386) No pdf-level posterior for key sp0.9-pue_59_long_425_hin-00002500-00005500-3
WARNING (nnet3-chain-get-egs[5.5.0-e4329]:main():nnet3-chain-get-egs.cc:386) No pdf-level posterior for key sp0.9-pue_60_long_1115_hin-00000000-00003000-1
WARNING (nnet3-chain-get-egs[5.5.0-e4329]:main():nnet3-chain-get-egs.cc:386) No pdf-level posterior for key sp0.9-pue_60_long_1253_hin-00000000-00003000-4
WARNING (nnet3-chain-get-egs[5.5.0-e4329]:main():nnet3-chain-get-egs.cc:386) No pdf-level posterior for key sp0.9-pue_60_long_398_hin-00000000-00003000-1
WARNING (nnet3-chain-get-egs[5.5.0-e4329]:main():nnet3-chain-get-egs.cc:386) No pdf-level posterior for key sp0.9-pue_60_long_398_hin-00002500-00005500-3
WARNING (nnet3-chain-get-egs[5.5.0-e4329]:ProcessFile():nnet3-chain-get-egs.cc:134) Not producing egs for utterance sp1.1-ahd_26_long_1012_hin-00002500-00005500-1 because it is too short: 89 frames.
WARNING (nnet3-chain-get-egs[5.5.0-e4329]:ProcessFile():nnet3-chain-get-egs.cc:134) Not producing egs for utterance sp1.1-ahd_28_long_1335_hin-00000000-00003000-4 because it is too short: 100 frames.
WARNING (nnet3-chain-get-egs[5.5.0-e4329]:ProcessFile():nnet3-chain-get-egs.cc:134) Not producing egs for utterance sp1.1-ahd_28_long_540_hin-00002500-00005500-6 because it is too short: 91 frames.
WARNING (nnet3-chain-get-egs[5.5.0-e4329]:ProcessFile():nnet3-chain-get-egs.cc:134) Not producing egs for utterance sp1.1-ahd_29_long_144_hin-00002500-00005500-1 because it is too short: 89 frames.
WARNING (nnet3-chain-get-egs[5.5.0-e4329]:ProcessFile():nnet3-chain-get-egs.cc:134) Not producing egs for utterance sp1.1-ahd_30_long_492_hin-00007500-00010824-1 because it is too short: 89 frames.
WARNING (nnet3-chain-get-egs[5.5.0-e4329]:ProcessFile():nnet3-chain-get-egs.cc:134) Not producing egs for utterance sp1.1-ahd_31_long_1366_hin-00002500-00005500-5 because it is too short: 92 frames.
WARNING (nnet3-chain-get-egs[5.5.0-e4329]:ProcessFile():nnet3-chain-get-egs.cc:134) Not producing egs for utterance sp1.1-ahd_31_long_1366_hin-00002500-00005500-6 because it is too short: 91 frames.
WARNING (nnet3-chain-get-egs[5.5.0-e4329]:ProcessFile():nnet3-chain-get-egs.cc:134) Not producing egs for utterance sp1.1-ahd_32_long_1336_hin-00002500-00005500-6 because it is too short: 89 frames.
WARNING (nnet3-chain-get-egs[5.5.0-e4329]:ProcessFile():nnet3-chain-get-egs.cc:134) Not producing egs for utterance sp1.1-ahd_32_long_1353_hin-00007500-00010576-5 because it is too short: 96 frames.
WARNING (nnet3-chain-get-egs[5.5.0-e4329]:ProcessFile():nnet3-chain-get-egs.cc:134) Not producing egs for utterance sp1.1-ahd_32_long_415_hin-00007500-00010592-1 because it is too short: 99 frames.
WARNING (nnet3-chain-get-egs[5.5.0-e4329]:ProcessFile():nnet3-chain-get-egs.cc:134) Not producing egs for utterance sp1.1-ahd_33_long_325_hin-00012500-00015616-1 because it is too short: 93 frames.
WARNING (nnet3-chain-get-egs[5.5.0-e4329]:ProcessFile():nnet3-chain-get-egs.cc:134) Not producing egs for utterance sp1.1-ahd_34_long_1341_hin-00005000-00008000-5 because it is too short: 89 frames.
WARNING (nnet3-chain-get-egs[5.5.0-e4329]:ProcessFile():nnet3-chain-get-egs.cc:134) Not producing egs for utterance sp1.1-ahd_34_long_178_hin-00005000-00008000-6 because it is too short: 89 frames.
WARNING (nnet3-chain-get-egs[5.5.0-e4329]:ProcessFile():nnet3-chain-get-egs.cc:134) Not producing egs for utterance sp1.1-ahd_37_long_125_hin-00005000-00007910-1 because it is too short: 93 frames.
WARNING (nnet3-chain-get-egs[5.5.0-e4329]:ProcessFile():nnet3-chain-get-egs.cc:134) Not producing egs for utterance sp1.1-ahd_38_long_1215_hin-00007500-00010160-1 because it is too short: 101 frames.
WARNING (nnet3-chain-get-egs[5.5.0-e4329]:ProcessFile():nnet3-chain-get-egs.cc:134) Not producing egs for utterance sp1.1-ahd_39_long_1040_hin-00015000-00018424-1 because it is too short: 94 frames.
WARNING (nnet3-chain-get-egs[5.5.0-e4329]:ProcessFile():nnet3-chain-get-egs.cc:134) Not producing egs for utterance sp1.1-ahd_40_long_104_hin-00000000-00003000-5 because it is too short: 94 frames.
WARNING (nnet3-chain-get-egs[5.5.0-e4329]:ProcessFile():nnet3-chain-get-egs.cc:134) Not producing egs for utterance sp1.1-ahd_41_long_1323_hin-00007500-00011352-5 because it is too short: 89 frames.
WARNING (nnet3-chain-get-egs[5.5.0-e4329]:main():nnet3-chain-get-egs.cc:386) No pdf-level posterior for key sp1.1-ahd_43_long_1034_hin-00002500-00005500-1
WARNING (nnet3-chain-get-egs[5.5.0-e4329]:ProcessFile():nnet3-chain-get-egs.cc:134) Not producing egs for utterance sp1.1-ahd_43_long_1034_hin-00005000-00009352-1 because it is too short: 93 frames.
WARNING (nnet3-chain-get-egs[5.5.0-e4329]:ProcessFile():nnet3-chain-get-egs.cc:134) Not producing egs for utterance sp1.1-ahd_46_long_1053_hin-00000000-00003000-5 because it is too short: 90 frames.
WARNING (nnet3-chain-get-egs[5.5.0-e4329]:ProcessFile():nnet3-chain-get-egs.cc:134) Not producing egs for utterance sp1.1-ahd_46_long_1200_hin-00000000-00003000-4 because it is too short: 97 frames.
WARNING (nnet3-chain-get-egs[5.5.0-e4329]:ProcessFile():nnet3-chain-get-egs.cc:134) Not producing egs for utterance sp1.1-ahd_48_long_495_hin-00002500-00005500-1 because it is too short: 100 frames.
WARNING (nnet3-chain-get-egs[5.5.0-e4329]:ProcessFile():nnet3-chain-get-egs.cc:134) Not producing egs for utterance sp1.1-ahd_49_long_1149_hin-00002500-00005500-1 because it is too short: 89 frames.
WARNING (nnet3-chain-get-egs[5.5.0-e4329]:ProcessFile():nnet3-chain-get-egs.cc:134) Not producing egs for utterance sp1.1-ahd_50_long_310_hin-00000000-00003000-5 because it is too short: 89 frames.
WARNING (nnet3-chain-get-egs[5.5.0-e4329]:ProcessFile():nnet3-chain-get-egs.cc:134) Not producing egs for utterance sp1.1-ahd_50_long_552_hin-00005000-00008000-2 because it is too short: 99 frames.
WARNING (nnet3-chain-get-egs[5.5.0-e4329]:ProcessFile():nnet3-chain-get-egs.cc:134) Not producing egs for utterance sp1.1-ahd_51_long_220_hin-00002500-00005500-1 because it is too short: 98 frames.
WARNING (nnet3-chain-get-egs[5.5.0-e4329]:ProcessFile():nnet3-chain-get-egs.cc:134) Not producing egs for utterance sp1.1-ahd_51_long_533_hin-00002500-00005500-1 because it is too short: 94 frames.
WARNING (nnet3-chain-get-egs[5.5.0-e4329]:ProcessFile():nnet3-chain-get-egs.cc:134) Not producing egs for utterance sp1.1-ahd_52_long_1070_hin-00000000-00003000-2 because it is too short: 93 frames.
WARNING (nnet3-chain-get-egs[5.5.0-e4329]:ProcessFile():nnet3-chain-get-egs.cc:134) Not producing egs for utterance sp1.1-ahd_52_long_1070_hin-00000000-00003000-5 because it is too short: 89 frames.
WARNING (nnet3-chain-get-egs[5.5.0-e4329]:ProcessFile():nnet3-chain-get-egs.cc:134) Not producing egs for utterance sp1.1-ahd_52_long_1070_hin-00010000-00013000-4 because it is too short: 92 frames.
WARNING (nnet3-chain-get-egs[5.5.0-e4329]:ProcessFile():nnet3-chain-get-egs.cc:134) Not producing egs for utterance sp1.1-ahd_53_long_1150_hin-00005000-00008000-1 because it is too short: 94 frames.
WARNING (nnet3-chain-get-egs[5.5.0-e4329]:ProcessFile():nnet3-chain-get-egs.cc:134) Not producing egs for utterance sp1.1-ahd_542_long_541_hin-00002500-00005500-1 because it is too short: 98 frames.
WARNING (nnet3-chain-get-egs[5.5.0-e4329]:main():nnet3-chain-get-egs.cc:386) No pdf-level posterior for key sp1.1-ahd_543_long_1151_hin-00000000-00003000-2
WARNING (nnet3-chain-get-egs[5.5.0-e4329]:main():nnet3-chain-get-egs.cc:386) No pdf-level posterior for key sp1.1-ahd_543_long_1286_hin-00000000-00003000-1
WARNING (nnet3-chain-get-egs[5.5.0-e4329]:ProcessFile():nnet3-chain-get-egs.cc:134) Not producing egs for utterance sp1.1-ahd_544_long_549_hin-00002500-00006696-1 because it is too short: 94 frames.
WARNING (nnet3-chain-get-egs[5.5.0-e4329]:ProcessFile():nnet3-chain-get-egs.cc:134) Not producing egs for utterance sp1.1-ahd_545_long_1177_hin-00002500-00005500-5 because it is too short: 89 frames.
WARNING (nnet3-chain-get-egs[5.5.0-e4329]:ProcessFile():nnet3-chain-get-egs.cc:134) Not producing egs for utterance sp1.1-ahd_546_long_1054_hin-00002500-00005500-6 because it is too short: 99 frames.
WARNING (nnet3-chain-get-egs[5.5.0-e4329]:ProcessFile():nnet3-chain-get-egs.cc:134) Not producing egs for utterance sp1.1-ahd_546_long_519_hin-00000000-00003000-5 because it is too short: 89 frames.
WARNING (nnet3-chain-get-egs[5.5.0-e4329]:ProcessFile():nnet3-chain-get-egs.cc:134) Not producing egs for utterance sp1.1-ahd_547_long_1282_hin-00010000-00013000-1 because it is too short: 94 frames.
WARNING (nnet3-chain-get-egs[5.5.0-e4329]:ProcessFile():nnet3-chain-get-egs.cc:134) Not producing egs for utterance sp1.1-ahd_547_long_1375_hin-00002500-00005500-1 because it is too short: 93 frames.
WARNING (nnet3-chain-get-egs[5.5.0-e4329]:ProcessFile():nnet3-chain-get-egs.cc:134) Not producing egs for utterance sp1.1-ahd_548_long_1284_hin-00002500-00005500-1 because it is too short: 100 frames.
WARNING (nnet3-chain-get-egs[5.5.0-e4329]:ProcessFile():nnet3-chain-get-egs.cc:134) Not producing egs for utterance sp1.1-ahd_548_long_1284_hin-00002500-00005500-2 because it is too short: 89 frames.
WARNING (nnet3-chain-get-egs[5.5.0-e4329]:main():nnet3-chain-get-egs.cc:386) No pdf-level posterior for key sp1.1-ahd_54_long_1018_hin-00000000-00003000-1
WARNING (nnet3-chain-get-egs[5.5.0-e4329]:ProcessFile():nnet3-chain-get-egs.cc:134) Not producing egs for utterance sp1.1-ahd_54_long_1018_hin-00005000-00008000-1 because it is too short: 98 frames.
WARNING (nnet3-chain-get-egs[5.5.0-e4329]:ProcessFile():nnet3-chain-get-egs.cc:134) Not producing egs for utterance sp1.1-ahd_54_long_498_hin-00000000-00003000-5 because it is too short: 95 frames.
WARNING (nnet3-chain-get-egs[5.5.0-e4329]:ProcessFile():nnet3-chain-get-egs.cc:134) Not producing egs for utterance sp1.1-ahd_550_long_1095_hin-00005000-00008000-6 because it is too short: 89 frames.
WARNING (nnet3-chain-get-egs[5.5.0-e4329]:ProcessFile():nnet3-chain-get-egs.cc:134) Not producing egs for utterance sp1.1-ahd_550_long_1137_hin-00002500-00005500-3 because it is too short: 97 frames.
WARNING (nnet3-chain-get-egs[5.5.0-e4329]:ProcessFile():nnet3-chain-get-egs.cc:134) Not producing egs for utterance sp1.1-ahd_550_long_1137_hin-00005000-00008000-6 because it is too short: 89 frames.
WARNING (nnet3-chain-get-egs[5.5.0-e4329]:ProcessFile():nnet3-chain-get-egs.cc:134) Not producing egs for utterance sp1.1-ahd_550_long_1137_hin-00010000-00013000-5 because it is too short: 89 frames.
WARNING (nnet3-chain-get-egs[5.5.0-e4329]:ProcessFile():nnet3-chain-get-egs.cc:134) Not producing egs for utterance sp1.1-ahd_552_long_280_hin-00007500-00011672-1 because it is too short: 94 frames.
WARNING (nnet3-chain-get-egs[5.5.0-e4329]:ProcessFile():nnet3-chain-get-egs.cc:134) Not producing egs for utterance sp1.1-ahd_554_long_1232_hin-00000000-00003000-4 because it is too short: 93 frames.
WARNING (nnet3-chain-get-egs[5.5.0-e4329]:ProcessFile():nnet3-chain-get-egs.cc:134) Not producing egs for utterance sp1.1-ahd_554_long_1331_hin-00000000-00003000-5 because it is too short: 89 frames.
WARNING (nnet3-chain-get-egs[5.5.0-e4329]:main():nnet3-chain-get-egs.cc:386) No pdf-level posterior for key sp1.1-ahd_555_long_1372_hin-00005000-00009168-7
WARNING (nnet3-chain-get-egs[5.5.0-e4329]:ProcessFile():nnet3-chain-get-egs.cc:134) Not producing egs for utterance sp1.1-ahd_555_long_221_hin-00002500-00005500-1 because it is too short: 93 frames.
WARNING (nnet3-chain-get-egs[5.5.0-e4329]:ProcessFile():nnet3-chain-get-egs.cc:134) Not producing egs for utterance sp1.1-ahd_555_long_524_hin-00000000-00003000-4 because it is too short: 89 frames.
WARNING (nnet3-chain-get-egs[5.5.0-e4329]:ProcessFile():nnet3-chain-get-egs.cc:134) Not producing egs for utterance sp1.1-ahd_556_long_26_hin-00000000-00003000-5 because it is too short: 89 frames.
WARNING (nnet3-chain-get-egs[5.5.0-e4329]:ProcessFile():nnet3-chain-get-egs.cc:134) Not producing egs for utterance sp1.1-ahd_556_long_373_hin-00005000-00008000-4 because it is too short: 89 frames.
WARNING (nnet3-chain-get-egs[5.5.0-e4329]:ProcessFile():nnet3-chain-get-egs.cc:134) Not producing egs for utterance sp1.1-ahd_557_long_1165_hin-00005000-00008000-8 because it is too short: 96 frames.
WARNING (nnet3-chain-get-egs[5.5.0-e4329]:ProcessFile():nnet3-chain-get-egs.cc:134) Not producing egs for utterance sp1.1-ahd_557_long_561_hin-00007500-00010840-1 because it is too short: 90 frames.
LOG (lattice-align-phones[5.5.0-e4329]:main():lattice-align-phones.cc:104) Successfully aligned 6557 lattices; 0 had errors.
LOG (apply-cmvn[5.5.0-e4329]:main():apply-cmvn.cc:81) Copied 6523 utterances.
LOG (chain-get-supervision[5.5.0-e4329]:main():chain-get-supervision.cc:149) Generated chain supervision information for 6557 utterances, errors on 0
WARNING (nnet3-chain-get-egs[5.5.0-e4329]:main():nnet3-chain-get-egs.cc:435) 67 utterances had errors and could not be processed.
LOG (nnet3-chain-get-egs[5.5.0-e4329]:~UtteranceSplitter():nnet-example-utils.cc:357) Split 6511 utts, with total length 3741437 frames (10.3929 hours assuming 100 frames per second)
LOG (nnet3-chain-get-egs[5.5.0-e4329]:~UtteranceSplitter():nnet-example-utils.cc:366) Average chunk length was 136.448 frames; overlap between adjacent chunks was 0.865657% of input length; length of output was 100.484% of input length (minus overlap = 99.6187%).
LOG (nnet3-chain-get-egs[5.5.0-e4329]:~UtteranceSplitter():nnet-example-utils.cc:382) Output frames are distributed among chunk-sizes as follows: 102 = 13.71%, 141 = 71.59%, 162 = 14.7%
LOG (nnet3-chain-copy-egs[5.5.0-e4329]:main():nnet3-chain-copy-egs.cc:395) Read 27553 neural-network training examples, wrote 27553
# Accounting: time=184 threads=1
# Ended (code 0) at Fri May  3 19:07:51 IST 2019, elapsed time 184 seconds
