# lattice-align-phones --replace-output-symbols=true exp/chain/tri2_train_sp_lats/final.mdl "ark:gunzip -c exp/chain/tri2_train_sp_lats/lat.7.gz |" ark:- | chain-get-supervision --lattice-input=true --frame-subsampling-factor=3 --right-tolerance=5 --left-tolerance=5 exp/chain/tdnn1a_sp/tree exp/chain/tdnn1a_sp/0.trans_mdl ark:- ark:- | nnet3-chain-get-egs --online-ivectors=scp:exp/nnet3/ivectors_train_sp_hires/ivector_online.scp --online-ivector-period=10 --srand=$[7+0] --left-context=17 --right-context=11 --num-frames=140,100,160 --frame-subsampling-factor=3 --compress=true --left-context-initial=17 --right-context-final=11 --num-frames-overlap=0 "ark,s,cs:utils/filter_scp.pl --exclude exp/chain/tdnn1a_sp/egs/valid_uttlist data/train_sp_hires/split20/7/feats.scp | apply-cmvn --norm-means=false --norm-vars=false --utt2spk=ark:data/train_sp_hires/split20/7/utt2spk scp:data/train_sp_hires/split20/7/cmvn.scp scp:- ark:- |" ark,s,cs:- ark:- | nnet3-chain-copy-egs --random=true --srand=$[7+0] ark:- ark:exp/chain/tdnn1a_sp/egs/cegs_orig.7.1.ark ark:exp/chain/tdnn1a_sp/egs/cegs_orig.7.2.ark ark:exp/chain/tdnn1a_sp/egs/cegs_orig.7.3.ark ark:exp/chain/tdnn1a_sp/egs/cegs_orig.7.4.ark ark:exp/chain/tdnn1a_sp/egs/cegs_orig.7.5.ark ark:exp/chain/tdnn1a_sp/egs/cegs_orig.7.6.ark ark:exp/chain/tdnn1a_sp/egs/cegs_orig.7.7.ark ark:exp/chain/tdnn1a_sp/egs/cegs_orig.7.8.ark ark:exp/chain/tdnn1a_sp/egs/cegs_orig.7.9.ark ark:exp/chain/tdnn1a_sp/egs/cegs_orig.7.10.ark ark:exp/chain/tdnn1a_sp/egs/cegs_orig.7.11.ark ark:exp/chain/tdnn1a_sp/egs/cegs_orig.7.12.ark ark:exp/chain/tdnn1a_sp/egs/cegs_orig.7.13.ark ark:exp/chain/tdnn1a_sp/egs/cegs_orig.7.14.ark ark:exp/chain/tdnn1a_sp/egs/cegs_orig.7.15.ark ark:exp/chain/tdnn1a_sp/egs/cegs_orig.7.16.ark ark:exp/chain/tdnn1a_sp/egs/cegs_orig.7.17.ark ark:exp/chain/tdnn1a_sp/egs/cegs_orig.7.18.ark ark:exp/chain/tdnn1a_sp/egs/cegs_orig.7.19.ark ark:exp/chain/tdnn1a_sp/egs/cegs_orig.7.20.ark ark:exp/chain/tdnn1a_sp/egs/cegs_orig.7.21.ark ark:exp/chain/tdnn1a_sp/egs/cegs_orig.7.22.ark ark:exp/chain/tdnn1a_sp/egs/cegs_orig.7.23.ark ark:exp/chain/tdnn1a_sp/egs/cegs_orig.7.24.ark ark:exp/chain/tdnn1a_sp/egs/cegs_orig.7.25.ark ark:exp/chain/tdnn1a_sp/egs/cegs_orig.7.26.ark ark:exp/chain/tdnn1a_sp/egs/cegs_orig.7.27.ark 
# Started at Fri May  3 19:04:46 IST 2019
#
nnet3-chain-copy-egs --random=true --srand=7 ark:- ark:exp/chain/tdnn1a_sp/egs/cegs_orig.7.1.ark ark:exp/chain/tdnn1a_sp/egs/cegs_orig.7.2.ark ark:exp/chain/tdnn1a_sp/egs/cegs_orig.7.3.ark ark:exp/chain/tdnn1a_sp/egs/cegs_orig.7.4.ark ark:exp/chain/tdnn1a_sp/egs/cegs_orig.7.5.ark ark:exp/chain/tdnn1a_sp/egs/cegs_orig.7.6.ark ark:exp/chain/tdnn1a_sp/egs/cegs_orig.7.7.ark ark:exp/chain/tdnn1a_sp/egs/cegs_orig.7.8.ark ark:exp/chain/tdnn1a_sp/egs/cegs_orig.7.9.ark ark:exp/chain/tdnn1a_sp/egs/cegs_orig.7.10.ark ark:exp/chain/tdnn1a_sp/egs/cegs_orig.7.11.ark ark:exp/chain/tdnn1a_sp/egs/cegs_orig.7.12.ark ark:exp/chain/tdnn1a_sp/egs/cegs_orig.7.13.ark ark:exp/chain/tdnn1a_sp/egs/cegs_orig.7.14.ark ark:exp/chain/tdnn1a_sp/egs/cegs_orig.7.15.ark ark:exp/chain/tdnn1a_sp/egs/cegs_orig.7.16.ark ark:exp/chain/tdnn1a_sp/egs/cegs_orig.7.17.ark ark:exp/chain/tdnn1a_sp/egs/cegs_orig.7.18.ark ark:exp/chain/tdnn1a_sp/egs/cegs_orig.7.19.ark ark:exp/chain/tdnn1a_sp/egs/cegs_orig.7.20.ark ark:exp/chain/tdnn1a_sp/egs/cegs_orig.7.21.ark ark:exp/chain/tdnn1a_sp/egs/cegs_orig.7.22.ark ark:exp/chain/tdnn1a_sp/egs/cegs_orig.7.23.ark ark:exp/chain/tdnn1a_sp/egs/cegs_orig.7.24.ark ark:exp/chain/tdnn1a_sp/egs/cegs_orig.7.25.ark ark:exp/chain/tdnn1a_sp/egs/cegs_orig.7.26.ark ark:exp/chain/tdnn1a_sp/egs/cegs_orig.7.27.ark 
chain-get-supervision --lattice-input=true --frame-subsampling-factor=3 --right-tolerance=5 --left-tolerance=5 exp/chain/tdnn1a_sp/tree exp/chain/tdnn1a_sp/0.trans_mdl ark:- ark:- 
nnet3-chain-get-egs --online-ivectors=scp:exp/nnet3/ivectors_train_sp_hires/ivector_online.scp --online-ivector-period=10 --srand=7 --left-context=17 --right-context=11 --num-frames=140,100,160 --frame-subsampling-factor=3 --compress=true --left-context-initial=17 --right-context-final=11 --num-frames-overlap=0 'ark,s,cs:utils/filter_scp.pl --exclude exp/chain/tdnn1a_sp/egs/valid_uttlist data/train_sp_hires/split20/7/feats.scp | apply-cmvn --norm-means=false --norm-vars=false --utt2spk=ark:data/train_sp_hires/split20/7/utt2spk scp:data/train_sp_hires/split20/7/cmvn.scp scp:- ark:- |' ark,s,cs:- ark:- 
LOG (nnet3-chain-get-egs[5.5.0-e4329]:ComputeDerived():nnet-example-utils.cc:335) Rounding up --num-frames=140,100,160 to multiples of --frame-subsampling-factor=3, to: 141,102,162
lattice-align-phones --replace-output-symbols=true exp/chain/tri2_train_sp_lats/final.mdl 'ark:gunzip -c exp/chain/tri2_train_sp_lats/lat.7.gz |' ark:- 
apply-cmvn --norm-means=false --norm-vars=false --utt2spk=ark:data/train_sp_hires/split20/7/utt2spk scp:data/train_sp_hires/split20/7/cmvn.scp scp:- ark:- 
WARNING (nnet3-chain-get-egs[5.5.0-e4329]:ProcessFile():nnet3-chain-get-egs.cc:134) Not producing egs for utterance pue_14_long_45_hin-00005000-00008000-5 because it is too short: 98 frames.
WARNING (nnet3-chain-get-egs[5.5.0-e4329]:main():nnet3-chain-get-egs.cc:386) No pdf-level posterior for key pue_157_long_40_hin-00005000-00007656-4
WARNING (nnet3-chain-get-egs[5.5.0-e4329]:main():nnet3-chain-get-egs.cc:386) No pdf-level posterior for key pue_161_long_233_hin-00000000-00003000-1
WARNING (nnet3-chain-get-egs[5.5.0-e4329]:main():nnet3-chain-get-egs.cc:386) No pdf-level posterior for key pue_161_long_233_hin-00007500-00010790-1
WARNING (nnet3-chain-get-egs[5.5.0-e4329]:ProcessFile():nnet3-chain-get-egs.cc:134) Not producing egs for utterance pue_162_long_250_hin-00007500-00010957-7 because it is too short: 98 frames.
WARNING (nnet3-chain-get-egs[5.5.0-e4329]:ProcessFile():nnet3-chain-get-egs.cc:134) Not producing egs for utterance pue_162_long_371_hin-00002500-00005500-5 because it is too short: 98 frames.
WARNING (nnet3-chain-get-egs[5.5.0-e4329]:ProcessFile():nnet3-chain-get-egs.cc:134) Not producing egs for utterance pue_162_long_395_hin-00002500-00005500-4 because it is too short: 98 frames.
WARNING (nnet3-chain-get-egs[5.5.0-e4329]:main():nnet3-chain-get-egs.cc:386) No pdf-level posterior for key pue_162_long_498_hin-00000000-00003000-2
WARNING (nnet3-chain-get-egs[5.5.0-e4329]:ProcessFile():nnet3-chain-get-egs.cc:134) Not producing egs for utterance pue_16_long_121_hin-00000000-00003000-5 because it is too short: 98 frames.
WARNING (nnet3-chain-get-egs[5.5.0-e4329]:ProcessFile():nnet3-chain-get-egs.cc:134) Not producing egs for utterance pue_192_long_1264_hin-00005000-00008000-5 because it is too short: 98 frames.
WARNING (nnet3-chain-get-egs[5.5.0-e4329]:ProcessFile():nnet3-chain-get-egs.cc:134) Not producing egs for utterance pue_194_long_417_hin-00002500-00005500-3 because it is too short: 98 frames.
WARNING (nnet3-chain-get-egs[5.5.0-e4329]:ProcessFile():nnet3-chain-get-egs.cc:134) Not producing egs for utterance pue_194_long_417_hin-00007500-00010500-4 because it is too short: 98 frames.
WARNING (nnet3-chain-get-egs[5.5.0-e4329]:ProcessFile():nnet3-chain-get-egs.cc:134) Not producing egs for utterance pue_195_long_1110_hin-00007500-00010432-1 because it is too short: 98 frames.
WARNING (nnet3-chain-get-egs[5.5.0-e4329]:main():nnet3-chain-get-egs.cc:386) No pdf-level posterior for key pue_197_long_78_hin-00005000-00007501-2
WARNING (nnet3-chain-get-egs[5.5.0-e4329]:ProcessFile():nnet3-chain-get-egs.cc:134) Not producing egs for utterance pue_19_long_39_hin-00000000-00003000-4 because it is too short: 98 frames.
WARNING (nnet3-chain-get-egs[5.5.0-e4329]:ProcessFile():nnet3-chain-get-egs.cc:134) Not producing egs for utterance pue_1_long_1061_hin-00005000-00008000-5 because it is too short: 98 frames.
WARNING (nnet3-chain-get-egs[5.5.0-e4329]:ProcessFile():nnet3-chain-get-egs.cc:134) Not producing egs for utterance pue_2_long_123_hin-00000000-00003000-6 because it is too short: 98 frames.
WARNING (nnet3-chain-get-egs[5.5.0-e4329]:ProcessFile():nnet3-chain-get-egs.cc:134) Not producing egs for utterance pue_2_long_129_hin-00002500-00005500-3 because it is too short: 99 frames.
WARNING (nnet3-chain-get-egs[5.5.0-e4329]:ProcessFile():nnet3-chain-get-egs.cc:134) Not producing egs for utterance pue_2_long_1364_hin-00002500-00005500-6 because it is too short: 98 frames.
WARNING (nnet3-chain-get-egs[5.5.0-e4329]:ProcessFile():nnet3-chain-get-egs.cc:134) Not producing egs for utterance pue_2_long_65_hin-00002500-00005500-5 because it is too short: 98 frames.
WARNING (nnet3-chain-get-egs[5.5.0-e4329]:ProcessFile():nnet3-chain-get-egs.cc:134) Not producing egs for utterance pue_335_long_1202_hin-00002500-00005500-3 because it is too short: 98 frames.
WARNING (nnet3-chain-get-egs[5.5.0-e4329]:main():nnet3-chain-get-egs.cc:386) No pdf-level posterior for key pue_508_long_123_hin-00000000-00003000-1
WARNING (nnet3-chain-get-egs[5.5.0-e4329]:main():nnet3-chain-get-egs.cc:386) No pdf-level posterior for key pue_508_long_123_hin-00000000-00003000-2
WARNING (nnet3-chain-get-egs[5.5.0-e4329]:main():nnet3-chain-get-egs.cc:386) No pdf-level posterior for key pue_508_long_123_hin-00002500-00005500-2
WARNING (nnet3-chain-get-egs[5.5.0-e4329]:ProcessFile():nnet3-chain-get-egs.cc:134) Not producing egs for utterance pue_509_long_158_hin-00005000-00008000-5 because it is too short: 98 frames.
WARNING (nnet3-chain-get-egs[5.5.0-e4329]:ProcessFile():nnet3-chain-get-egs.cc:134) Not producing egs for utterance pue_509_long_260_hin-00005000-00008000-6 because it is too short: 98 frames.
WARNING (nnet3-chain-get-egs[5.5.0-e4329]:ProcessFile():nnet3-chain-get-egs.cc:134) Not producing egs for utterance pue_540_long_481_hin-00000000-00003000-5 because it is too short: 99 frames.
WARNING (nnet3-chain-get-egs[5.5.0-e4329]:ProcessFile():nnet3-chain-get-egs.cc:134) Not producing egs for utterance pue_56_long_59_hin-00005000-00008296-3 because it is too short: 100 frames.
WARNING (nnet3-chain-get-egs[5.5.0-e4329]:ProcessFile():nnet3-chain-get-egs.cc:134) Not producing egs for utterance pue_57_long_1317_hin-00000000-00003000-2 because it is too short: 101 frames.
WARNING (nnet3-chain-get-egs[5.5.0-e4329]:ProcessFile():nnet3-chain-get-egs.cc:134) Not producing egs for utterance pue_57_long_1317_hin-00005000-00008000-5 because it is too short: 99 frames.
WARNING (nnet3-chain-get-egs[5.5.0-e4329]:ProcessFile():nnet3-chain-get-egs.cc:134) Not producing egs for utterance pue_57_long_327_hin-00000000-00003000-4 because it is too short: 98 frames.
WARNING (nnet3-chain-get-egs[5.5.0-e4329]:ProcessFile():nnet3-chain-get-egs.cc:134) Not producing egs for utterance pue_59_long_128_hin-00002500-00005500-3 because it is too short: 98 frames.
WARNING (nnet3-chain-get-egs[5.5.0-e4329]:main():nnet3-chain-get-egs.cc:386) No pdf-level posterior for key pue_59_long_425_hin-00002500-00005500-3
WARNING (nnet3-chain-get-egs[5.5.0-e4329]:main():nnet3-chain-get-egs.cc:386) No pdf-level posterior for key pue_60_long_1115_hin-00000000-00003000-1
WARNING (nnet3-chain-get-egs[5.5.0-e4329]:main():nnet3-chain-get-egs.cc:386) No pdf-level posterior for key pue_60_long_1253_hin-00000000-00003000-4
WARNING (nnet3-chain-get-egs[5.5.0-e4329]:main():nnet3-chain-get-egs.cc:386) No pdf-level posterior for key pue_60_long_398_hin-00000000-00003000-1
WARNING (nnet3-chain-get-egs[5.5.0-e4329]:main():nnet3-chain-get-egs.cc:386) No pdf-level posterior for key pue_60_long_398_hin-00002500-00005500-3
WARNING (nnet3-chain-get-egs[5.5.0-e4329]:ProcessFile():nnet3-chain-get-egs.cc:134) Not producing egs for utterance pue_63_long_53_hin-00007500-00010500-5 because it is too short: 98 frames.
WARNING (nnet3-chain-get-egs[5.5.0-e4329]:ProcessFile():nnet3-chain-get-egs.cc:134) Not producing egs for utterance pue_64_long_479_hin-00000000-00003000-5 because it is too short: 98 frames.
LOG (apply-cmvn[5.5.0-e4329]:main():apply-cmvn.cc:81) Copied 6550 utterances.
WARNING (nnet3-chain-get-egs[5.5.0-e4329]:main():nnet3-chain-get-egs.cc:435) 39 utterances had errors and could not be processed.
LOG (nnet3-chain-get-egs[5.5.0-e4329]:~UtteranceSplitter():nnet-example-utils.cc:357) Split 6537 utts, with total length 4035117 frames (11.2087 hours assuming 100 frames per second)
LOG (nnet3-chain-get-egs[5.5.0-e4329]:~UtteranceSplitter():nnet-example-utils.cc:366) Average chunk length was 136.929 frames; overlap between adjacent chunks was 0.834697% of input length; length of output was 100.571% of input length (minus overlap = 99.7363%).
LOG (nnet3-chain-get-egs[5.5.0-e4329]:~UtteranceSplitter():nnet-example-utils.cc:382) Output frames are distributed among chunk-sizes as follows: 102 = 12.64%, 141 = 73.02%, 162 = 14.34%
LOG (lattice-align-phones[5.5.0-e4329]:main():lattice-align-phones.cc:104) Successfully aligned 6576 lattices; 0 had errors.
LOG (chain-get-supervision[5.5.0-e4329]:main():chain-get-supervision.cc:149) Generated chain supervision information for 6576 utterances, errors on 0
LOG (nnet3-chain-copy-egs[5.5.0-e4329]:main():nnet3-chain-copy-egs.cc:395) Read 29637 neural-network training examples, wrote 29637
# Accounting: time=183 threads=1
# Ended (code 0) at Fri May  3 19:07:50 IST 2019, elapsed time 183 seconds
