# lattice-align-phones --replace-output-symbols=true exp/chain/tri2_train_sp_lats/final.mdl "ark:gunzip -c exp/chain/tri2_train_sp_lats/lat.8.gz |" ark:- | chain-get-supervision --lattice-input=true --frame-subsampling-factor=3 --right-tolerance=5 --left-tolerance=5 exp/chain/tdnn1a_sp/tree exp/chain/tdnn1a_sp/0.trans_mdl ark:- ark:- | nnet3-chain-get-egs --online-ivectors=scp:exp/nnet3/ivectors_train_sp_hires/ivector_online.scp --online-ivector-period=10 --srand=$[8+0] --left-context=17 --right-context=11 --num-frames=140,100,160 --frame-subsampling-factor=3 --compress=true --left-context-initial=17 --right-context-final=11 --num-frames-overlap=0 "ark,s,cs:utils/filter_scp.pl --exclude exp/chain/tdnn1a_sp/egs/valid_uttlist data/train_sp_hires/split20/8/feats.scp | apply-cmvn --norm-means=false --norm-vars=false --utt2spk=ark:data/train_sp_hires/split20/8/utt2spk scp:data/train_sp_hires/split20/8/cmvn.scp scp:- ark:- |" ark,s,cs:- ark:- | nnet3-chain-copy-egs --random=true --srand=$[8+0] ark:- ark:exp/chain/tdnn1a_sp/egs/cegs_orig.8.1.ark ark:exp/chain/tdnn1a_sp/egs/cegs_orig.8.2.ark ark:exp/chain/tdnn1a_sp/egs/cegs_orig.8.3.ark ark:exp/chain/tdnn1a_sp/egs/cegs_orig.8.4.ark ark:exp/chain/tdnn1a_sp/egs/cegs_orig.8.5.ark ark:exp/chain/tdnn1a_sp/egs/cegs_orig.8.6.ark ark:exp/chain/tdnn1a_sp/egs/cegs_orig.8.7.ark ark:exp/chain/tdnn1a_sp/egs/cegs_orig.8.8.ark ark:exp/chain/tdnn1a_sp/egs/cegs_orig.8.9.ark ark:exp/chain/tdnn1a_sp/egs/cegs_orig.8.10.ark ark:exp/chain/tdnn1a_sp/egs/cegs_orig.8.11.ark ark:exp/chain/tdnn1a_sp/egs/cegs_orig.8.12.ark ark:exp/chain/tdnn1a_sp/egs/cegs_orig.8.13.ark ark:exp/chain/tdnn1a_sp/egs/cegs_orig.8.14.ark ark:exp/chain/tdnn1a_sp/egs/cegs_orig.8.15.ark ark:exp/chain/tdnn1a_sp/egs/cegs_orig.8.16.ark ark:exp/chain/tdnn1a_sp/egs/cegs_orig.8.17.ark ark:exp/chain/tdnn1a_sp/egs/cegs_orig.8.18.ark ark:exp/chain/tdnn1a_sp/egs/cegs_orig.8.19.ark ark:exp/chain/tdnn1a_sp/egs/cegs_orig.8.20.ark ark:exp/chain/tdnn1a_sp/egs/cegs_orig.8.21.ark ark:exp/chain/tdnn1a_sp/egs/cegs_orig.8.22.ark ark:exp/chain/tdnn1a_sp/egs/cegs_orig.8.23.ark ark:exp/chain/tdnn1a_sp/egs/cegs_orig.8.24.ark ark:exp/chain/tdnn1a_sp/egs/cegs_orig.8.25.ark ark:exp/chain/tdnn1a_sp/egs/cegs_orig.8.26.ark ark:exp/chain/tdnn1a_sp/egs/cegs_orig.8.27.ark 
# Started at Fri May  3 19:04:47 IST 2019
#
nnet3-chain-copy-egs --random=true --srand=8 ark:- ark:exp/chain/tdnn1a_sp/egs/cegs_orig.8.1.ark ark:exp/chain/tdnn1a_sp/egs/cegs_orig.8.2.ark ark:exp/chain/tdnn1a_sp/egs/cegs_orig.8.3.ark ark:exp/chain/tdnn1a_sp/egs/cegs_orig.8.4.ark ark:exp/chain/tdnn1a_sp/egs/cegs_orig.8.5.ark ark:exp/chain/tdnn1a_sp/egs/cegs_orig.8.6.ark ark:exp/chain/tdnn1a_sp/egs/cegs_orig.8.7.ark ark:exp/chain/tdnn1a_sp/egs/cegs_orig.8.8.ark ark:exp/chain/tdnn1a_sp/egs/cegs_orig.8.9.ark ark:exp/chain/tdnn1a_sp/egs/cegs_orig.8.10.ark ark:exp/chain/tdnn1a_sp/egs/cegs_orig.8.11.ark ark:exp/chain/tdnn1a_sp/egs/cegs_orig.8.12.ark ark:exp/chain/tdnn1a_sp/egs/cegs_orig.8.13.ark ark:exp/chain/tdnn1a_sp/egs/cegs_orig.8.14.ark ark:exp/chain/tdnn1a_sp/egs/cegs_orig.8.15.ark ark:exp/chain/tdnn1a_sp/egs/cegs_orig.8.16.ark ark:exp/chain/tdnn1a_sp/egs/cegs_orig.8.17.ark ark:exp/chain/tdnn1a_sp/egs/cegs_orig.8.18.ark ark:exp/chain/tdnn1a_sp/egs/cegs_orig.8.19.ark ark:exp/chain/tdnn1a_sp/egs/cegs_orig.8.20.ark ark:exp/chain/tdnn1a_sp/egs/cegs_orig.8.21.ark ark:exp/chain/tdnn1a_sp/egs/cegs_orig.8.22.ark ark:exp/chain/tdnn1a_sp/egs/cegs_orig.8.23.ark ark:exp/chain/tdnn1a_sp/egs/cegs_orig.8.24.ark ark:exp/chain/tdnn1a_sp/egs/cegs_orig.8.25.ark ark:exp/chain/tdnn1a_sp/egs/cegs_orig.8.26.ark ark:exp/chain/tdnn1a_sp/egs/cegs_orig.8.27.ark 
nnet3-chain-get-egs --online-ivectors=scp:exp/nnet3/ivectors_train_sp_hires/ivector_online.scp --online-ivector-period=10 --srand=8 --left-context=17 --right-context=11 --num-frames=140,100,160 --frame-subsampling-factor=3 --compress=true --left-context-initial=17 --right-context-final=11 --num-frames-overlap=0 'ark,s,cs:utils/filter_scp.pl --exclude exp/chain/tdnn1a_sp/egs/valid_uttlist data/train_sp_hires/split20/8/feats.scp | apply-cmvn --norm-means=false --norm-vars=false --utt2spk=ark:data/train_sp_hires/split20/8/utt2spk scp:data/train_sp_hires/split20/8/cmvn.scp scp:- ark:- |' ark,s,cs:- ark:- 
LOG (nnet3-chain-get-egs[5.5.0-e4329]:ComputeDerived():nnet-example-utils.cc:335) Rounding up --num-frames=140,100,160 to multiples of --frame-subsampling-factor=3, to: 141,102,162
lattice-align-phones --replace-output-symbols=true exp/chain/tri2_train_sp_lats/final.mdl 'ark:gunzip -c exp/chain/tri2_train_sp_lats/lat.8.gz |' ark:- 
chain-get-supervision --lattice-input=true --frame-subsampling-factor=3 --right-tolerance=5 --left-tolerance=5 exp/chain/tdnn1a_sp/tree exp/chain/tdnn1a_sp/0.trans_mdl ark:- ark:- 
apply-cmvn --norm-means=false --norm-vars=false --utt2spk=ark:data/train_sp_hires/split20/8/utt2spk scp:data/train_sp_hires/split20/8/cmvn.scp scp:- ark:- 
WARNING (nnet3-chain-get-egs[5.5.0-e4329]:main():nnet3-chain-get-egs.cc:386) No pdf-level posterior for key sp0.9-ahd_543_long_1151_hin-00000000-00003000-2
WARNING (nnet3-chain-get-egs[5.5.0-e4329]:main():nnet3-chain-get-egs.cc:386) No pdf-level posterior for key sp0.9-ahd_543_long_1286_hin-00000000-00003000-1
WARNING (nnet3-chain-get-egs[5.5.0-e4329]:main():nnet3-chain-get-egs.cc:386) No pdf-level posterior for key sp0.9-ahd_555_long_1372_hin-00005000-00009168-7
WARNING (nnet3-chain-get-egs[5.5.0-e4329]:main():nnet3-chain-get-egs.cc:386) No pdf-level posterior for key sp0.9-cdg_201_long_1327_hin-00002500-00006824-3
WARNING (nnet3-chain-get-egs[5.5.0-e4329]:main():nnet3-chain-get-egs.cc:386) No pdf-level posterior for key sp0.9-cdg_211_long_173_hin-00002500-00004787-2
LOG (lattice-align-phones[5.5.0-e4329]:main():lattice-align-phones.cc:104) Successfully aligned 6580 lattices; 0 had errors.
LOG (apply-cmvn[5.5.0-e4329]:main():apply-cmvn.cc:81) Copied 6539 utterances.
LOG (chain-get-supervision[5.5.0-e4329]:main():chain-get-supervision.cc:149) Generated chain supervision information for 6580 utterances, errors on 0
WARNING (nnet3-chain-get-egs[5.5.0-e4329]:main():nnet3-chain-get-egs.cc:435) 5 utterances had errors and could not be processed.
LOG (nnet3-chain-get-egs[5.5.0-e4329]:~UtteranceSplitter():nnet-example-utils.cc:357) Split 6534 utts, with total length 4420052 frames (12.2779 hours assuming 100 frames per second)
LOG (nnet3-chain-get-egs[5.5.0-e4329]:~UtteranceSplitter():nnet-example-utils.cc:366) Average chunk length was 137.225 frames; overlap between adjacent chunks was 0.744969% of input length; length of output was 100.564% of input length (minus overlap = 99.8189%).
LOG (nnet3-chain-get-egs[5.5.0-e4329]:~UtteranceSplitter():nnet-example-utils.cc:382) Output frames are distributed among chunk-sizes as follows: 102 = 11.72%, 141 = 74.95%, 162 = 13.34%
LOG (nnet3-chain-copy-egs[5.5.0-e4329]:main():nnet3-chain-copy-egs.cc:395) Read 32392 neural-network training examples, wrote 32392
# Accounting: time=126 threads=1
# Ended (code 0) at Fri May  3 19:06:53 IST 2019, elapsed time 126 seconds
