# lattice-align-phones --replace-output-symbols=true exp/chain/tri2_train_sp_lats/final.mdl "ark:gunzip -c exp/chain/tri2_train_sp_lats/lat.9.gz |" ark:- | chain-get-supervision --lattice-input=true --frame-subsampling-factor=3 --right-tolerance=5 --left-tolerance=5 exp/chain/tdnn1a_sp/tree exp/chain/tdnn1a_sp/0.trans_mdl ark:- ark:- | nnet3-chain-get-egs --online-ivectors=scp:exp/nnet3/ivectors_train_sp_hires/ivector_online.scp --online-ivector-period=10 --srand=$[9+0] --left-context=17 --right-context=11 --num-frames=140,100,160 --frame-subsampling-factor=3 --compress=true --left-context-initial=17 --right-context-final=11 --num-frames-overlap=0 "ark,s,cs:utils/filter_scp.pl --exclude exp/chain/tdnn1a_sp/egs/valid_uttlist data/train_sp_hires/split20/9/feats.scp | apply-cmvn --norm-means=false --norm-vars=false --utt2spk=ark:data/train_sp_hires/split20/9/utt2spk scp:data/train_sp_hires/split20/9/cmvn.scp scp:- ark:- |" ark,s,cs:- ark:- | nnet3-chain-copy-egs --random=true --srand=$[9+0] ark:- ark:exp/chain/tdnn1a_sp/egs/cegs_orig.9.1.ark ark:exp/chain/tdnn1a_sp/egs/cegs_orig.9.2.ark ark:exp/chain/tdnn1a_sp/egs/cegs_orig.9.3.ark ark:exp/chain/tdnn1a_sp/egs/cegs_orig.9.4.ark ark:exp/chain/tdnn1a_sp/egs/cegs_orig.9.5.ark ark:exp/chain/tdnn1a_sp/egs/cegs_orig.9.6.ark ark:exp/chain/tdnn1a_sp/egs/cegs_orig.9.7.ark ark:exp/chain/tdnn1a_sp/egs/cegs_orig.9.8.ark ark:exp/chain/tdnn1a_sp/egs/cegs_orig.9.9.ark ark:exp/chain/tdnn1a_sp/egs/cegs_orig.9.10.ark ark:exp/chain/tdnn1a_sp/egs/cegs_orig.9.11.ark ark:exp/chain/tdnn1a_sp/egs/cegs_orig.9.12.ark ark:exp/chain/tdnn1a_sp/egs/cegs_orig.9.13.ark ark:exp/chain/tdnn1a_sp/egs/cegs_orig.9.14.ark ark:exp/chain/tdnn1a_sp/egs/cegs_orig.9.15.ark ark:exp/chain/tdnn1a_sp/egs/cegs_orig.9.16.ark ark:exp/chain/tdnn1a_sp/egs/cegs_orig.9.17.ark ark:exp/chain/tdnn1a_sp/egs/cegs_orig.9.18.ark ark:exp/chain/tdnn1a_sp/egs/cegs_orig.9.19.ark ark:exp/chain/tdnn1a_sp/egs/cegs_orig.9.20.ark ark:exp/chain/tdnn1a_sp/egs/cegs_orig.9.21.ark ark:exp/chain/tdnn1a_sp/egs/cegs_orig.9.22.ark ark:exp/chain/tdnn1a_sp/egs/cegs_orig.9.23.ark ark:exp/chain/tdnn1a_sp/egs/cegs_orig.9.24.ark ark:exp/chain/tdnn1a_sp/egs/cegs_orig.9.25.ark ark:exp/chain/tdnn1a_sp/egs/cegs_orig.9.26.ark ark:exp/chain/tdnn1a_sp/egs/cegs_orig.9.27.ark 
# Started at Fri May  3 19:04:47 IST 2019
#
nnet3-chain-copy-egs --random=true --srand=9 ark:- ark:exp/chain/tdnn1a_sp/egs/cegs_orig.9.1.ark ark:exp/chain/tdnn1a_sp/egs/cegs_orig.9.2.ark ark:exp/chain/tdnn1a_sp/egs/cegs_orig.9.3.ark ark:exp/chain/tdnn1a_sp/egs/cegs_orig.9.4.ark ark:exp/chain/tdnn1a_sp/egs/cegs_orig.9.5.ark ark:exp/chain/tdnn1a_sp/egs/cegs_orig.9.6.ark ark:exp/chain/tdnn1a_sp/egs/cegs_orig.9.7.ark ark:exp/chain/tdnn1a_sp/egs/cegs_orig.9.8.ark ark:exp/chain/tdnn1a_sp/egs/cegs_orig.9.9.ark ark:exp/chain/tdnn1a_sp/egs/cegs_orig.9.10.ark ark:exp/chain/tdnn1a_sp/egs/cegs_orig.9.11.ark ark:exp/chain/tdnn1a_sp/egs/cegs_orig.9.12.ark ark:exp/chain/tdnn1a_sp/egs/cegs_orig.9.13.ark ark:exp/chain/tdnn1a_sp/egs/cegs_orig.9.14.ark ark:exp/chain/tdnn1a_sp/egs/cegs_orig.9.15.ark ark:exp/chain/tdnn1a_sp/egs/cegs_orig.9.16.ark ark:exp/chain/tdnn1a_sp/egs/cegs_orig.9.17.ark ark:exp/chain/tdnn1a_sp/egs/cegs_orig.9.18.ark ark:exp/chain/tdnn1a_sp/egs/cegs_orig.9.19.ark ark:exp/chain/tdnn1a_sp/egs/cegs_orig.9.20.ark ark:exp/chain/tdnn1a_sp/egs/cegs_orig.9.21.ark ark:exp/chain/tdnn1a_sp/egs/cegs_orig.9.22.ark ark:exp/chain/tdnn1a_sp/egs/cegs_orig.9.23.ark ark:exp/chain/tdnn1a_sp/egs/cegs_orig.9.24.ark ark:exp/chain/tdnn1a_sp/egs/cegs_orig.9.25.ark ark:exp/chain/tdnn1a_sp/egs/cegs_orig.9.26.ark ark:exp/chain/tdnn1a_sp/egs/cegs_orig.9.27.ark 
chain-get-supervision --lattice-input=true --frame-subsampling-factor=3 --right-tolerance=5 --left-tolerance=5 exp/chain/tdnn1a_sp/tree exp/chain/tdnn1a_sp/0.trans_mdl ark:- ark:- 
lattice-align-phones --replace-output-symbols=true exp/chain/tri2_train_sp_lats/final.mdl 'ark:gunzip -c exp/chain/tri2_train_sp_lats/lat.9.gz |' ark:- 
nnet3-chain-get-egs --online-ivectors=scp:exp/nnet3/ivectors_train_sp_hires/ivector_online.scp --online-ivector-period=10 --srand=9 --left-context=17 --right-context=11 --num-frames=140,100,160 --frame-subsampling-factor=3 --compress=true --left-context-initial=17 --right-context-final=11 --num-frames-overlap=0 'ark,s,cs:utils/filter_scp.pl --exclude exp/chain/tdnn1a_sp/egs/valid_uttlist data/train_sp_hires/split20/9/feats.scp | apply-cmvn --norm-means=false --norm-vars=false --utt2spk=ark:data/train_sp_hires/split20/9/utt2spk scp:data/train_sp_hires/split20/9/cmvn.scp scp:- ark:- |' ark,s,cs:- ark:- 
LOG (nnet3-chain-get-egs[5.5.0-e4329]:ComputeDerived():nnet-example-utils.cc:335) Rounding up --num-frames=140,100,160 to multiples of --frame-subsampling-factor=3, to: 141,102,162
apply-cmvn --norm-means=false --norm-vars=false --utt2spk=ark:data/train_sp_hires/split20/9/utt2spk scp:data/train_sp_hires/split20/9/cmvn.scp scp:- ark:- 
WARNING (nnet3-chain-get-egs[5.5.0-e4329]:main():nnet3-chain-get-egs.cc:386) No pdf-level posterior for key sp0.9-cdg_235_long_385_hin-00000000-00003000-1
WARNING (nnet3-chain-get-egs[5.5.0-e4329]:main():nnet3-chain-get-egs.cc:386) No pdf-level posterior for key sp0.9-cdg_76_long_100_hin-00002500-00006259-1
WARNING (nnet3-chain-get-egs[5.5.0-e4329]:main():nnet3-chain-get-egs.cc:386) No pdf-level posterior for key sp0.9-dli_395_long_1380_hin-00002500-00006200-4
WARNING (nnet3-chain-get-egs[5.5.0-e4329]:main():nnet3-chain-get-egs.cc:386) No pdf-level posterior for key sp0.9-dli_395_long_201_hin-00002500-00005500-2
WARNING (nnet3-chain-get-egs[5.5.0-e4329]:main():nnet3-chain-get-egs.cc:386) No pdf-level posterior for key sp0.9-dli_403_long_q_eng_402_hin-00000000-00003608-6
LOG (lattice-align-phones[5.5.0-e4329]:main():lattice-align-phones.cc:104) Successfully aligned 6575 lattices; 0 had errors.
LOG (apply-cmvn[5.5.0-e4329]:main():apply-cmvn.cc:81) Copied 6527 utterances.
LOG (chain-get-supervision[5.5.0-e4329]:main():chain-get-supervision.cc:149) Generated chain supervision information for 6575 utterances, errors on 0
WARNING (nnet3-chain-get-egs[5.5.0-e4329]:main():nnet3-chain-get-egs.cc:435) 5 utterances had errors and could not be processed.
LOG (nnet3-chain-get-egs[5.5.0-e4329]:~UtteranceSplitter():nnet-example-utils.cc:357) Split 6522 utts, with total length 4477134 frames (12.4365 hours assuming 100 frames per second)
LOG (nnet3-chain-get-egs[5.5.0-e4329]:~UtteranceSplitter():nnet-example-utils.cc:366) Average chunk length was 137.518 frames; overlap between adjacent chunks was 0.735873% of input length; length of output was 100.575% of input length (minus overlap = 99.8392%).
LOG (nnet3-chain-get-egs[5.5.0-e4329]:~UtteranceSplitter():nnet-example-utils.cc:382) Output frames are distributed among chunk-sizes as follows: 102 = 11.17%, 141 = 75.43%, 162 = 13.41%
LOG (nnet3-chain-copy-egs[5.5.0-e4329]:main():nnet3-chain-copy-egs.cc:395) Read 32744 neural-network training examples, wrote 32744
# Accounting: time=185 threads=1
# Ended (code 0) at Fri May  3 19:07:53 IST 2019, elapsed time 185 seconds
