# lattice-align-phones --replace-output-symbols=true exp/chain/tri2_train_sp_lats/final.mdl "ark:gunzip -c exp/chain/tri2_train_sp_lats/lat.2.gz |" ark:- | chain-get-supervision --lattice-input=true --frame-subsampling-factor=3 --right-tolerance=5 --left-tolerance=5 exp/chain/tdnn1a_sp/tree exp/chain/tdnn1a_sp/0.trans_mdl ark:- ark:- | nnet3-chain-get-egs --online-ivectors=scp:exp/nnet3/ivectors_train_sp_hires/ivector_online.scp --online-ivector-period=10 --srand=$[2+0] --left-context=17 --right-context=11 --num-frames=140,100,160 --frame-subsampling-factor=3 --compress=true --left-context-initial=17 --right-context-final=11 --num-frames-overlap=0 "ark,s,cs:utils/filter_scp.pl --exclude exp/chain/tdnn1a_sp/egs/valid_uttlist data/train_sp_hires/split20/2/feats.scp | apply-cmvn --norm-means=false --norm-vars=false --utt2spk=ark:data/train_sp_hires/split20/2/utt2spk scp:data/train_sp_hires/split20/2/cmvn.scp scp:- ark:- |" ark,s,cs:- ark:- | nnet3-chain-copy-egs --random=true --srand=$[2+0] ark:- ark:exp/chain/tdnn1a_sp/egs/cegs_orig.2.1.ark ark:exp/chain/tdnn1a_sp/egs/cegs_orig.2.2.ark ark:exp/chain/tdnn1a_sp/egs/cegs_orig.2.3.ark ark:exp/chain/tdnn1a_sp/egs/cegs_orig.2.4.ark ark:exp/chain/tdnn1a_sp/egs/cegs_orig.2.5.ark ark:exp/chain/tdnn1a_sp/egs/cegs_orig.2.6.ark ark:exp/chain/tdnn1a_sp/egs/cegs_orig.2.7.ark ark:exp/chain/tdnn1a_sp/egs/cegs_orig.2.8.ark ark:exp/chain/tdnn1a_sp/egs/cegs_orig.2.9.ark ark:exp/chain/tdnn1a_sp/egs/cegs_orig.2.10.ark ark:exp/chain/tdnn1a_sp/egs/cegs_orig.2.11.ark ark:exp/chain/tdnn1a_sp/egs/cegs_orig.2.12.ark ark:exp/chain/tdnn1a_sp/egs/cegs_orig.2.13.ark ark:exp/chain/tdnn1a_sp/egs/cegs_orig.2.14.ark ark:exp/chain/tdnn1a_sp/egs/cegs_orig.2.15.ark ark:exp/chain/tdnn1a_sp/egs/cegs_orig.2.16.ark ark:exp/chain/tdnn1a_sp/egs/cegs_orig.2.17.ark ark:exp/chain/tdnn1a_sp/egs/cegs_orig.2.18.ark ark:exp/chain/tdnn1a_sp/egs/cegs_orig.2.19.ark ark:exp/chain/tdnn1a_sp/egs/cegs_orig.2.20.ark ark:exp/chain/tdnn1a_sp/egs/cegs_orig.2.21.ark ark:exp/chain/tdnn1a_sp/egs/cegs_orig.2.22.ark ark:exp/chain/tdnn1a_sp/egs/cegs_orig.2.23.ark ark:exp/chain/tdnn1a_sp/egs/cegs_orig.2.24.ark ark:exp/chain/tdnn1a_sp/egs/cegs_orig.2.25.ark ark:exp/chain/tdnn1a_sp/egs/cegs_orig.2.26.ark ark:exp/chain/tdnn1a_sp/egs/cegs_orig.2.27.ark 
# Started at Fri May  3 19:04:46 IST 2019
#
nnet3-chain-copy-egs --random=true --srand=2 ark:- ark:exp/chain/tdnn1a_sp/egs/cegs_orig.2.1.ark ark:exp/chain/tdnn1a_sp/egs/cegs_orig.2.2.ark ark:exp/chain/tdnn1a_sp/egs/cegs_orig.2.3.ark ark:exp/chain/tdnn1a_sp/egs/cegs_orig.2.4.ark ark:exp/chain/tdnn1a_sp/egs/cegs_orig.2.5.ark ark:exp/chain/tdnn1a_sp/egs/cegs_orig.2.6.ark ark:exp/chain/tdnn1a_sp/egs/cegs_orig.2.7.ark ark:exp/chain/tdnn1a_sp/egs/cegs_orig.2.8.ark ark:exp/chain/tdnn1a_sp/egs/cegs_orig.2.9.ark ark:exp/chain/tdnn1a_sp/egs/cegs_orig.2.10.ark ark:exp/chain/tdnn1a_sp/egs/cegs_orig.2.11.ark ark:exp/chain/tdnn1a_sp/egs/cegs_orig.2.12.ark ark:exp/chain/tdnn1a_sp/egs/cegs_orig.2.13.ark ark:exp/chain/tdnn1a_sp/egs/cegs_orig.2.14.ark ark:exp/chain/tdnn1a_sp/egs/cegs_orig.2.15.ark ark:exp/chain/tdnn1a_sp/egs/cegs_orig.2.16.ark ark:exp/chain/tdnn1a_sp/egs/cegs_orig.2.17.ark ark:exp/chain/tdnn1a_sp/egs/cegs_orig.2.18.ark ark:exp/chain/tdnn1a_sp/egs/cegs_orig.2.19.ark ark:exp/chain/tdnn1a_sp/egs/cegs_orig.2.20.ark ark:exp/chain/tdnn1a_sp/egs/cegs_orig.2.21.ark ark:exp/chain/tdnn1a_sp/egs/cegs_orig.2.22.ark ark:exp/chain/tdnn1a_sp/egs/cegs_orig.2.23.ark ark:exp/chain/tdnn1a_sp/egs/cegs_orig.2.24.ark ark:exp/chain/tdnn1a_sp/egs/cegs_orig.2.25.ark ark:exp/chain/tdnn1a_sp/egs/cegs_orig.2.26.ark ark:exp/chain/tdnn1a_sp/egs/cegs_orig.2.27.ark 
chain-get-supervision --lattice-input=true --frame-subsampling-factor=3 --right-tolerance=5 --left-tolerance=5 exp/chain/tdnn1a_sp/tree exp/chain/tdnn1a_sp/0.trans_mdl ark:- ark:- 
lattice-align-phones --replace-output-symbols=true exp/chain/tri2_train_sp_lats/final.mdl 'ark:gunzip -c exp/chain/tri2_train_sp_lats/lat.2.gz |' ark:- 
nnet3-chain-get-egs --online-ivectors=scp:exp/nnet3/ivectors_train_sp_hires/ivector_online.scp --online-ivector-period=10 --srand=2 --left-context=17 --right-context=11 --num-frames=140,100,160 --frame-subsampling-factor=3 --compress=true --left-context-initial=17 --right-context-final=11 --num-frames-overlap=0 'ark,s,cs:utils/filter_scp.pl --exclude exp/chain/tdnn1a_sp/egs/valid_uttlist data/train_sp_hires/split20/2/feats.scp | apply-cmvn --norm-means=false --norm-vars=false --utt2spk=ark:data/train_sp_hires/split20/2/utt2spk scp:data/train_sp_hires/split20/2/cmvn.scp scp:- ark:- |' ark,s,cs:- ark:- 
LOG (nnet3-chain-get-egs[5.5.0-e4329]:ComputeDerived():nnet-example-utils.cc:335) Rounding up --num-frames=140,100,160 to multiples of --frame-subsampling-factor=3, to: 141,102,162
apply-cmvn --norm-means=false --norm-vars=false --utt2spk=ark:data/train_sp_hires/split20/2/utt2spk scp:data/train_sp_hires/split20/2/cmvn.scp scp:- ark:- 
WARNING (nnet3-chain-get-egs[5.5.0-e4329]:ProcessFile():nnet3-chain-get-egs.cc:134) Not producing egs for utterance bbs_487_long_54_hin-00005000-00008000-5 because it is too short: 98 frames.
WARNING (nnet3-chain-get-egs[5.5.0-e4329]:ProcessFile():nnet3-chain-get-egs.cc:134) Not producing egs for utterance bbs_488_long_28_hin-00002500-00005500-4 because it is too short: 98 frames.
WARNING (nnet3-chain-get-egs[5.5.0-e4329]:ProcessFile():nnet3-chain-get-egs.cc:134) Not producing egs for utterance bbs_488_long_510_hin-00000000-00003000-4 because it is too short: 100 frames.
WARNING (nnet3-chain-get-egs[5.5.0-e4329]:ProcessFile():nnet3-chain-get-egs.cc:134) Not producing egs for utterance bbs_490_long_387_hin-00007500-00010500-1 because it is too short: 99 frames.
WARNING (nnet3-chain-get-egs[5.5.0-e4329]:ProcessFile():nnet3-chain-get-egs.cc:134) Not producing egs for utterance cdg_152_long_75_hin-00002500-00005500-1 because it is too short: 98 frames.
WARNING (nnet3-chain-get-egs[5.5.0-e4329]:ProcessFile():nnet3-chain-get-egs.cc:134) Not producing egs for utterance cdg_153_long_1221_hin-00000000-00003000-5 because it is too short: 98 frames.
WARNING (nnet3-chain-get-egs[5.5.0-e4329]:main():nnet3-chain-get-egs.cc:386) No pdf-level posterior for key cdg_201_long_1327_hin-00002500-00006824-3
WARNING (nnet3-chain-get-egs[5.5.0-e4329]:ProcessFile():nnet3-chain-get-egs.cc:134) Not producing egs for utterance cdg_201_long_543_hin-00002500-00005500-3 because it is too short: 99 frames.
WARNING (nnet3-chain-get-egs[5.5.0-e4329]:ProcessFile():nnet3-chain-get-egs.cc:134) Not producing egs for utterance cdg_208_long_1101_hin-00002500-00006976-6 because it is too short: 98 frames.
WARNING (nnet3-chain-get-egs[5.5.0-e4329]:main():nnet3-chain-get-egs.cc:386) No pdf-level posterior for key cdg_211_long_173_hin-00000000-00003000-2
WARNING (nnet3-chain-get-egs[5.5.0-e4329]:main():nnet3-chain-get-egs.cc:386) No pdf-level posterior for key cdg_211_long_173_hin-00002500-00004787-2
WARNING (nnet3-chain-get-egs[5.5.0-e4329]:ProcessFile():nnet3-chain-get-egs.cc:134) Not producing egs for utterance cdg_212_long_343_hin-00002500-00005500-3 because it is too short: 101 frames.
WARNING (nnet3-chain-get-egs[5.5.0-e4329]:ProcessFile():nnet3-chain-get-egs.cc:134) Not producing egs for utterance cdg_212_long_343_hin-00002500-00005500-4 because it is too short: 98 frames.
WARNING (nnet3-chain-get-egs[5.5.0-e4329]:ProcessFile():nnet3-chain-get-egs.cc:134) Not producing egs for utterance cdg_214_long_394_hin-00000000-00003000-4 because it is too short: 100 frames.
WARNING (nnet3-chain-get-egs[5.5.0-e4329]:ProcessFile():nnet3-chain-get-egs.cc:134) Not producing egs for utterance cdg_226_long_126_hin-00005000-00009498-6 because it is too short: 100 frames.
WARNING (nnet3-chain-get-egs[5.5.0-e4329]:ProcessFile():nnet3-chain-get-egs.cc:134) Not producing egs for utterance cdg_227_long_507_hin-00002500-00005500-5 because it is too short: 98 frames.
WARNING (nnet3-chain-get-egs[5.5.0-e4329]:ProcessFile():nnet3-chain-get-egs.cc:134) Not producing egs for utterance cdg_231_long_375_hin-00000000-00003000-6 because it is too short: 98 frames.
WARNING (nnet3-chain-get-egs[5.5.0-e4329]:main():nnet3-chain-get-egs.cc:386) No pdf-level posterior for key cdg_235_long_385_hin-00000000-00003000-1
WARNING (nnet3-chain-get-egs[5.5.0-e4329]:ProcessFile():nnet3-chain-get-egs.cc:134) Not producing egs for utterance cdg_245_long_24_hin-00000000-00003000-5 because it is too short: 98 frames.
WARNING (nnet3-chain-get-egs[5.5.0-e4329]:ProcessFile():nnet3-chain-get-egs.cc:134) Not producing egs for utterance cdg_272_long_497_hin-00002500-00005500-1 because it is too short: 98 frames.
WARNING (nnet3-chain-get-egs[5.5.0-e4329]:ProcessFile():nnet3-chain-get-egs.cc:134) Not producing egs for utterance cdg_274_long_498_hin-00000000-00003000-7 because it is too short: 98 frames.
WARNING (nnet3-chain-get-egs[5.5.0-e4329]:main():nnet3-chain-get-egs.cc:386) No pdf-level posterior for key cdg_76_long_100_hin-00002500-00006259-1
WARNING (nnet3-chain-get-egs[5.5.0-e4329]:ProcessFile():nnet3-chain-get-egs.cc:134) Not producing egs for utterance cdg_78_long_143_hin-00000000-00003000-4 because it is too short: 98 frames.
WARNING (nnet3-chain-get-egs[5.5.0-e4329]:main():nnet3-chain-get-egs.cc:386) No pdf-level posterior for key cdg_78_long_428_hin-00002500-00005500-1
WARNING (nnet3-chain-get-egs[5.5.0-e4329]:ProcessFile():nnet3-chain-get-egs.cc:134) Not producing egs for utterance dli_377_long_36_hin-00000000-00003000-6 because it is too short: 98 frames.
WARNING (nnet3-chain-get-egs[5.5.0-e4329]:ProcessFile():nnet3-chain-get-egs.cc:134) Not producing egs for utterance dli_378_long_165_hin-00007500-00010176-1 because it is too short: 98 frames.
WARNING (nnet3-chain-get-egs[5.5.0-e4329]:ProcessFile():nnet3-chain-get-egs.cc:134) Not producing egs for utterance dli_378_long_36_hin-00000000-00003000-6 because it is too short: 98 frames.
WARNING (nnet3-chain-get-egs[5.5.0-e4329]:ProcessFile():nnet3-chain-get-egs.cc:134) Not producing egs for utterance dli_382_long_151_hin-00005000-00008000-4 because it is too short: 98 frames.
WARNING (nnet3-chain-get-egs[5.5.0-e4329]:ProcessFile():nnet3-chain-get-egs.cc:134) Not producing egs for utterance dli_392_long_1114_hin-00005000-00007664-1 because it is too short: 100 frames.
WARNING (nnet3-chain-get-egs[5.5.0-e4329]:main():nnet3-chain-get-egs.cc:386) No pdf-level posterior for key dli_392_long_1235_hin-00002500-00005500-3
WARNING (nnet3-chain-get-egs[5.5.0-e4329]:ProcessFile():nnet3-chain-get-egs.cc:134) Not producing egs for utterance dli_392_long_1324_hin-00002500-00005500-6 because it is too short: 98 frames.
WARNING (nnet3-chain-get-egs[5.5.0-e4329]:ProcessFile():nnet3-chain-get-egs.cc:134) Not producing egs for utterance dli_392_long_99_hin-00002500-00005500-5 because it is too short: 98 frames.
WARNING (nnet3-chain-get-egs[5.5.0-e4329]:main():nnet3-chain-get-egs.cc:386) No pdf-level posterior for key dli_395_long_1380_hin-00002500-00006200-4
WARNING (nnet3-chain-get-egs[5.5.0-e4329]:main():nnet3-chain-get-egs.cc:386) No pdf-level posterior for key dli_395_long_201_hin-00002500-00005500-2
WARNING (nnet3-chain-get-egs[5.5.0-e4329]:main():nnet3-chain-get-egs.cc:386) No pdf-level posterior for key dli_403_long_q_eng_402_hin-00000000-00003608-6
LOG (lattice-align-phones[5.5.0-e4329]:main():lattice-align-phones.cc:104) Successfully aligned 6596 lattices; 0 had errors.
LOG (apply-cmvn[5.5.0-e4329]:main():apply-cmvn.cc:81) Copied 6561 utterances.
LOG (chain-get-supervision[5.5.0-e4329]:main():chain-get-supervision.cc:149) Generated chain supervision information for 6596 utterances, errors on 0
WARNING (nnet3-chain-get-egs[5.5.0-e4329]:main():nnet3-chain-get-egs.cc:435) 35 utterances had errors and could not be processed.
LOG (nnet3-chain-get-egs[5.5.0-e4329]:~UtteranceSplitter():nnet-example-utils.cc:357) Split 6551 utts, with total length 4117597 frames (11.4378 hours assuming 100 frames per second)
LOG (nnet3-chain-get-egs[5.5.0-e4329]:~UtteranceSplitter():nnet-example-utils.cc:366) Average chunk length was 137.239 frames; overlap between adjacent chunks was 0.806611% of input length; length of output was 100.553% of input length (minus overlap = 99.746%).
LOG (nnet3-chain-get-egs[5.5.0-e4329]:~UtteranceSplitter():nnet-example-utils.cc:382) Output frames are distributed among chunk-sizes as follows: 102 = 12.18%, 141 = 73.04%, 162 = 14.78%
LOG (nnet3-chain-copy-egs[5.5.0-e4329]:main():nnet3-chain-copy-egs.cc:395) Read 30169 neural-network training examples, wrote 30169
# Accounting: time=138 threads=1
# Ended (code 0) at Fri May  3 19:07:04 IST 2019, elapsed time 138 seconds
