# lattice-align-phones --replace-output-symbols=true exp/chain/tri2_train_sp_lats/final.mdl "ark:gunzip -c exp/chain/tri2_train_sp_lats/lat.16.gz |" ark:- | chain-get-supervision --lattice-input=true --frame-subsampling-factor=3 --right-tolerance=5 --left-tolerance=5 exp/chain/tdnn1a_sp/tree exp/chain/tdnn1a_sp/0.trans_mdl ark:- ark:- | nnet3-chain-get-egs --online-ivectors=scp:exp/nnet3/ivectors_train_sp_hires/ivector_online.scp --online-ivector-period=10 --srand=$[16+0] --left-context=17 --right-context=11 --num-frames=140,100,160 --frame-subsampling-factor=3 --compress=true --left-context-initial=17 --right-context-final=11 --num-frames-overlap=0 "ark,s,cs:utils/filter_scp.pl --exclude exp/chain/tdnn1a_sp/egs/valid_uttlist data/train_sp_hires/split20/16/feats.scp | apply-cmvn --norm-means=false --norm-vars=false --utt2spk=ark:data/train_sp_hires/split20/16/utt2spk scp:data/train_sp_hires/split20/16/cmvn.scp scp:- ark:- |" ark,s,cs:- ark:- | nnet3-chain-copy-egs --random=true --srand=$[16+0] ark:- ark:exp/chain/tdnn1a_sp/egs/cegs_orig.16.1.ark ark:exp/chain/tdnn1a_sp/egs/cegs_orig.16.2.ark ark:exp/chain/tdnn1a_sp/egs/cegs_orig.16.3.ark ark:exp/chain/tdnn1a_sp/egs/cegs_orig.16.4.ark ark:exp/chain/tdnn1a_sp/egs/cegs_orig.16.5.ark ark:exp/chain/tdnn1a_sp/egs/cegs_orig.16.6.ark ark:exp/chain/tdnn1a_sp/egs/cegs_orig.16.7.ark ark:exp/chain/tdnn1a_sp/egs/cegs_orig.16.8.ark ark:exp/chain/tdnn1a_sp/egs/cegs_orig.16.9.ark ark:exp/chain/tdnn1a_sp/egs/cegs_orig.16.10.ark ark:exp/chain/tdnn1a_sp/egs/cegs_orig.16.11.ark ark:exp/chain/tdnn1a_sp/egs/cegs_orig.16.12.ark ark:exp/chain/tdnn1a_sp/egs/cegs_orig.16.13.ark ark:exp/chain/tdnn1a_sp/egs/cegs_orig.16.14.ark ark:exp/chain/tdnn1a_sp/egs/cegs_orig.16.15.ark ark:exp/chain/tdnn1a_sp/egs/cegs_orig.16.16.ark ark:exp/chain/tdnn1a_sp/egs/cegs_orig.16.17.ark ark:exp/chain/tdnn1a_sp/egs/cegs_orig.16.18.ark ark:exp/chain/tdnn1a_sp/egs/cegs_orig.16.19.ark ark:exp/chain/tdnn1a_sp/egs/cegs_orig.16.20.ark ark:exp/chain/tdnn1a_sp/egs/cegs_orig.16.21.ark ark:exp/chain/tdnn1a_sp/egs/cegs_orig.16.22.ark ark:exp/chain/tdnn1a_sp/egs/cegs_orig.16.23.ark ark:exp/chain/tdnn1a_sp/egs/cegs_orig.16.24.ark ark:exp/chain/tdnn1a_sp/egs/cegs_orig.16.25.ark ark:exp/chain/tdnn1a_sp/egs/cegs_orig.16.26.ark ark:exp/chain/tdnn1a_sp/egs/cegs_orig.16.27.ark 
# Started at Fri May  3 19:06:38 IST 2019
#
nnet3-chain-get-egs --online-ivectors=scp:exp/nnet3/ivectors_train_sp_hires/ivector_online.scp --online-ivector-period=10 --srand=16 --left-context=17 --right-context=11 --num-frames=140,100,160 --frame-subsampling-factor=3 --compress=true --left-context-initial=17 --right-context-final=11 --num-frames-overlap=0 'ark,s,cs:utils/filter_scp.pl --exclude exp/chain/tdnn1a_sp/egs/valid_uttlist data/train_sp_hires/split20/16/feats.scp | apply-cmvn --norm-means=false --norm-vars=false --utt2spk=ark:data/train_sp_hires/split20/16/utt2spk scp:data/train_sp_hires/split20/16/cmvn.scp scp:- ark:- |' ark,s,cs:- ark:- 
LOG (nnet3-chain-get-egs[5.5.0-e4329]:ComputeDerived():nnet-example-utils.cc:335) Rounding up --num-frames=140,100,160 to multiples of --frame-subsampling-factor=3, to: 141,102,162
chain-get-supervision --lattice-input=true --frame-subsampling-factor=3 --right-tolerance=5 --left-tolerance=5 exp/chain/tdnn1a_sp/tree exp/chain/tdnn1a_sp/0.trans_mdl ark:- ark:- 
lattice-align-phones --replace-output-symbols=true exp/chain/tri2_train_sp_lats/final.mdl 'ark:gunzip -c exp/chain/tri2_train_sp_lats/lat.16.gz |' ark:- 
nnet3-chain-copy-egs --random=true --srand=16 ark:- ark:exp/chain/tdnn1a_sp/egs/cegs_orig.16.1.ark ark:exp/chain/tdnn1a_sp/egs/cegs_orig.16.2.ark ark:exp/chain/tdnn1a_sp/egs/cegs_orig.16.3.ark ark:exp/chain/tdnn1a_sp/egs/cegs_orig.16.4.ark ark:exp/chain/tdnn1a_sp/egs/cegs_orig.16.5.ark ark:exp/chain/tdnn1a_sp/egs/cegs_orig.16.6.ark ark:exp/chain/tdnn1a_sp/egs/cegs_orig.16.7.ark ark:exp/chain/tdnn1a_sp/egs/cegs_orig.16.8.ark ark:exp/chain/tdnn1a_sp/egs/cegs_orig.16.9.ark ark:exp/chain/tdnn1a_sp/egs/cegs_orig.16.10.ark ark:exp/chain/tdnn1a_sp/egs/cegs_orig.16.11.ark ark:exp/chain/tdnn1a_sp/egs/cegs_orig.16.12.ark ark:exp/chain/tdnn1a_sp/egs/cegs_orig.16.13.ark ark:exp/chain/tdnn1a_sp/egs/cegs_orig.16.14.ark ark:exp/chain/tdnn1a_sp/egs/cegs_orig.16.15.ark ark:exp/chain/tdnn1a_sp/egs/cegs_orig.16.16.ark ark:exp/chain/tdnn1a_sp/egs/cegs_orig.16.17.ark ark:exp/chain/tdnn1a_sp/egs/cegs_orig.16.18.ark ark:exp/chain/tdnn1a_sp/egs/cegs_orig.16.19.ark ark:exp/chain/tdnn1a_sp/egs/cegs_orig.16.20.ark ark:exp/chain/tdnn1a_sp/egs/cegs_orig.16.21.ark ark:exp/chain/tdnn1a_sp/egs/cegs_orig.16.22.ark ark:exp/chain/tdnn1a_sp/egs/cegs_orig.16.23.ark ark:exp/chain/tdnn1a_sp/egs/cegs_orig.16.24.ark ark:exp/chain/tdnn1a_sp/egs/cegs_orig.16.25.ark ark:exp/chain/tdnn1a_sp/egs/cegs_orig.16.26.ark ark:exp/chain/tdnn1a_sp/egs/cegs_orig.16.27.ark 
apply-cmvn --norm-means=false --norm-vars=false --utt2spk=ark:data/train_sp_hires/split20/16/utt2spk scp:data/train_sp_hires/split20/16/cmvn.scp scp:- ark:- 
WARNING (nnet3-chain-get-egs[5.5.0-e4329]:ProcessFile():nnet3-chain-get-egs.cc:134) Not producing egs for utterance sp1.1-dli_380_long_215_hin-00002500-00005500-1 because it is too short: 93 frames.
WARNING (nnet3-chain-get-egs[5.5.0-e4329]:ProcessFile():nnet3-chain-get-egs.cc:134) Not producing egs for utterance sp1.1-dli_380_long_215_hin-00002500-00005500-5 because it is too short: 99 frames.
WARNING (nnet3-chain-get-egs[5.5.0-e4329]:ProcessFile():nnet3-chain-get-egs.cc:134) Not producing egs for utterance sp1.1-dli_382_long_151_hin-00005000-00008000-4 because it is too short: 89 frames.
WARNING (nnet3-chain-get-egs[5.5.0-e4329]:ProcessFile():nnet3-chain-get-egs.cc:134) Not producing egs for utterance sp1.1-dli_383_long_1334_hin-00007500-00011264-1 because it is too short: 94 frames.
WARNING (nnet3-chain-get-egs[5.5.0-e4329]:ProcessFile():nnet3-chain-get-egs.cc:134) Not producing egs for utterance sp1.1-dli_384_long_1252_hin-00005000-00009152-1 because it is too short: 94 frames.
WARNING (nnet3-chain-get-egs[5.5.0-e4329]:ProcessFile():nnet3-chain-get-egs.cc:134) Not producing egs for utterance sp1.1-dli_386_long_1300_hin-00005000-00008000-1 because it is too short: 93 frames.
WARNING (nnet3-chain-get-egs[5.5.0-e4329]:ProcessFile():nnet3-chain-get-egs.cc:134) Not producing egs for utterance sp1.1-dli_386_long_1311_hin-00005000-00008352-1 because it is too short: 97 frames.
WARNING (nnet3-chain-get-egs[5.5.0-e4329]:ProcessFile():nnet3-chain-get-egs.cc:134) Not producing egs for utterance sp1.1-dli_387_long_1366_hin-00002500-00005500-1 because it is too short: 101 frames.
WARNING (nnet3-chain-get-egs[5.5.0-e4329]:ProcessFile():nnet3-chain-get-egs.cc:134) Not producing egs for utterance sp1.1-dli_388_long_1375_hin-00007500-00010872-3 because it is too short: 93 frames.
WARNING (nnet3-chain-get-egs[5.5.0-e4329]:ProcessFile():nnet3-chain-get-egs.cc:134) Not producing egs for utterance sp1.1-dli_388_long_369_hin-00002500-00005500-1 because it is too short: 93 frames.
WARNING (nnet3-chain-get-egs[5.5.0-e4329]:ProcessFile():nnet3-chain-get-egs.cc:134) Not producing egs for utterance sp1.1-dli_390_long_508_hin-00005000-00008000-6 because it is too short: 100 frames.
WARNING (nnet3-chain-get-egs[5.5.0-e4329]:ProcessFile():nnet3-chain-get-egs.cc:134) Not producing egs for utterance sp1.1-dli_392_long_1114_hin-00005000-00007664-1 because it is too short: 91 frames.
WARNING (nnet3-chain-get-egs[5.5.0-e4329]:main():nnet3-chain-get-egs.cc:386) No pdf-level posterior for key sp1.1-dli_392_long_1235_hin-00002500-00005500-3
WARNING (nnet3-chain-get-egs[5.5.0-e4329]:ProcessFile():nnet3-chain-get-egs.cc:134) Not producing egs for utterance sp1.1-dli_392_long_1324_hin-00002500-00005500-6 because it is too short: 89 frames.
WARNING (nnet3-chain-get-egs[5.5.0-e4329]:ProcessFile():nnet3-chain-get-egs.cc:134) Not producing egs for utterance sp1.1-dli_392_long_99_hin-00002500-00005500-5 because it is too short: 89 frames.
WARNING (nnet3-chain-get-egs[5.5.0-e4329]:ProcessFile():nnet3-chain-get-egs.cc:134) Not producing egs for utterance sp1.1-dli_394_long_1267_hin-00002500-00005500-5 because it is too short: 96 frames.
WARNING (nnet3-chain-get-egs[5.5.0-e4329]:main():nnet3-chain-get-egs.cc:386) No pdf-level posterior for key sp1.1-dli_395_long_1380_hin-00002500-00006200-4
WARNING (nnet3-chain-get-egs[5.5.0-e4329]:main():nnet3-chain-get-egs.cc:386) No pdf-level posterior for key sp1.1-dli_395_long_201_hin-00002500-00005500-2
WARNING (nnet3-chain-get-egs[5.5.0-e4329]:ProcessFile():nnet3-chain-get-egs.cc:134) Not producing egs for utterance sp1.1-dli_400_long_208_hin-00005000-00009208-2 because it is too short: 93 frames.
WARNING (nnet3-chain-get-egs[5.5.0-e4329]:ProcessFile():nnet3-chain-get-egs.cc:134) Not producing egs for utterance sp1.1-dli_400_long_492_hin-00002500-00005500-1 because it is too short: 101 frames.
WARNING (nnet3-chain-get-egs[5.5.0-e4329]:ProcessFile():nnet3-chain-get-egs.cc:134) Not producing egs for utterance sp1.1-dli_402_long_1080_hin-00005000-00008000-4 because it is too short: 93 frames.
WARNING (nnet3-chain-get-egs[5.5.0-e4329]:ProcessFile():nnet3-chain-get-egs.cc:134) Not producing egs for utterance sp1.1-dli_403_long_1167_hin-00007500-00010760-1 because it is too short: 98 frames.
WARNING (nnet3-chain-get-egs[5.5.0-e4329]:ProcessFile():nnet3-chain-get-egs.cc:134) Not producing egs for utterance sp1.1-dli_403_long_444_hin-00005000-00008000-1 because it is too short: 93 frames.
WARNING (nnet3-chain-get-egs[5.5.0-e4329]:ProcessFile():nnet3-chain-get-egs.cc:134) Not producing egs for utterance sp1.1-dli_403_long_539_hin-00000000-00003000-6 because it is too short: 93 frames.
WARNING (nnet3-chain-get-egs[5.5.0-e4329]:main():nnet3-chain-get-egs.cc:386) No pdf-level posterior for key sp1.1-dli_403_long_q_eng_402_hin-00000000-00003608-6
WARNING (nnet3-chain-get-egs[5.5.0-e4329]:ProcessFile():nnet3-chain-get-egs.cc:134) Not producing egs for utterance sp1.1-dli_405_long_1246_hin-00002500-00005500-6 because it is too short: 91 frames.
WARNING (nnet3-chain-get-egs[5.5.0-e4329]:ProcessFile():nnet3-chain-get-egs.cc:134) Not producing egs for utterance sp1.1-dli_406_long_q_eng_405_hin-00000000-00003248-3 because it is too short: 96 frames.
WARNING (nnet3-chain-get-egs[5.5.0-e4329]:ProcessFile():nnet3-chain-get-egs.cc:134) Not producing egs for utterance sp1.1-dli_408_long_1110_hin-00005000-00008000-1 because it is too short: 94 frames.
WARNING (nnet3-chain-get-egs[5.5.0-e4329]:ProcessFile():nnet3-chain-get-egs.cc:134) Not producing egs for utterance sp1.1-dli_409_long_26_hin-00002500-00005500-1 because it is too short: 94 frames.
WARNING (nnet3-chain-get-egs[5.5.0-e4329]:ProcessFile():nnet3-chain-get-egs.cc:134) Not producing egs for utterance sp1.1-dli_410_long_1201_hin-00000000-00003000-6 because it is too short: 92 frames.
WARNING (nnet3-chain-get-egs[5.5.0-e4329]:ProcessFile():nnet3-chain-get-egs.cc:134) Not producing egs for utterance sp1.1-dli_411_long_417_hin-00005000-00008000-2 because it is too short: 100 frames.
WARNING (nnet3-chain-get-egs[5.5.0-e4329]:ProcessFile():nnet3-chain-get-egs.cc:134) Not producing egs for utterance sp1.1-dli_411_long_q_eng_410_hin-00000000-00003472-2 because it is too short: 99 frames.
WARNING (nnet3-chain-get-egs[5.5.0-e4329]:ProcessFile():nnet3-chain-get-egs.cc:134) Not producing egs for utterance sp1.1-dli_413_long_1149_hin-00002500-00005500-5 because it is too short: 89 frames.
WARNING (nnet3-chain-get-egs[5.5.0-e4329]:ProcessFile():nnet3-chain-get-egs.cc:134) Not producing egs for utterance sp1.1-dli_417_long_107_hin-00000000-00003000-2 because it is too short: 93 frames.
WARNING (nnet3-chain-get-egs[5.5.0-e4329]:ProcessFile():nnet3-chain-get-egs.cc:134) Not producing egs for utterance sp1.1-dli_417_long_1146_hin-00007500-00011592-3 because it is too short: 95 frames.
WARNING (nnet3-chain-get-egs[5.5.0-e4329]:ProcessFile():nnet3-chain-get-egs.cc:134) Not producing egs for utterance sp1.1-dli_417_long_1216_hin-00002500-00005500-1 because it is too short: 93 frames.
WARNING (nnet3-chain-get-egs[5.5.0-e4329]:ProcessFile():nnet3-chain-get-egs.cc:134) Not producing egs for utterance sp1.1-dli_418_long_405_hin-00002500-00005500-7 because it is too short: 89 frames.
WARNING (nnet3-chain-get-egs[5.5.0-e4329]:ProcessFile():nnet3-chain-get-egs.cc:134) Not producing egs for utterance sp1.1-dli_419_long_1055_hin-00002500-00005500-5 because it is too short: 89 frames.
WARNING (nnet3-chain-get-egs[5.5.0-e4329]:ProcessFile():nnet3-chain-get-egs.cc:134) Not producing egs for utterance sp1.1-dli_419_long_501_hin-00000000-00003000-6 because it is too short: 89 frames.
WARNING (nnet3-chain-get-egs[5.5.0-e4329]:ProcessFile():nnet3-chain-get-egs.cc:134) Not producing egs for utterance sp1.1-dli_420_long_1023_hin-00000000-00003000-5 because it is too short: 101 frames.
WARNING (nnet3-chain-get-egs[5.5.0-e4329]:main():nnet3-chain-get-egs.cc:386) No pdf-level posterior for key sp1.1-dli_421_long_1020_hin-00002500-00005500-1
WARNING (nnet3-chain-get-egs[5.5.0-e4329]:ProcessFile():nnet3-chain-get-egs.cc:134) Not producing egs for utterance sp1.1-dli_421_long_1020_hin-00002500-00005500-4 because it is too short: 95 frames.
WARNING (nnet3-chain-get-egs[5.5.0-e4329]:ProcessFile():nnet3-chain-get-egs.cc:134) Not producing egs for utterance sp1.1-dli_421_long_1213_hin-00007500-00010856-5 because it is too short: 96 frames.
WARNING (nnet3-chain-get-egs[5.5.0-e4329]:ProcessFile():nnet3-chain-get-egs.cc:134) Not producing egs for utterance sp1.1-dli_421_long_1373_hin-00000000-00003000-2 because it is too short: 89 frames.
WARNING (nnet3-chain-get-egs[5.5.0-e4329]:ProcessFile():nnet3-chain-get-egs.cc:134) Not producing egs for utterance sp1.1-dli_421_long_1373_hin-00005000-00008000-4 because it is too short: 91 frames.
WARNING (nnet3-chain-get-egs[5.5.0-e4329]:ProcessFile():nnet3-chain-get-egs.cc:134) Not producing egs for utterance sp1.1-dli_422_long_98_hin-00007500-00009616-4 because it is too short: 89 frames.
WARNING (nnet3-chain-get-egs[5.5.0-e4329]:ProcessFile():nnet3-chain-get-egs.cc:134) Not producing egs for utterance sp1.1-dli_423_long_1331_hin-00002500-00005500-1 because it is too short: 94 frames.
WARNING (nnet3-chain-get-egs[5.5.0-e4329]:ProcessFile():nnet3-chain-get-egs.cc:134) Not producing egs for utterance sp1.1-dli_424_long_1005_hin-00005000-00008512-5 because it is too short: 100 frames.
WARNING (nnet3-chain-get-egs[5.5.0-e4329]:ProcessFile():nnet3-chain-get-egs.cc:134) Not producing egs for utterance sp1.1-dli_424_long_1140_hin-00000000-00003000-6 because it is too short: 92 frames.
WARNING (nnet3-chain-get-egs[5.5.0-e4329]:ProcessFile():nnet3-chain-get-egs.cc:134) Not producing egs for utterance sp1.1-dli_424_long_574_hin-00000000-00003000-5 because it is too short: 90 frames.
WARNING (nnet3-chain-get-egs[5.5.0-e4329]:ProcessFile():nnet3-chain-get-egs.cc:134) Not producing egs for utterance sp1.1-dli_425_long_122_hin-00002500-00005500-1 because it is too short: 93 frames.
WARNING (nnet3-chain-get-egs[5.5.0-e4329]:ProcessFile():nnet3-chain-get-egs.cc:134) Not producing egs for utterance sp1.1-dli_425_long_222_hin-00005000-00008000-4 because it is too short: 89 frames.
WARNING (nnet3-chain-get-egs[5.5.0-e4329]:ProcessFile():nnet3-chain-get-egs.cc:134) Not producing egs for utterance sp1.1-dli_426_long_88_hin-00002500-00005500-5 because it is too short: 99 frames.
WARNING (nnet3-chain-get-egs[5.5.0-e4329]:ProcessFile():nnet3-chain-get-egs.cc:134) Not producing egs for utterance sp1.1-dli_427_long_486_hin-00005000-00008000-5 because it is too short: 97 frames.
WARNING (nnet3-chain-get-egs[5.5.0-e4329]:ProcessFile():nnet3-chain-get-egs.cc:134) Not producing egs for utterance sp1.1-dli_427_long_559_hin-00005000-00008000-5 because it is too short: 88 frames.
WARNING (nnet3-chain-get-egs[5.5.0-e4329]:ProcessFile():nnet3-chain-get-egs.cc:134) Not producing egs for utterance sp1.1-dli_428_long_53_hin-00002500-00005500-1 because it is too short: 92 frames.
WARNING (nnet3-chain-get-egs[5.5.0-e4329]:ProcessFile():nnet3-chain-get-egs.cc:134) Not producing egs for utterance sp1.1-dli_429_long_1161_hin-00005000-00008000-6 because it is too short: 89 frames.
WARNING (nnet3-chain-get-egs[5.5.0-e4329]:ProcessFile():nnet3-chain-get-egs.cc:134) Not producing egs for utterance sp1.1-dli_429_long_355_hin-00005000-00008456-1 because it is too short: 100 frames.
WARNING (nnet3-chain-get-egs[5.5.0-e4329]:ProcessFile():nnet3-chain-get-egs.cc:134) Not producing egs for utterance sp1.1-dli_430_long_439_hin-00005000-00008864-2 because it is too short: 101 frames.
WARNING (nnet3-chain-get-egs[5.5.0-e4329]:ProcessFile():nnet3-chain-get-egs.cc:134) Not producing egs for utterance sp1.1-hyd_178_long_1290_hin-00000000-00003000-5 because it is too short: 89 frames.
WARNING (nnet3-chain-get-egs[5.5.0-e4329]:ProcessFile():nnet3-chain-get-egs.cc:134) Not producing egs for utterance sp1.1-hyd_178_long_1305_hin-00007500-00010500-2 because it is too short: 90 frames.
WARNING (nnet3-chain-get-egs[5.5.0-e4329]:ProcessFile():nnet3-chain-get-egs.cc:134) Not producing egs for utterance sp1.1-hyd_178_long_373_hin-00007500-00010500-3 because it is too short: 88 frames.
WARNING (nnet3-chain-get-egs[5.5.0-e4329]:ProcessFile():nnet3-chain-get-egs.cc:134) Not producing egs for utterance sp1.1-hyd_179_long_340_hin-00000000-00003000-5 because it is too short: 89 frames.
WARNING (nnet3-chain-get-egs[5.5.0-e4329]:ProcessFile():nnet3-chain-get-egs.cc:134) Not producing egs for utterance sp1.1-hyd_181_long_1301_hin-00002500-00005500-1 because it is too short: 94 frames.
WARNING (nnet3-chain-get-egs[5.5.0-e4329]:ProcessFile():nnet3-chain-get-egs.cc:134) Not producing egs for utterance sp1.1-hyd_182_long_133_hin-00005000-00008000-4 because it is too short: 89 frames.
WARNING (nnet3-chain-get-egs[5.5.0-e4329]:ProcessFile():nnet3-chain-get-egs.cc:134) Not producing egs for utterance sp1.1-hyd_183_long_233_hin-00000000-00003000-6 because it is too short: 89 frames.
WARNING (nnet3-chain-get-egs[5.5.0-e4329]:ProcessFile():nnet3-chain-get-egs.cc:134) Not producing egs for utterance sp1.1-hyd_183_long_247_hin-00010000-00012496-1 because it is too short: 93 frames.
WARNING (nnet3-chain-get-egs[5.5.0-e4329]:ProcessFile():nnet3-chain-get-egs.cc:134) Not producing egs for utterance sp1.1-hyd_184_long_1331_hin-00000000-00003000-2 because it is too short: 92 frames.
WARNING (nnet3-chain-get-egs[5.5.0-e4329]:ProcessFile():nnet3-chain-get-egs.cc:134) Not producing egs for utterance sp1.1-hyd_186_long_3_hin-00005000-00008000-1 because it is too short: 101 frames.
WARNING (nnet3-chain-get-egs[5.5.0-e4329]:ProcessFile():nnet3-chain-get-egs.cc:134) Not producing egs for utterance sp1.1-hyd_186_long_518_hin-00002500-00005500-1 because it is too short: 93 frames.
WARNING (nnet3-chain-get-egs[5.5.0-e4329]:ProcessFile():nnet3-chain-get-egs.cc:134) Not producing egs for utterance sp1.1-hyd_188_long_1198_hin-00005000-00008000-4 because it is too short: 97 frames.
WARNING (nnet3-chain-get-egs[5.5.0-e4329]:ProcessFile():nnet3-chain-get-egs.cc:134) Not producing egs for utterance sp1.1-hyd_188_long_504_hin-00007500-00011475-5 because it is too short: 93 frames.
WARNING (nnet3-chain-get-egs[5.5.0-e4329]:ProcessFile():nnet3-chain-get-egs.cc:134) Not producing egs for utterance sp1.1-hyd_188_long_533_hin-00002500-00005500-5 because it is too short: 90 frames.
WARNING (nnet3-chain-get-egs[5.5.0-e4329]:ProcessFile():nnet3-chain-get-egs.cc:134) Not producing egs for utterance sp1.1-hyd_189_long_24_hin-00000000-00003000-5 because it is too short: 89 frames.
WARNING (nnet3-chain-get-egs[5.5.0-e4329]:ProcessFile():nnet3-chain-get-egs.cc:134) Not producing egs for utterance sp1.1-hyd_492_long_279_hin-00000000-00003000-3 because it is too short: 101 frames.
WARNING (nnet3-chain-get-egs[5.5.0-e4329]:ProcessFile():nnet3-chain-get-egs.cc:134) Not producing egs for utterance sp1.1-hyd_494_long_1057_hin-00007500-00009528-1 because it is too short: 94 frames.
WARNING (nnet3-chain-get-egs[5.5.0-e4329]:ProcessFile():nnet3-chain-get-egs.cc:134) Not producing egs for utterance sp1.1-hyd_498_long_401_hin-00002500-00005500-4 because it is too short: 89 frames.
WARNING (nnet3-chain-get-egs[5.5.0-e4329]:ProcessFile():nnet3-chain-get-egs.cc:134) Not producing egs for utterance sp1.1-hyd_499_long_153_hin-00002500-00005500-5 because it is too short: 98 frames.
WARNING (nnet3-chain-get-egs[5.5.0-e4329]:ProcessFile():nnet3-chain-get-egs.cc:134) Not producing egs for utterance sp1.1-hyd_500_long_173_hin-00007500-00010500-4 because it is too short: 96 frames.
WARNING (nnet3-chain-get-egs[5.5.0-e4329]:ProcessFile():nnet3-chain-get-egs.cc:134) Not producing egs for utterance sp1.1-hyd_502_long_1020_hin-00005000-00008000-1 because it is too short: 93 frames.
LOG (lattice-align-phones[5.5.0-e4329]:main():lattice-align-phones.cc:104) Successfully aligned 6556 lattices; 0 had errors.
LOG (apply-cmvn[5.5.0-e4329]:main():apply-cmvn.cc:81) Copied 6513 utterances.
LOG (chain-get-supervision[5.5.0-e4329]:main():chain-get-supervision.cc:149) Generated chain supervision information for 6556 utterances, errors on 0
WARNING (nnet3-chain-get-egs[5.5.0-e4329]:main():nnet3-chain-get-egs.cc:435) 80 utterances had errors and could not be processed.
LOG (nnet3-chain-get-egs[5.5.0-e4329]:~UtteranceSplitter():nnet-example-utils.cc:357) Split 6508 utts, with total length 3664602 frames (10.1794 hours assuming 100 frames per second)
LOG (nnet3-chain-get-egs[5.5.0-e4329]:~UtteranceSplitter():nnet-example-utils.cc:366) Average chunk length was 136.287 frames; overlap between adjacent chunks was 0.920073% of input length; length of output was 100.492% of input length (minus overlap = 99.5715%).
LOG (nnet3-chain-get-egs[5.5.0-e4329]:~UtteranceSplitter():nnet-example-utils.cc:382) Output frames are distributed among chunk-sizes as follows: 102 = 14.1%, 141 = 71.01%, 162 = 14.9%
LOG (nnet3-chain-copy-egs[5.5.0-e4329]:main():nnet3-chain-copy-egs.cc:395) Read 27021 neural-network training examples, wrote 27021
# Accounting: time=78 threads=1
# Ended (code 0) at Fri May  3 19:07:56 IST 2019, elapsed time 78 seconds
