# lattice-align-phones --replace-output-symbols=true exp/chain/tri2_train_sp_lats/final.mdl "ark:gunzip -c exp/chain/tri2_train_sp_lats/lat.18.gz |" ark:- | chain-get-supervision --lattice-input=true --frame-subsampling-factor=3 --right-tolerance=5 --left-tolerance=5 exp/chain/tdnn1a_sp/tree exp/chain/tdnn1a_sp/0.trans_mdl ark:- ark:- | nnet3-chain-get-egs --online-ivectors=scp:exp/nnet3/ivectors_train_sp_hires/ivector_online.scp --online-ivector-period=10 --srand=$[18+0] --left-context=17 --right-context=11 --num-frames=140,100,160 --frame-subsampling-factor=3 --compress=true --left-context-initial=17 --right-context-final=11 --num-frames-overlap=0 "ark,s,cs:utils/filter_scp.pl --exclude exp/chain/tdnn1a_sp/egs/valid_uttlist data/train_sp_hires/split20/18/feats.scp | apply-cmvn --norm-means=false --norm-vars=false --utt2spk=ark:data/train_sp_hires/split20/18/utt2spk scp:data/train_sp_hires/split20/18/cmvn.scp scp:- ark:- |" ark,s,cs:- ark:- | nnet3-chain-copy-egs --random=true --srand=$[18+0] ark:- ark:exp/chain/tdnn1a_sp/egs/cegs_orig.18.1.ark ark:exp/chain/tdnn1a_sp/egs/cegs_orig.18.2.ark ark:exp/chain/tdnn1a_sp/egs/cegs_orig.18.3.ark ark:exp/chain/tdnn1a_sp/egs/cegs_orig.18.4.ark ark:exp/chain/tdnn1a_sp/egs/cegs_orig.18.5.ark ark:exp/chain/tdnn1a_sp/egs/cegs_orig.18.6.ark ark:exp/chain/tdnn1a_sp/egs/cegs_orig.18.7.ark ark:exp/chain/tdnn1a_sp/egs/cegs_orig.18.8.ark ark:exp/chain/tdnn1a_sp/egs/cegs_orig.18.9.ark ark:exp/chain/tdnn1a_sp/egs/cegs_orig.18.10.ark ark:exp/chain/tdnn1a_sp/egs/cegs_orig.18.11.ark ark:exp/chain/tdnn1a_sp/egs/cegs_orig.18.12.ark ark:exp/chain/tdnn1a_sp/egs/cegs_orig.18.13.ark ark:exp/chain/tdnn1a_sp/egs/cegs_orig.18.14.ark ark:exp/chain/tdnn1a_sp/egs/cegs_orig.18.15.ark ark:exp/chain/tdnn1a_sp/egs/cegs_orig.18.16.ark ark:exp/chain/tdnn1a_sp/egs/cegs_orig.18.17.ark ark:exp/chain/tdnn1a_sp/egs/cegs_orig.18.18.ark ark:exp/chain/tdnn1a_sp/egs/cegs_orig.18.19.ark ark:exp/chain/tdnn1a_sp/egs/cegs_orig.18.20.ark ark:exp/chain/tdnn1a_sp/egs/cegs_orig.18.21.ark ark:exp/chain/tdnn1a_sp/egs/cegs_orig.18.22.ark ark:exp/chain/tdnn1a_sp/egs/cegs_orig.18.23.ark ark:exp/chain/tdnn1a_sp/egs/cegs_orig.18.24.ark ark:exp/chain/tdnn1a_sp/egs/cegs_orig.18.25.ark ark:exp/chain/tdnn1a_sp/egs/cegs_orig.18.26.ark ark:exp/chain/tdnn1a_sp/egs/cegs_orig.18.27.ark 
# Started at Fri May  3 19:06:54 IST 2019
#
nnet3-chain-get-egs --online-ivectors=scp:exp/nnet3/ivectors_train_sp_hires/ivector_online.scp --online-ivector-period=10 --srand=18 --left-context=17 --right-context=11 --num-frames=140,100,160 --frame-subsampling-factor=3 --compress=true --left-context-initial=17 --right-context-final=11 --num-frames-overlap=0 'ark,s,cs:utils/filter_scp.pl --exclude exp/chain/tdnn1a_sp/egs/valid_uttlist data/train_sp_hires/split20/18/feats.scp | apply-cmvn --norm-means=false --norm-vars=false --utt2spk=ark:data/train_sp_hires/split20/18/utt2spk scp:data/train_sp_hires/split20/18/cmvn.scp scp:- ark:- |' ark,s,cs:- ark:- 
LOG (nnet3-chain-get-egs[5.5.0-e4329]:ComputeDerived():nnet-example-utils.cc:335) Rounding up --num-frames=140,100,160 to multiples of --frame-subsampling-factor=3, to: 141,102,162
chain-get-supervision --lattice-input=true --frame-subsampling-factor=3 --right-tolerance=5 --left-tolerance=5 exp/chain/tdnn1a_sp/tree exp/chain/tdnn1a_sp/0.trans_mdl ark:- ark:- 
apply-cmvn --norm-means=false --norm-vars=false --utt2spk=ark:data/train_sp_hires/split20/18/utt2spk scp:data/train_sp_hires/split20/18/cmvn.scp scp:- ark:- 
lattice-align-phones --replace-output-symbols=true exp/chain/tri2_train_sp_lats/final.mdl 'ark:gunzip -c exp/chain/tri2_train_sp_lats/lat.18.gz |' ark:- 
nnet3-chain-copy-egs --random=true --srand=18 ark:- ark:exp/chain/tdnn1a_sp/egs/cegs_orig.18.1.ark ark:exp/chain/tdnn1a_sp/egs/cegs_orig.18.2.ark ark:exp/chain/tdnn1a_sp/egs/cegs_orig.18.3.ark ark:exp/chain/tdnn1a_sp/egs/cegs_orig.18.4.ark ark:exp/chain/tdnn1a_sp/egs/cegs_orig.18.5.ark ark:exp/chain/tdnn1a_sp/egs/cegs_orig.18.6.ark ark:exp/chain/tdnn1a_sp/egs/cegs_orig.18.7.ark ark:exp/chain/tdnn1a_sp/egs/cegs_orig.18.8.ark ark:exp/chain/tdnn1a_sp/egs/cegs_orig.18.9.ark ark:exp/chain/tdnn1a_sp/egs/cegs_orig.18.10.ark ark:exp/chain/tdnn1a_sp/egs/cegs_orig.18.11.ark ark:exp/chain/tdnn1a_sp/egs/cegs_orig.18.12.ark ark:exp/chain/tdnn1a_sp/egs/cegs_orig.18.13.ark ark:exp/chain/tdnn1a_sp/egs/cegs_orig.18.14.ark ark:exp/chain/tdnn1a_sp/egs/cegs_orig.18.15.ark ark:exp/chain/tdnn1a_sp/egs/cegs_orig.18.16.ark ark:exp/chain/tdnn1a_sp/egs/cegs_orig.18.17.ark ark:exp/chain/tdnn1a_sp/egs/cegs_orig.18.18.ark ark:exp/chain/tdnn1a_sp/egs/cegs_orig.18.19.ark ark:exp/chain/tdnn1a_sp/egs/cegs_orig.18.20.ark ark:exp/chain/tdnn1a_sp/egs/cegs_orig.18.21.ark ark:exp/chain/tdnn1a_sp/egs/cegs_orig.18.22.ark ark:exp/chain/tdnn1a_sp/egs/cegs_orig.18.23.ark ark:exp/chain/tdnn1a_sp/egs/cegs_orig.18.24.ark ark:exp/chain/tdnn1a_sp/egs/cegs_orig.18.25.ark ark:exp/chain/tdnn1a_sp/egs/cegs_orig.18.26.ark ark:exp/chain/tdnn1a_sp/egs/cegs_orig.18.27.ark 
WARNING (nnet3-chain-get-egs[5.5.0-e4329]:ProcessFile():nnet3-chain-get-egs.cc:134) Not producing egs for utterance sp1.1-idr_526_long_411_hin-00007500-00010500-4 because it is too short: 99 frames.
WARNING (nnet3-chain-get-egs[5.5.0-e4329]:ProcessFile():nnet3-chain-get-egs.cc:134) Not producing egs for utterance sp1.1-idr_527_long_1201_hin-00002500-00005500-5 because it is too short: 89 frames.
WARNING (nnet3-chain-get-egs[5.5.0-e4329]:ProcessFile():nnet3-chain-get-egs.cc:134) Not producing egs for utterance sp1.1-idr_527_long_224_hin-00010000-00013274-5 because it is too short: 91 frames.
WARNING (nnet3-chain-get-egs[5.5.0-e4329]:ProcessFile():nnet3-chain-get-egs.cc:134) Not producing egs for utterance sp1.1-idr_530_long_1291_hin-00000000-00003000-4 because it is too short: 89 frames.
WARNING (nnet3-chain-get-egs[5.5.0-e4329]:ProcessFile():nnet3-chain-get-egs.cc:134) Not producing egs for utterance sp1.1-idr_531_long_238_hin-00007500-00010500-3 because it is too short: 97 frames.
WARNING (nnet3-chain-get-egs[5.5.0-e4329]:ProcessFile():nnet3-chain-get-egs.cc:134) Not producing egs for utterance sp1.1-idr_533_long_266_hin-00000000-00003000-5 because it is too short: 89 frames.
WARNING (nnet3-chain-get-egs[5.5.0-e4329]:ProcessFile():nnet3-chain-get-egs.cc:134) Not producing egs for utterance sp1.1-idr_534_long_1297_hin-00007500-00010500-1 because it is too short: 94 frames.
WARNING (nnet3-chain-get-egs[5.5.0-e4329]:ProcessFile():nnet3-chain-get-egs.cc:134) Not producing egs for utterance sp1.1-idr_535_long_1161_hin-00005000-00008000-4 because it is too short: 89 frames.
WARNING (nnet3-chain-get-egs[5.5.0-e4329]:ProcessFile():nnet3-chain-get-egs.cc:134) Not producing egs for utterance sp1.1-idr_537_long_1184_hin-00012500-00014707-1 because it is too short: 96 frames.
WARNING (nnet3-chain-get-egs[5.5.0-e4329]:ProcessFile():nnet3-chain-get-egs.cc:134) Not producing egs for utterance sp1.1-idr_538_long_123_hin-00000000-00003000-4 because it is too short: 101 frames.
WARNING (nnet3-chain-get-egs[5.5.0-e4329]:ProcessFile():nnet3-chain-get-egs.cc:134) Not producing egs for utterance sp1.1-idr_86_long_1206_hin-00005000-00008000-1 because it is too short: 93 frames.
WARNING (nnet3-chain-get-egs[5.5.0-e4329]:ProcessFile():nnet3-chain-get-egs.cc:134) Not producing egs for utterance sp1.1-idr_86_long_315_hin-00010000-00013705-1 because it is too short: 94 frames.
WARNING (nnet3-chain-get-egs[5.5.0-e4329]:ProcessFile():nnet3-chain-get-egs.cc:134) Not producing egs for utterance sp1.1-idr_87_long_392_hin-00002500-00005500-4 because it is too short: 89 frames.
WARNING (nnet3-chain-get-egs[5.5.0-e4329]:ProcessFile():nnet3-chain-get-egs.cc:134) Not producing egs for utterance sp1.1-idr_87_long_43_hin-00005000-00008000-4 because it is too short: 90 frames.
WARNING (nnet3-chain-get-egs[5.5.0-e4329]:main():nnet3-chain-get-egs.cc:386) No pdf-level posterior for key sp1.1-idr_88_long_1064_hin-00005000-00008000-1
WARNING (nnet3-chain-get-egs[5.5.0-e4329]:main():nnet3-chain-get-egs.cc:386) No pdf-level posterior for key sp1.1-idr_89_long_1263_hin-00000000-00003000-1
WARNING (nnet3-chain-get-egs[5.5.0-e4329]:ProcessFile():nnet3-chain-get-egs.cc:134) Not producing egs for utterance sp1.1-idr_89_long_221_hin-00007500-00011729-3 because it is too short: 93 frames.
WARNING (nnet3-chain-get-egs[5.5.0-e4329]:ProcessFile():nnet3-chain-get-egs.cc:134) Not producing egs for utterance sp1.1-idr_89_long_247_hin-00002500-00005500-6 because it is too short: 89 frames.
WARNING (nnet3-chain-get-egs[5.5.0-e4329]:ProcessFile():nnet3-chain-get-egs.cc:134) Not producing egs for utterance sp1.1-idr_89_long_84_hin-00000000-00003000-4 because it is too short: 89 frames.
WARNING (nnet3-chain-get-egs[5.5.0-e4329]:ProcessFile():nnet3-chain-get-egs.cc:134) Not producing egs for utterance sp1.1-idr_90_long_1320_hin-00005000-00008000-1 because it is too short: 89 frames.
WARNING (nnet3-chain-get-egs[5.5.0-e4329]:ProcessFile():nnet3-chain-get-egs.cc:134) Not producing egs for utterance sp1.1-idr_90_long_320_hin-00007500-00010500-4 because it is too short: 88 frames.
WARNING (nnet3-chain-get-egs[5.5.0-e4329]:ProcessFile():nnet3-chain-get-egs.cc:134) Not producing egs for utterance sp1.1-idr_91_long_33_hin-00002500-00005500-2 because it is too short: 93 frames.
WARNING (nnet3-chain-get-egs[5.5.0-e4329]:ProcessFile():nnet3-chain-get-egs.cc:134) Not producing egs for utterance sp1.1-idr_92_long_1306_hin-00010000-00013738-1 because it is too short: 100 frames.
WARNING (nnet3-chain-get-egs[5.5.0-e4329]:ProcessFile():nnet3-chain-get-egs.cc:134) Not producing egs for utterance sp1.1-idr_92_long_49_hin-00005000-00008000-6 because it is too short: 89 frames.
WARNING (nnet3-chain-get-egs[5.5.0-e4329]:ProcessFile():nnet3-chain-get-egs.cc:134) Not producing egs for utterance sp1.1-idr_94_long_1070_hin-00002500-00005500-5 because it is too short: 93 frames.
WARNING (nnet3-chain-get-egs[5.5.0-e4329]:ProcessFile():nnet3-chain-get-egs.cc:134) Not producing egs for utterance sp1.1-idr_94_long_371_hin-00002500-00005500-4 because it is too short: 101 frames.
WARNING (nnet3-chain-get-egs[5.5.0-e4329]:ProcessFile():nnet3-chain-get-egs.cc:134) Not producing egs for utterance sp1.1-idr_97_long_q_eng_96_hin-00000000-00003499-5 because it is too short: 96 frames.
WARNING (nnet3-chain-get-egs[5.5.0-e4329]:ProcessFile():nnet3-chain-get-egs.cc:134) Not producing egs for utterance sp1.1-idr_99_long_267_hin-00007500-00010325-1 because it is too short: 94 frames.
WARNING (nnet3-chain-get-egs[5.5.0-e4329]:ProcessFile():nnet3-chain-get-egs.cc:134) Not producing egs for utterance sp1.1-kol_217_long_1050_hin-00002500-00005500-5 because it is too short: 94 frames.
WARNING (nnet3-chain-get-egs[5.5.0-e4329]:ProcessFile():nnet3-chain-get-egs.cc:134) Not producing egs for utterance sp1.1-kol_219_long_1258_hin-00002500-00005500-1 because it is too short: 89 frames.
WARNING (nnet3-chain-get-egs[5.5.0-e4329]:ProcessFile():nnet3-chain-get-egs.cc:134) Not producing egs for utterance sp1.1-kol_220_long_1339_hin-00002500-00005500-1 because it is too short: 94 frames.
WARNING (nnet3-chain-get-egs[5.5.0-e4329]:ProcessFile():nnet3-chain-get-egs.cc:134) Not producing egs for utterance sp1.1-kol_261_long_1001_hin-00000000-00003000-4 because it is too short: 93 frames.
WARNING (nnet3-chain-get-egs[5.5.0-e4329]:ProcessFile():nnet3-chain-get-egs.cc:134) Not producing egs for utterance sp1.1-kol_261_long_161_hin-00000000-00003000-5 because it is too short: 93 frames.
WARNING (nnet3-chain-get-egs[5.5.0-e4329]:ProcessFile():nnet3-chain-get-egs.cc:134) Not producing egs for utterance sp1.1-kol_261_long_161_hin-00007500-00012000-1 because it is too short: 99 frames.
WARNING (nnet3-chain-get-egs[5.5.0-e4329]:ProcessFile():nnet3-chain-get-egs.cc:134) Not producing egs for utterance sp1.1-kol_262_long_1095_hin-00002500-00005500-2 because it is too short: 98 frames.
WARNING (nnet3-chain-get-egs[5.5.0-e4329]:ProcessFile():nnet3-chain-get-egs.cc:134) Not producing egs for utterance sp1.1-kol_263_long_27_hin-00005000-00008000-5 because it is too short: 101 frames.
WARNING (nnet3-chain-get-egs[5.5.0-e4329]:ProcessFile():nnet3-chain-get-egs.cc:134) Not producing egs for utterance sp1.1-kol_264_long_344_hin-00007500-00010500-3 because it is too short: 89 frames.
WARNING (nnet3-chain-get-egs[5.5.0-e4329]:ProcessFile():nnet3-chain-get-egs.cc:134) Not producing egs for utterance sp1.1-kol_264_long_454_hin-00010000-00013888-2 because it is too short: 101 frames.
WARNING (nnet3-chain-get-egs[5.5.0-e4329]:ProcessFile():nnet3-chain-get-egs.cc:134) Not producing egs for utterance sp1.1-kol_265_long_1089_hin-00005000-00008000-1 because it is too short: 89 frames.
WARNING (nnet3-chain-get-egs[5.5.0-e4329]:ProcessFile():nnet3-chain-get-egs.cc:134) Not producing egs for utterance sp1.1-kol_265_long_1256_hin-00000000-00003000-4 because it is too short: 89 frames.
WARNING (nnet3-chain-get-egs[5.5.0-e4329]:ProcessFile():nnet3-chain-get-egs.cc:134) Not producing egs for utterance sp1.1-kol_266_long_1359_hin-00005000-00007832-1 because it is too short: 89 frames.
WARNING (nnet3-chain-get-egs[5.5.0-e4329]:main():nnet3-chain-get-egs.cc:386) No pdf-level posterior for key sp1.1-kol_266_long_154_hin-00005000-00009336-1
WARNING (nnet3-chain-get-egs[5.5.0-e4329]:ProcessFile():nnet3-chain-get-egs.cc:134) Not producing egs for utterance sp1.1-kol_267_long_1064_hin-00005000-00008000-6 because it is too short: 89 frames.
WARNING (nnet3-chain-get-egs[5.5.0-e4329]:ProcessFile():nnet3-chain-get-egs.cc:134) Not producing egs for utterance sp1.1-kol_267_long_1072_hin-00007500-00010800-3 because it is too short: 90 frames.
WARNING (nnet3-chain-get-egs[5.5.0-e4329]:ProcessFile():nnet3-chain-get-egs.cc:134) Not producing egs for utterance sp1.1-kol_267_long_1111_hin-00002500-00005500-5 because it is too short: 96 frames.
WARNING (nnet3-chain-get-egs[5.5.0-e4329]:ProcessFile():nnet3-chain-get-egs.cc:134) Not producing egs for utterance sp1.1-kol_267_long_1111_hin-00005000-00008986-1 because it is too short: 93 frames.
WARNING (nnet3-chain-get-egs[5.5.0-e4329]:ProcessFile():nnet3-chain-get-egs.cc:134) Not producing egs for utterance sp1.1-kol_267_long_243_hin-00005000-00008000-5 because it is too short: 89 frames.
WARNING (nnet3-chain-get-egs[5.5.0-e4329]:ProcessFile():nnet3-chain-get-egs.cc:134) Not producing egs for utterance sp1.1-kol_268_long_1135_hin-00002500-00005500-1 because it is too short: 100 frames.
WARNING (nnet3-chain-get-egs[5.5.0-e4329]:main():nnet3-chain-get-egs.cc:386) No pdf-level posterior for key sp1.1-kol_268_long_1172_hin-00002500-00005500-4
WARNING (nnet3-chain-get-egs[5.5.0-e4329]:ProcessFile():nnet3-chain-get-egs.cc:134) Not producing egs for utterance sp1.1-kol_269_long_1110_hin-00005000-00008000-5 because it is too short: 89 frames.
WARNING (nnet3-chain-get-egs[5.5.0-e4329]:ProcessFile():nnet3-chain-get-egs.cc:134) Not producing egs for utterance sp1.1-kol_270_long_247_hin-00002500-00005500-1 because it is too short: 94 frames.
WARNING (nnet3-chain-get-egs[5.5.0-e4329]:ProcessFile():nnet3-chain-get-egs.cc:134) Not producing egs for utterance sp1.1-kol_276_long_1186_hin-00007500-00010500-6 because it is too short: 89 frames.
WARNING (nnet3-chain-get-egs[5.5.0-e4329]:ProcessFile():nnet3-chain-get-egs.cc:134) Not producing egs for utterance sp1.1-kol_276_long_217_hin-00005000-00008000-1 because it is too short: 96 frames.
WARNING (nnet3-chain-get-egs[5.5.0-e4329]:ProcessFile():nnet3-chain-get-egs.cc:134) Not producing egs for utterance sp1.1-kol_276_long_217_hin-00010000-00013000-4 because it is too short: 89 frames.
WARNING (nnet3-chain-get-egs[5.5.0-e4329]:ProcessFile():nnet3-chain-get-egs.cc:134) Not producing egs for utterance sp1.1-kol_277_long_1213_hin-00007500-00010500-3 because it is too short: 89 frames.
WARNING (nnet3-chain-get-egs[5.5.0-e4329]:ProcessFile():nnet3-chain-get-egs.cc:134) Not producing egs for utterance sp1.1-kol_277_long_1269_hin-00005000-00008000-1 because it is too short: 91 frames.
WARNING (nnet3-chain-get-egs[5.5.0-e4329]:ProcessFile():nnet3-chain-get-egs.cc:134) Not producing egs for utterance sp1.1-kol_279_long_191_hin-00005000-00008000-3 because it is too short: 92 frames.
WARNING (nnet3-chain-get-egs[5.5.0-e4329]:ProcessFile():nnet3-chain-get-egs.cc:134) Not producing egs for utterance sp1.1-kol_281_long_1094_hin-00010000-00013000-5 because it is too short: 99 frames.
WARNING (nnet3-chain-get-egs[5.5.0-e4329]:ProcessFile():nnet3-chain-get-egs.cc:134) Not producing egs for utterance sp1.1-kol_282_long_1174_hin-00005000-00008000-5 because it is too short: 89 frames.
WARNING (nnet3-chain-get-egs[5.5.0-e4329]:ProcessFile():nnet3-chain-get-egs.cc:134) Not producing egs for utterance sp1.1-kol_282_long_1322_hin-00007500-00009971-3 because it is too short: 98 frames.
WARNING (nnet3-chain-get-egs[5.5.0-e4329]:ProcessFile():nnet3-chain-get-egs.cc:134) Not producing egs for utterance sp1.1-kol_282_long_1353_hin-00005000-00008000-5 because it is too short: 89 frames.
WARNING (nnet3-chain-get-egs[5.5.0-e4329]:ProcessFile():nnet3-chain-get-egs.cc:134) Not producing egs for utterance sp1.1-kol_283_long_238_hin-00005000-00008000-4 because it is too short: 89 frames.
WARNING (nnet3-chain-get-egs[5.5.0-e4329]:ProcessFile():nnet3-chain-get-egs.cc:134) Not producing egs for utterance sp1.1-kol_284_long_103_hin-00000000-00003000-3 because it is too short: 101 frames.
WARNING (nnet3-chain-get-egs[5.5.0-e4329]:ProcessFile():nnet3-chain-get-egs.cc:134) Not producing egs for utterance sp1.1-kol_284_long_225_hin-00010000-00014064-3 because it is too short: 94 frames.
WARNING (nnet3-chain-get-egs[5.5.0-e4329]:ProcessFile():nnet3-chain-get-egs.cc:134) Not producing egs for utterance sp1.1-kol_285_long_450_hin-00000000-00003000-5 because it is too short: 90 frames.
WARNING (nnet3-chain-get-egs[5.5.0-e4329]:ProcessFile():nnet3-chain-get-egs.cc:134) Not producing egs for utterance sp1.1-kol_287_long_122_hin-00010000-00012216-1 because it is too short: 89 frames.
WARNING (nnet3-chain-get-egs[5.5.0-e4329]:ProcessFile():nnet3-chain-get-egs.cc:134) Not producing egs for utterance sp1.1-kol_287_long_198_hin-00005000-00008000-6 because it is too short: 89 frames.
WARNING (nnet3-chain-get-egs[5.5.0-e4329]:ProcessFile():nnet3-chain-get-egs.cc:134) Not producing egs for utterance sp1.1-kol_288_long_138_hin-00002500-00006502-9 because it is too short: 93 frames.
WARNING (nnet3-chain-get-egs[5.5.0-e4329]:ProcessFile():nnet3-chain-get-egs.cc:134) Not producing egs for utterance sp1.1-kol_289_long_1042_hin-00000000-00003000-5 because it is too short: 89 frames.
WARNING (nnet3-chain-get-egs[5.5.0-e4329]:ProcessFile():nnet3-chain-get-egs.cc:134) Not producing egs for utterance sp1.1-kol_297_long_1253_hin-00005000-00008000-7 because it is too short: 89 frames.
WARNING (nnet3-chain-get-egs[5.5.0-e4329]:ProcessFile():nnet3-chain-get-egs.cc:134) Not producing egs for utterance sp1.1-kol_299_long_559_hin-00002500-00005500-4 because it is too short: 89 frames.
WARNING (nnet3-chain-get-egs[5.5.0-e4329]:ProcessFile():nnet3-chain-get-egs.cc:134) Not producing egs for utterance sp1.1-kol_299_long_559_hin-00007500-00009914-1 because it is too short: 93 frames.
WARNING (nnet3-chain-get-egs[5.5.0-e4329]:ProcessFile():nnet3-chain-get-egs.cc:134) Not producing egs for utterance sp1.1-kol_74_long_1363_hin-00005000-00009472-5 because it is too short: 89 frames.
WARNING (nnet3-chain-get-egs[5.5.0-e4329]:ProcessFile():nnet3-chain-get-egs.cc:134) Not producing egs for utterance sp1.1-kol_74_long_333_hin-00000000-00003000-5 because it is too short: 89 frames.
WARNING (nnet3-chain-get-egs[5.5.0-e4329]:ProcessFile():nnet3-chain-get-egs.cc:134) Not producing egs for utterance sp1.1-kol_74_long_333_hin-00002500-00005500-3 because it is too short: 89 frames.
WARNING (nnet3-chain-get-egs[5.5.0-e4329]:ProcessFile():nnet3-chain-get-egs.cc:134) Not producing egs for utterance sp1.1-lnw_117_long_1101_hin-00012500-00016160-1 because it is too short: 89 frames.
WARNING (nnet3-chain-get-egs[5.5.0-e4329]:ProcessFile():nnet3-chain-get-egs.cc:134) Not producing egs for utterance sp1.1-lnw_117_long_188_hin-00007500-00010500-2 because it is too short: 98 frames.
WARNING (nnet3-chain-get-egs[5.5.0-e4329]:ProcessFile():nnet3-chain-get-egs.cc:134) Not producing egs for utterance sp1.1-lnw_117_long_223_hin-00010000-00013216-2 because it is too short: 99 frames.
WARNING (nnet3-chain-get-egs[5.5.0-e4329]:ProcessFile():nnet3-chain-get-egs.cc:134) Not producing egs for utterance sp1.1-lnw_118_long_1288_hin-00002500-00005500-3 because it is too short: 88 frames.
LOG (lattice-align-phones[5.5.0-e4329]:main():lattice-align-phones.cc:104) Successfully aligned 6553 lattices; 0 had errors.
LOG (apply-cmvn[5.5.0-e4329]:main():apply-cmvn.cc:81) Copied 6516 utterances.
LOG (chain-get-supervision[5.5.0-e4329]:main():chain-get-supervision.cc:149) Generated chain supervision information for 6553 utterances, errors on 0
WARNING (nnet3-chain-get-egs[5.5.0-e4329]:main():nnet3-chain-get-egs.cc:435) 79 utterances had errors and could not be processed.
LOG (nnet3-chain-get-egs[5.5.0-e4329]:~UtteranceSplitter():nnet-example-utils.cc:357) Split 6512 utts, with total length 3376279 frames (9.37855 hours assuming 100 frames per second)
LOG (nnet3-chain-get-egs[5.5.0-e4329]:~UtteranceSplitter():nnet-example-utils.cc:366) Average chunk length was 135.796 frames; overlap between adjacent chunks was 0.988248% of input length; length of output was 100.483% of input length (minus overlap = 99.4952%).
LOG (nnet3-chain-get-egs[5.5.0-e4329]:~UtteranceSplitter():nnet-example-utils.cc:382) Output frames are distributed among chunk-sizes as follows: 102 = 15.48%, 141 = 68.43%, 162 = 16.09%
LOG (nnet3-chain-copy-egs[5.5.0-e4329]:main():nnet3-chain-copy-egs.cc:395) Read 24983 neural-network training examples, wrote 24983
# Accounting: time=67 threads=1
# Ended (code 0) at Fri May  3 19:08:01 IST 2019, elapsed time 67 seconds
