# lattice-align-phones --replace-output-symbols=true exp/chain/tri2_train_sp_lats/final.mdl "ark:gunzip -c exp/chain/tri2_train_sp_lats/lat.4.gz |" ark:- | chain-get-supervision --lattice-input=true --frame-subsampling-factor=3 --right-tolerance=5 --left-tolerance=5 exp/chain/tdnn1a_sp/tree exp/chain/tdnn1a_sp/0.trans_mdl ark:- ark:- | nnet3-chain-get-egs --online-ivectors=scp:exp/nnet3/ivectors_train_sp_hires/ivector_online.scp --online-ivector-period=10 --srand=$[4+0] --left-context=17 --right-context=11 --num-frames=140,100,160 --frame-subsampling-factor=3 --compress=true --left-context-initial=17 --right-context-final=11 --num-frames-overlap=0 "ark,s,cs:utils/filter_scp.pl --exclude exp/chain/tdnn1a_sp/egs/valid_uttlist data/train_sp_hires/split20/4/feats.scp | apply-cmvn --norm-means=false --norm-vars=false --utt2spk=ark:data/train_sp_hires/split20/4/utt2spk scp:data/train_sp_hires/split20/4/cmvn.scp scp:- ark:- |" ark,s,cs:- ark:- | nnet3-chain-copy-egs --random=true --srand=$[4+0] ark:- ark:exp/chain/tdnn1a_sp/egs/cegs_orig.4.1.ark ark:exp/chain/tdnn1a_sp/egs/cegs_orig.4.2.ark ark:exp/chain/tdnn1a_sp/egs/cegs_orig.4.3.ark ark:exp/chain/tdnn1a_sp/egs/cegs_orig.4.4.ark ark:exp/chain/tdnn1a_sp/egs/cegs_orig.4.5.ark ark:exp/chain/tdnn1a_sp/egs/cegs_orig.4.6.ark ark:exp/chain/tdnn1a_sp/egs/cegs_orig.4.7.ark ark:exp/chain/tdnn1a_sp/egs/cegs_orig.4.8.ark ark:exp/chain/tdnn1a_sp/egs/cegs_orig.4.9.ark ark:exp/chain/tdnn1a_sp/egs/cegs_orig.4.10.ark ark:exp/chain/tdnn1a_sp/egs/cegs_orig.4.11.ark ark:exp/chain/tdnn1a_sp/egs/cegs_orig.4.12.ark ark:exp/chain/tdnn1a_sp/egs/cegs_orig.4.13.ark ark:exp/chain/tdnn1a_sp/egs/cegs_orig.4.14.ark ark:exp/chain/tdnn1a_sp/egs/cegs_orig.4.15.ark ark:exp/chain/tdnn1a_sp/egs/cegs_orig.4.16.ark ark:exp/chain/tdnn1a_sp/egs/cegs_orig.4.17.ark ark:exp/chain/tdnn1a_sp/egs/cegs_orig.4.18.ark ark:exp/chain/tdnn1a_sp/egs/cegs_orig.4.19.ark ark:exp/chain/tdnn1a_sp/egs/cegs_orig.4.20.ark ark:exp/chain/tdnn1a_sp/egs/cegs_orig.4.21.ark ark:exp/chain/tdnn1a_sp/egs/cegs_orig.4.22.ark ark:exp/chain/tdnn1a_sp/egs/cegs_orig.4.23.ark ark:exp/chain/tdnn1a_sp/egs/cegs_orig.4.24.ark ark:exp/chain/tdnn1a_sp/egs/cegs_orig.4.25.ark ark:exp/chain/tdnn1a_sp/egs/cegs_orig.4.26.ark ark:exp/chain/tdnn1a_sp/egs/cegs_orig.4.27.ark 
# Started at Fri May  3 19:04:47 IST 2019
#
nnet3-chain-copy-egs --random=true --srand=4 ark:- ark:exp/chain/tdnn1a_sp/egs/cegs_orig.4.1.ark ark:exp/chain/tdnn1a_sp/egs/cegs_orig.4.2.ark ark:exp/chain/tdnn1a_sp/egs/cegs_orig.4.3.ark ark:exp/chain/tdnn1a_sp/egs/cegs_orig.4.4.ark ark:exp/chain/tdnn1a_sp/egs/cegs_orig.4.5.ark ark:exp/chain/tdnn1a_sp/egs/cegs_orig.4.6.ark ark:exp/chain/tdnn1a_sp/egs/cegs_orig.4.7.ark ark:exp/chain/tdnn1a_sp/egs/cegs_orig.4.8.ark ark:exp/chain/tdnn1a_sp/egs/cegs_orig.4.9.ark ark:exp/chain/tdnn1a_sp/egs/cegs_orig.4.10.ark ark:exp/chain/tdnn1a_sp/egs/cegs_orig.4.11.ark ark:exp/chain/tdnn1a_sp/egs/cegs_orig.4.12.ark ark:exp/chain/tdnn1a_sp/egs/cegs_orig.4.13.ark ark:exp/chain/tdnn1a_sp/egs/cegs_orig.4.14.ark ark:exp/chain/tdnn1a_sp/egs/cegs_orig.4.15.ark ark:exp/chain/tdnn1a_sp/egs/cegs_orig.4.16.ark ark:exp/chain/tdnn1a_sp/egs/cegs_orig.4.17.ark ark:exp/chain/tdnn1a_sp/egs/cegs_orig.4.18.ark ark:exp/chain/tdnn1a_sp/egs/cegs_orig.4.19.ark ark:exp/chain/tdnn1a_sp/egs/cegs_orig.4.20.ark ark:exp/chain/tdnn1a_sp/egs/cegs_orig.4.21.ark ark:exp/chain/tdnn1a_sp/egs/cegs_orig.4.22.ark ark:exp/chain/tdnn1a_sp/egs/cegs_orig.4.23.ark ark:exp/chain/tdnn1a_sp/egs/cegs_orig.4.24.ark ark:exp/chain/tdnn1a_sp/egs/cegs_orig.4.25.ark ark:exp/chain/tdnn1a_sp/egs/cegs_orig.4.26.ark ark:exp/chain/tdnn1a_sp/egs/cegs_orig.4.27.ark 
nnet3-chain-get-egs --online-ivectors=scp:exp/nnet3/ivectors_train_sp_hires/ivector_online.scp --online-ivector-period=10 --srand=4 --left-context=17 --right-context=11 --num-frames=140,100,160 --frame-subsampling-factor=3 --compress=true --left-context-initial=17 --right-context-final=11 --num-frames-overlap=0 'ark,s,cs:utils/filter_scp.pl --exclude exp/chain/tdnn1a_sp/egs/valid_uttlist data/train_sp_hires/split20/4/feats.scp | apply-cmvn --norm-means=false --norm-vars=false --utt2spk=ark:data/train_sp_hires/split20/4/utt2spk scp:data/train_sp_hires/split20/4/cmvn.scp scp:- ark:- |' ark,s,cs:- ark:- 
LOG (nnet3-chain-get-egs[5.5.0-e4329]:ComputeDerived():nnet-example-utils.cc:335) Rounding up --num-frames=140,100,160 to multiples of --frame-subsampling-factor=3, to: 141,102,162
lattice-align-phones --replace-output-symbols=true exp/chain/tri2_train_sp_lats/final.mdl 'ark:gunzip -c exp/chain/tri2_train_sp_lats/lat.4.gz |' ark:- 
chain-get-supervision --lattice-input=true --frame-subsampling-factor=3 --right-tolerance=5 --left-tolerance=5 exp/chain/tdnn1a_sp/tree exp/chain/tdnn1a_sp/0.trans_mdl ark:- ark:- 
apply-cmvn --norm-means=false --norm-vars=false --utt2spk=ark:data/train_sp_hires/split20/4/utt2spk scp:data/train_sp_hires/split20/4/cmvn.scp scp:- ark:- 
WARNING (nnet3-chain-get-egs[5.5.0-e4329]:ProcessFile():nnet3-chain-get-egs.cc:134) Not producing egs for utterance hyd_592_long_146_hin-00002500-00005500-5 because it is too short: 98 frames.
WARNING (nnet3-chain-get-egs[5.5.0-e4329]:ProcessFile():nnet3-chain-get-egs.cc:134) Not producing egs for utterance hyd_593_long_1045_hin-00000000-00003000-2 because it is too short: 98 frames.
WARNING (nnet3-chain-get-egs[5.5.0-e4329]:ProcessFile():nnet3-chain-get-egs.cc:134) Not producing egs for utterance hyd_594_long_356_hin-00000000-00003000-6 because it is too short: 98 frames.
WARNING (nnet3-chain-get-egs[5.5.0-e4329]:ProcessFile():nnet3-chain-get-egs.cc:134) Not producing egs for utterance hyd_595_long_147_hin-00000000-00003000-5 because it is too short: 98 frames.
WARNING (nnet3-chain-get-egs[5.5.0-e4329]:ProcessFile():nnet3-chain-get-egs.cc:134) Not producing egs for utterance hyd_597_long_1210_hin-00007500-00010500-5 because it is too short: 98 frames.
WARNING (nnet3-chain-get-egs[5.5.0-e4329]:ProcessFile():nnet3-chain-get-egs.cc:134) Not producing egs for utterance hyd_599_long_1281_hin-00010000-00013000-5 because it is too short: 100 frames.
WARNING (nnet3-chain-get-egs[5.5.0-e4329]:ProcessFile():nnet3-chain-get-egs.cc:134) Not producing egs for utterance hyd_599_long_143_hin-00000000-00003000-5 because it is too short: 101 frames.
WARNING (nnet3-chain-get-egs[5.5.0-e4329]:ProcessFile():nnet3-chain-get-egs.cc:134) Not producing egs for utterance idr_100_long_1377_hin-00002500-00005500-5 because it is too short: 101 frames.
WARNING (nnet3-chain-get-egs[5.5.0-e4329]:main():nnet3-chain-get-egs.cc:386) No pdf-level posterior for key idr_101_long_1169_hin-00007500-00010422-1
WARNING (nnet3-chain-get-egs[5.5.0-e4329]:ProcessFile():nnet3-chain-get-egs.cc:134) Not producing egs for utterance idr_101_long_1347_hin-00002500-00005500-5 because it is too short: 99 frames.
WARNING (nnet3-chain-get-egs[5.5.0-e4329]:ProcessFile():nnet3-chain-get-egs.cc:134) Not producing egs for utterance idr_101_long_338_hin-00002500-00005500-4 because it is too short: 98 frames.
WARNING (nnet3-chain-get-egs[5.5.0-e4329]:ProcessFile():nnet3-chain-get-egs.cc:134) Not producing egs for utterance idr_101_long_343_hin-00005000-00008000-5 because it is too short: 98 frames.
WARNING (nnet3-chain-get-egs[5.5.0-e4329]:main():nnet3-chain-get-egs.cc:386) No pdf-level posterior for key idr_104_long_1305_hin-00002500-00005500-1
WARNING (nnet3-chain-get-egs[5.5.0-e4329]:ProcessFile():nnet3-chain-get-egs.cc:134) Not producing egs for utterance idr_105_long_345_hin-00002500-00005500-1 because it is too short: 98 frames.
WARNING (nnet3-chain-get-egs[5.5.0-e4329]:ProcessFile():nnet3-chain-get-egs.cc:134) Not producing egs for utterance idr_106_long_30_hin-00002500-00005500-4 because it is too short: 98 frames.
WARNING (nnet3-chain-get-egs[5.5.0-e4329]:ProcessFile():nnet3-chain-get-egs.cc:134) Not producing egs for utterance idr_106_long_471_hin-00007500-00010714-1 because it is too short: 100 frames.
WARNING (nnet3-chain-get-egs[5.5.0-e4329]:ProcessFile():nnet3-chain-get-egs.cc:134) Not producing egs for utterance idr_108_long_1209_hin-00000000-00003000-4 because it is too short: 98 frames.
WARNING (nnet3-chain-get-egs[5.5.0-e4329]:ProcessFile():nnet3-chain-get-egs.cc:134) Not producing egs for utterance idr_108_long_531_hin-00005000-00008000-4 because it is too short: 98 frames.
WARNING (nnet3-chain-get-egs[5.5.0-e4329]:ProcessFile():nnet3-chain-get-egs.cc:134) Not producing egs for utterance idr_109_long_564_hin-00000000-00003000-4 because it is too short: 98 frames.
WARNING (nnet3-chain-get-egs[5.5.0-e4329]:ProcessFile():nnet3-chain-get-egs.cc:134) Not producing egs for utterance idr_109_long_564_hin-00007500-00010433-1 because it is too short: 100 frames.
WARNING (nnet3-chain-get-egs[5.5.0-e4329]:ProcessFile():nnet3-chain-get-egs.cc:134) Not producing egs for utterance idr_113_long_1271_hin-00000000-00003000-7 because it is too short: 98 frames.
WARNING (nnet3-chain-get-egs[5.5.0-e4329]:ProcessFile():nnet3-chain-get-egs.cc:134) Not producing egs for utterance idr_510_long_1296_hin-00005000-00008000-4 because it is too short: 98 frames.
WARNING (nnet3-chain-get-egs[5.5.0-e4329]:main():nnet3-chain-get-egs.cc:386) No pdf-level posterior for key idr_511_long_1289_hin-00000000-00003000-1
WARNING (nnet3-chain-get-egs[5.5.0-e4329]:ProcessFile():nnet3-chain-get-egs.cc:134) Not producing egs for utterance idr_512_long_434_hin-00005000-00009158-3 because it is too short: 98 frames.
WARNING (nnet3-chain-get-egs[5.5.0-e4329]:ProcessFile():nnet3-chain-get-egs.cc:134) Not producing egs for utterance idr_512_long_548_hin-00007500-00009958-4 because it is too short: 100 frames.
WARNING (nnet3-chain-get-egs[5.5.0-e4329]:ProcessFile():nnet3-chain-get-egs.cc:134) Not producing egs for utterance idr_513_long_1043_hin-00000000-00003000-2 because it is too short: 98 frames.
WARNING (nnet3-chain-get-egs[5.5.0-e4329]:ProcessFile():nnet3-chain-get-egs.cc:134) Not producing egs for utterance idr_514_long_1200_hin-00002500-00005500-5 because it is too short: 98 frames.
WARNING (nnet3-chain-get-egs[5.5.0-e4329]:ProcessFile():nnet3-chain-get-egs.cc:134) Not producing egs for utterance idr_515_long_133_hin-00002500-00005500-7 because it is too short: 98 frames.
WARNING (nnet3-chain-get-egs[5.5.0-e4329]:ProcessFile():nnet3-chain-get-egs.cc:134) Not producing egs for utterance idr_516_long_1321_hin-00000000-00003000-4 because it is too short: 98 frames.
WARNING (nnet3-chain-get-egs[5.5.0-e4329]:ProcessFile():nnet3-chain-get-egs.cc:134) Not producing egs for utterance idr_517_long_1039_hin-00005000-00008000-1 because it is too short: 98 frames.
WARNING (nnet3-chain-get-egs[5.5.0-e4329]:ProcessFile():nnet3-chain-get-egs.cc:134) Not producing egs for utterance idr_517_long_267_hin-00007500-00010303-2 because it is too short: 99 frames.
WARNING (nnet3-chain-get-egs[5.5.0-e4329]:ProcessFile():nnet3-chain-get-egs.cc:134) Not producing egs for utterance idr_518_long_6_hin-00000000-00003000-4 because it is too short: 98 frames.
WARNING (nnet3-chain-get-egs[5.5.0-e4329]:ProcessFile():nnet3-chain-get-egs.cc:134) Not producing egs for utterance idr_518_long_6_hin-00007500-00011934-2 because it is too short: 100 frames.
WARNING (nnet3-chain-get-egs[5.5.0-e4329]:ProcessFile():nnet3-chain-get-egs.cc:134) Not producing egs for utterance idr_523_long_1090_hin-00010000-00013000-3 because it is too short: 98 frames.
WARNING (nnet3-chain-get-egs[5.5.0-e4329]:ProcessFile():nnet3-chain-get-egs.cc:134) Not producing egs for utterance idr_527_long_1201_hin-00002500-00005500-5 because it is too short: 98 frames.
WARNING (nnet3-chain-get-egs[5.5.0-e4329]:ProcessFile():nnet3-chain-get-egs.cc:134) Not producing egs for utterance idr_527_long_224_hin-00010000-00013274-5 because it is too short: 101 frames.
WARNING (nnet3-chain-get-egs[5.5.0-e4329]:ProcessFile():nnet3-chain-get-egs.cc:134) Not producing egs for utterance idr_530_long_1291_hin-00000000-00003000-4 because it is too short: 98 frames.
WARNING (nnet3-chain-get-egs[5.5.0-e4329]:ProcessFile():nnet3-chain-get-egs.cc:134) Not producing egs for utterance idr_533_long_266_hin-00000000-00003000-5 because it is too short: 98 frames.
WARNING (nnet3-chain-get-egs[5.5.0-e4329]:ProcessFile():nnet3-chain-get-egs.cc:134) Not producing egs for utterance idr_535_long_1161_hin-00005000-00008000-4 because it is too short: 98 frames.
WARNING (nnet3-chain-get-egs[5.5.0-e4329]:ProcessFile():nnet3-chain-get-egs.cc:134) Not producing egs for utterance idr_87_long_392_hin-00002500-00005500-4 because it is too short: 98 frames.
WARNING (nnet3-chain-get-egs[5.5.0-e4329]:ProcessFile():nnet3-chain-get-egs.cc:134) Not producing egs for utterance idr_87_long_43_hin-00005000-00008000-4 because it is too short: 100 frames.
WARNING (nnet3-chain-get-egs[5.5.0-e4329]:main():nnet3-chain-get-egs.cc:386) No pdf-level posterior for key idr_89_long_1263_hin-00000000-00003000-1
WARNING (nnet3-chain-get-egs[5.5.0-e4329]:ProcessFile():nnet3-chain-get-egs.cc:134) Not producing egs for utterance idr_89_long_247_hin-00002500-00005500-6 because it is too short: 98 frames.
WARNING (nnet3-chain-get-egs[5.5.0-e4329]:ProcessFile():nnet3-chain-get-egs.cc:134) Not producing egs for utterance idr_89_long_84_hin-00000000-00003000-4 because it is too short: 98 frames.
WARNING (nnet3-chain-get-egs[5.5.0-e4329]:ProcessFile():nnet3-chain-get-egs.cc:134) Not producing egs for utterance idr_90_long_1320_hin-00005000-00008000-1 because it is too short: 98 frames.
WARNING (nnet3-chain-get-egs[5.5.0-e4329]:ProcessFile():nnet3-chain-get-egs.cc:134) Not producing egs for utterance idr_90_long_320_hin-00007500-00010500-4 because it is too short: 98 frames.
WARNING (nnet3-chain-get-egs[5.5.0-e4329]:ProcessFile():nnet3-chain-get-egs.cc:134) Not producing egs for utterance idr_92_long_49_hin-00005000-00008000-6 because it is too short: 98 frames.
LOG (apply-cmvn[5.5.0-e4329]:main():apply-cmvn.cc:81) Copied 6554 utterances.
WARNING (nnet3-chain-get-egs[5.5.0-e4329]:main():nnet3-chain-get-egs.cc:435) 47 utterances had errors and could not be processed.
LOG (nnet3-chain-get-egs[5.5.0-e4329]:~UtteranceSplitter():nnet-example-utils.cc:357) Split 6550 utts, with total length 3715106 frames (10.3197 hours assuming 100 frames per second)
LOG (nnet3-chain-get-egs[5.5.0-e4329]:~UtteranceSplitter():nnet-example-utils.cc:366) Average chunk length was 136.394 frames; overlap between adjacent chunks was 0.915963% of input length; length of output was 100.569% of input length (minus overlap = 99.6533%).
LOG (nnet3-chain-get-egs[5.5.0-e4329]:~UtteranceSplitter():nnet-example-utils.cc:382) Output frames are distributed among chunk-sizes as follows: 102 = 13.92%, 141 = 71.07%, 162 = 15.01%
LOG (lattice-align-phones[5.5.0-e4329]:main():lattice-align-phones.cc:104) Successfully aligned 6597 lattices; 0 had errors.
LOG (chain-get-supervision[5.5.0-e4329]:main():chain-get-supervision.cc:149) Generated chain supervision information for 6597 utterances, errors on 0
LOG (nnet3-chain-copy-egs[5.5.0-e4329]:main():nnet3-chain-copy-egs.cc:395) Read 27393 neural-network training examples, wrote 27393
# Accounting: time=182 threads=1
# Ended (code 0) at Fri May  3 19:07:49 IST 2019, elapsed time 182 seconds
