# lattice-align-phones --replace-output-symbols=true exp/chain/tri2_train_sp_lats/final.mdl "ark:gunzip -c exp/chain/tri2_train_sp_lats/lat.12.gz |" ark:- | chain-get-supervision --lattice-input=true --frame-subsampling-factor=3 --right-tolerance=5 --left-tolerance=5 exp/chain/tdnn1a_sp/tree exp/chain/tdnn1a_sp/0.trans_mdl ark:- ark:- | nnet3-chain-get-egs --online-ivectors=scp:exp/nnet3/ivectors_train_sp_hires/ivector_online.scp --online-ivector-period=10 --srand=$[12+0] --left-context=17 --right-context=11 --num-frames=140,100,160 --frame-subsampling-factor=3 --compress=true --left-context-initial=17 --right-context-final=11 --num-frames-overlap=0 "ark,s,cs:utils/filter_scp.pl --exclude exp/chain/tdnn1a_sp/egs/valid_uttlist data/train_sp_hires/split20/12/feats.scp | apply-cmvn --norm-means=false --norm-vars=false --utt2spk=ark:data/train_sp_hires/split20/12/utt2spk scp:data/train_sp_hires/split20/12/cmvn.scp scp:- ark:- |" ark,s,cs:- ark:- | nnet3-chain-copy-egs --random=true --srand=$[12+0] ark:- ark:exp/chain/tdnn1a_sp/egs/cegs_orig.12.1.ark ark:exp/chain/tdnn1a_sp/egs/cegs_orig.12.2.ark ark:exp/chain/tdnn1a_sp/egs/cegs_orig.12.3.ark ark:exp/chain/tdnn1a_sp/egs/cegs_orig.12.4.ark ark:exp/chain/tdnn1a_sp/egs/cegs_orig.12.5.ark ark:exp/chain/tdnn1a_sp/egs/cegs_orig.12.6.ark ark:exp/chain/tdnn1a_sp/egs/cegs_orig.12.7.ark ark:exp/chain/tdnn1a_sp/egs/cegs_orig.12.8.ark ark:exp/chain/tdnn1a_sp/egs/cegs_orig.12.9.ark ark:exp/chain/tdnn1a_sp/egs/cegs_orig.12.10.ark ark:exp/chain/tdnn1a_sp/egs/cegs_orig.12.11.ark ark:exp/chain/tdnn1a_sp/egs/cegs_orig.12.12.ark ark:exp/chain/tdnn1a_sp/egs/cegs_orig.12.13.ark ark:exp/chain/tdnn1a_sp/egs/cegs_orig.12.14.ark ark:exp/chain/tdnn1a_sp/egs/cegs_orig.12.15.ark ark:exp/chain/tdnn1a_sp/egs/cegs_orig.12.16.ark ark:exp/chain/tdnn1a_sp/egs/cegs_orig.12.17.ark ark:exp/chain/tdnn1a_sp/egs/cegs_orig.12.18.ark ark:exp/chain/tdnn1a_sp/egs/cegs_orig.12.19.ark ark:exp/chain/tdnn1a_sp/egs/cegs_orig.12.20.ark ark:exp/chain/tdnn1a_sp/egs/cegs_orig.12.21.ark ark:exp/chain/tdnn1a_sp/egs/cegs_orig.12.22.ark ark:exp/chain/tdnn1a_sp/egs/cegs_orig.12.23.ark ark:exp/chain/tdnn1a_sp/egs/cegs_orig.12.24.ark ark:exp/chain/tdnn1a_sp/egs/cegs_orig.12.25.ark ark:exp/chain/tdnn1a_sp/egs/cegs_orig.12.26.ark ark:exp/chain/tdnn1a_sp/egs/cegs_orig.12.27.ark 
# Started at Fri May  3 19:04:47 IST 2019
#
nnet3-chain-copy-egs --random=true --srand=12 ark:- ark:exp/chain/tdnn1a_sp/egs/cegs_orig.12.1.ark ark:exp/chain/tdnn1a_sp/egs/cegs_orig.12.2.ark ark:exp/chain/tdnn1a_sp/egs/cegs_orig.12.3.ark ark:exp/chain/tdnn1a_sp/egs/cegs_orig.12.4.ark ark:exp/chain/tdnn1a_sp/egs/cegs_orig.12.5.ark ark:exp/chain/tdnn1a_sp/egs/cegs_orig.12.6.ark ark:exp/chain/tdnn1a_sp/egs/cegs_orig.12.7.ark ark:exp/chain/tdnn1a_sp/egs/cegs_orig.12.8.ark ark:exp/chain/tdnn1a_sp/egs/cegs_orig.12.9.ark ark:exp/chain/tdnn1a_sp/egs/cegs_orig.12.10.ark ark:exp/chain/tdnn1a_sp/egs/cegs_orig.12.11.ark ark:exp/chain/tdnn1a_sp/egs/cegs_orig.12.12.ark ark:exp/chain/tdnn1a_sp/egs/cegs_orig.12.13.ark ark:exp/chain/tdnn1a_sp/egs/cegs_orig.12.14.ark ark:exp/chain/tdnn1a_sp/egs/cegs_orig.12.15.ark ark:exp/chain/tdnn1a_sp/egs/cegs_orig.12.16.ark ark:exp/chain/tdnn1a_sp/egs/cegs_orig.12.17.ark ark:exp/chain/tdnn1a_sp/egs/cegs_orig.12.18.ark ark:exp/chain/tdnn1a_sp/egs/cegs_orig.12.19.ark ark:exp/chain/tdnn1a_sp/egs/cegs_orig.12.20.ark ark:exp/chain/tdnn1a_sp/egs/cegs_orig.12.21.ark ark:exp/chain/tdnn1a_sp/egs/cegs_orig.12.22.ark ark:exp/chain/tdnn1a_sp/egs/cegs_orig.12.23.ark ark:exp/chain/tdnn1a_sp/egs/cegs_orig.12.24.ark ark:exp/chain/tdnn1a_sp/egs/cegs_orig.12.25.ark ark:exp/chain/tdnn1a_sp/egs/cegs_orig.12.26.ark ark:exp/chain/tdnn1a_sp/egs/cegs_orig.12.27.ark 
chain-get-supervision --lattice-input=true --frame-subsampling-factor=3 --right-tolerance=5 --left-tolerance=5 exp/chain/tdnn1a_sp/tree exp/chain/tdnn1a_sp/0.trans_mdl ark:- ark:- 
nnet3-chain-get-egs --online-ivectors=scp:exp/nnet3/ivectors_train_sp_hires/ivector_online.scp --online-ivector-period=10 --srand=12 --left-context=17 --right-context=11 --num-frames=140,100,160 --frame-subsampling-factor=3 --compress=true --left-context-initial=17 --right-context-final=11 --num-frames-overlap=0 'ark,s,cs:utils/filter_scp.pl --exclude exp/chain/tdnn1a_sp/egs/valid_uttlist data/train_sp_hires/split20/12/feats.scp | apply-cmvn --norm-means=false --norm-vars=false --utt2spk=ark:data/train_sp_hires/split20/12/utt2spk scp:data/train_sp_hires/split20/12/cmvn.scp scp:- ark:- |' ark,s,cs:- ark:- 
LOG (nnet3-chain-get-egs[5.5.0-e4329]:ComputeDerived():nnet-example-utils.cc:335) Rounding up --num-frames=140,100,160 to multiples of --frame-subsampling-factor=3, to: 141,102,162
apply-cmvn --norm-means=false --norm-vars=false --utt2spk=ark:data/train_sp_hires/split20/12/utt2spk scp:data/train_sp_hires/split20/12/cmvn.scp scp:- ark:- 
lattice-align-phones --replace-output-symbols=true exp/chain/tri2_train_sp_lats/final.mdl 'ark:gunzip -c exp/chain/tri2_train_sp_lats/lat.12.gz |' ark:- 
WARNING (nnet3-chain-get-egs[5.5.0-e4329]:main():nnet3-chain-get-egs.cc:386) No pdf-level posterior for key sp0.9-lnw_122_long_1375_hin-00002500-00005500-1
WARNING (nnet3-chain-get-egs[5.5.0-e4329]:main():nnet3-chain-get-egs.cc:386) No pdf-level posterior for key sp0.9-lnw_122_long_1375_hin-00005000-00008000-4
WARNING (nnet3-chain-get-egs[5.5.0-e4329]:main():nnet3-chain-get-egs.cc:386) No pdf-level posterior for key sp0.9-lnw_123_long_391_hin-00000000-00003000-1
WARNING (nnet3-chain-get-egs[5.5.0-e4329]:main():nnet3-chain-get-egs.cc:386) No pdf-level posterior for key sp0.9-lnw_123_long_391_hin-00002500-00005500-1
WARNING (nnet3-chain-get-egs[5.5.0-e4329]:main():nnet3-chain-get-egs.cc:386) No pdf-level posterior for key sp0.9-lnw_123_long_84_hin-00002500-00005500-3
WARNING (nnet3-chain-get-egs[5.5.0-e4329]:main():nnet3-chain-get-egs.cc:386) No pdf-level posterior for key sp0.9-lnw_247_long_1159_hin-00000000-00003000-2
WARNING (nnet3-chain-get-egs[5.5.0-e4329]:main():nnet3-chain-get-egs.cc:386) No pdf-level posterior for key sp0.9-lnw_247_long_346_hin-00005000-00009224-4
LOG (apply-cmvn[5.5.0-e4329]:main():apply-cmvn.cc:81) Copied 6528 utterances.
LOG (lattice-align-phones[5.5.0-e4329]:main():lattice-align-phones.cc:104) Successfully aligned 6565 lattices; 0 had errors.
WARNING (nnet3-chain-get-egs[5.5.0-e4329]:main():nnet3-chain-get-egs.cc:435) 7 utterances had errors and could not be processed.
LOG (chain-get-supervision[5.5.0-e4329]:main():chain-get-supervision.cc:149) Generated chain supervision information for 6565 utterances, errors on 0
LOG (nnet3-chain-get-egs[5.5.0-e4329]:~UtteranceSplitter():nnet-example-utils.cc:357) Split 6521 utts, with total length 4165682 frames (11.5713 hours assuming 100 frames per second)
LOG (nnet3-chain-get-egs[5.5.0-e4329]:~UtteranceSplitter():nnet-example-utils.cc:366) Average chunk length was 136.771 frames; overlap between adjacent chunks was 0.817465% of input length; length of output was 100.606% of input length (minus overlap = 99.7887%).
LOG (nnet3-chain-get-egs[5.5.0-e4329]:~UtteranceSplitter():nnet-example-utils.cc:382) Output frames are distributed among chunk-sizes as follows: 102 = 12.69%, 141 = 73.71%, 162 = 13.59%
LOG (nnet3-chain-copy-egs[5.5.0-e4329]:main():nnet3-chain-copy-egs.cc:395) Read 30642 neural-network training examples, wrote 30642
# Accounting: time=182 threads=1
# Ended (code 0) at Fri May  3 19:07:49 IST 2019, elapsed time 182 seconds
