# lattice-align-phones --replace-output-symbols=true exp/chain/tri2_train_sp_lats/final.mdl "ark:gunzip -c exp/chain/tri2_train_sp_lats/lat.13.gz |" ark:- | chain-get-supervision --lattice-input=true --frame-subsampling-factor=3 --right-tolerance=5 --left-tolerance=5 exp/chain/tdnn1a_sp/tree exp/chain/tdnn1a_sp/0.trans_mdl ark:- ark:- | nnet3-chain-get-egs --online-ivectors=scp:exp/nnet3/ivectors_train_sp_hires/ivector_online.scp --online-ivector-period=10 --srand=$[13+0] --left-context=17 --right-context=11 --num-frames=140,100,160 --frame-subsampling-factor=3 --compress=true --left-context-initial=17 --right-context-final=11 --num-frames-overlap=0 "ark,s,cs:utils/filter_scp.pl --exclude exp/chain/tdnn1a_sp/egs/valid_uttlist data/train_sp_hires/split20/13/feats.scp | apply-cmvn --norm-means=false --norm-vars=false --utt2spk=ark:data/train_sp_hires/split20/13/utt2spk scp:data/train_sp_hires/split20/13/cmvn.scp scp:- ark:- |" ark,s,cs:- ark:- | nnet3-chain-copy-egs --random=true --srand=$[13+0] ark:- ark:exp/chain/tdnn1a_sp/egs/cegs_orig.13.1.ark ark:exp/chain/tdnn1a_sp/egs/cegs_orig.13.2.ark ark:exp/chain/tdnn1a_sp/egs/cegs_orig.13.3.ark ark:exp/chain/tdnn1a_sp/egs/cegs_orig.13.4.ark ark:exp/chain/tdnn1a_sp/egs/cegs_orig.13.5.ark ark:exp/chain/tdnn1a_sp/egs/cegs_orig.13.6.ark ark:exp/chain/tdnn1a_sp/egs/cegs_orig.13.7.ark ark:exp/chain/tdnn1a_sp/egs/cegs_orig.13.8.ark ark:exp/chain/tdnn1a_sp/egs/cegs_orig.13.9.ark ark:exp/chain/tdnn1a_sp/egs/cegs_orig.13.10.ark ark:exp/chain/tdnn1a_sp/egs/cegs_orig.13.11.ark ark:exp/chain/tdnn1a_sp/egs/cegs_orig.13.12.ark ark:exp/chain/tdnn1a_sp/egs/cegs_orig.13.13.ark ark:exp/chain/tdnn1a_sp/egs/cegs_orig.13.14.ark ark:exp/chain/tdnn1a_sp/egs/cegs_orig.13.15.ark ark:exp/chain/tdnn1a_sp/egs/cegs_orig.13.16.ark ark:exp/chain/tdnn1a_sp/egs/cegs_orig.13.17.ark ark:exp/chain/tdnn1a_sp/egs/cegs_orig.13.18.ark ark:exp/chain/tdnn1a_sp/egs/cegs_orig.13.19.ark ark:exp/chain/tdnn1a_sp/egs/cegs_orig.13.20.ark ark:exp/chain/tdnn1a_sp/egs/cegs_orig.13.21.ark ark:exp/chain/tdnn1a_sp/egs/cegs_orig.13.22.ark ark:exp/chain/tdnn1a_sp/egs/cegs_orig.13.23.ark ark:exp/chain/tdnn1a_sp/egs/cegs_orig.13.24.ark ark:exp/chain/tdnn1a_sp/egs/cegs_orig.13.25.ark ark:exp/chain/tdnn1a_sp/egs/cegs_orig.13.26.ark ark:exp/chain/tdnn1a_sp/egs/cegs_orig.13.27.ark 
# Started at Fri May  3 19:04:47 IST 2019
#
chain-get-supervision --lattice-input=true --frame-subsampling-factor=3 --right-tolerance=5 --left-tolerance=5 exp/chain/tdnn1a_sp/tree exp/chain/tdnn1a_sp/0.trans_mdl ark:- ark:- 
nnet3-chain-copy-egs --random=true --srand=13 ark:- ark:exp/chain/tdnn1a_sp/egs/cegs_orig.13.1.ark ark:exp/chain/tdnn1a_sp/egs/cegs_orig.13.2.ark ark:exp/chain/tdnn1a_sp/egs/cegs_orig.13.3.ark ark:exp/chain/tdnn1a_sp/egs/cegs_orig.13.4.ark ark:exp/chain/tdnn1a_sp/egs/cegs_orig.13.5.ark ark:exp/chain/tdnn1a_sp/egs/cegs_orig.13.6.ark ark:exp/chain/tdnn1a_sp/egs/cegs_orig.13.7.ark ark:exp/chain/tdnn1a_sp/egs/cegs_orig.13.8.ark ark:exp/chain/tdnn1a_sp/egs/cegs_orig.13.9.ark ark:exp/chain/tdnn1a_sp/egs/cegs_orig.13.10.ark ark:exp/chain/tdnn1a_sp/egs/cegs_orig.13.11.ark ark:exp/chain/tdnn1a_sp/egs/cegs_orig.13.12.ark ark:exp/chain/tdnn1a_sp/egs/cegs_orig.13.13.ark ark:exp/chain/tdnn1a_sp/egs/cegs_orig.13.14.ark ark:exp/chain/tdnn1a_sp/egs/cegs_orig.13.15.ark ark:exp/chain/tdnn1a_sp/egs/cegs_orig.13.16.ark ark:exp/chain/tdnn1a_sp/egs/cegs_orig.13.17.ark ark:exp/chain/tdnn1a_sp/egs/cegs_orig.13.18.ark ark:exp/chain/tdnn1a_sp/egs/cegs_orig.13.19.ark ark:exp/chain/tdnn1a_sp/egs/cegs_orig.13.20.ark ark:exp/chain/tdnn1a_sp/egs/cegs_orig.13.21.ark ark:exp/chain/tdnn1a_sp/egs/cegs_orig.13.22.ark ark:exp/chain/tdnn1a_sp/egs/cegs_orig.13.23.ark ark:exp/chain/tdnn1a_sp/egs/cegs_orig.13.24.ark ark:exp/chain/tdnn1a_sp/egs/cegs_orig.13.25.ark ark:exp/chain/tdnn1a_sp/egs/cegs_orig.13.26.ark ark:exp/chain/tdnn1a_sp/egs/cegs_orig.13.27.ark 
nnet3-chain-get-egs --online-ivectors=scp:exp/nnet3/ivectors_train_sp_hires/ivector_online.scp --online-ivector-period=10 --srand=13 --left-context=17 --right-context=11 --num-frames=140,100,160 --frame-subsampling-factor=3 --compress=true --left-context-initial=17 --right-context-final=11 --num-frames-overlap=0 'ark,s,cs:utils/filter_scp.pl --exclude exp/chain/tdnn1a_sp/egs/valid_uttlist data/train_sp_hires/split20/13/feats.scp | apply-cmvn --norm-means=false --norm-vars=false --utt2spk=ark:data/train_sp_hires/split20/13/utt2spk scp:data/train_sp_hires/split20/13/cmvn.scp scp:- ark:- |' ark,s,cs:- ark:- 
LOG (nnet3-chain-get-egs[5.5.0-e4329]:ComputeDerived():nnet-example-utils.cc:335) Rounding up --num-frames=140,100,160 to multiples of --frame-subsampling-factor=3, to: 141,102,162
lattice-align-phones --replace-output-symbols=true exp/chain/tri2_train_sp_lats/final.mdl 'ark:gunzip -c exp/chain/tri2_train_sp_lats/lat.13.gz |' ark:- 
apply-cmvn --norm-means=false --norm-vars=false --utt2spk=ark:data/train_sp_hires/split20/13/utt2spk scp:data/train_sp_hires/split20/13/cmvn.scp scp:- ark:- 
WARNING (nnet3-chain-get-egs[5.5.0-e4329]:main():nnet3-chain-get-egs.cc:386) No pdf-level posterior for key sp0.9-mum_320_long_1049_hin-00007500-00010500-3
WARNING (nnet3-chain-get-egs[5.5.0-e4329]:main():nnet3-chain-get-egs.cc:386) No pdf-level posterior for key sp0.9-pue_157_long_40_hin-00005000-00007656-4
WARNING (nnet3-chain-get-egs[5.5.0-e4329]:main():nnet3-chain-get-egs.cc:386) No pdf-level posterior for key sp0.9-pue_161_long_233_hin-00000000-00003000-1
WARNING (nnet3-chain-get-egs[5.5.0-e4329]:main():nnet3-chain-get-egs.cc:386) No pdf-level posterior for key sp0.9-pue_161_long_233_hin-00007500-00010790-1
WARNING (nnet3-chain-get-egs[5.5.0-e4329]:main():nnet3-chain-get-egs.cc:386) No pdf-level posterior for key sp0.9-pue_162_long_498_hin-00000000-00003000-2
WARNING (nnet3-chain-get-egs[5.5.0-e4329]:main():nnet3-chain-get-egs.cc:386) No pdf-level posterior for key sp0.9-pue_197_long_78_hin-00005000-00007501-2
LOG (lattice-align-phones[5.5.0-e4329]:main():lattice-align-phones.cc:104) Successfully aligned 6564 lattices; 0 had errors.
LOG (apply-cmvn[5.5.0-e4329]:main():apply-cmvn.cc:81) Copied 6534 utterances.
LOG (chain-get-supervision[5.5.0-e4329]:main():chain-get-supervision.cc:149) Generated chain supervision information for 6564 utterances, errors on 0
WARNING (nnet3-chain-get-egs[5.5.0-e4329]:main():nnet3-chain-get-egs.cc:435) 6 utterances had errors and could not be processed.
LOG (nnet3-chain-get-egs[5.5.0-e4329]:~UtteranceSplitter():nnet-example-utils.cc:357) Split 6528 utts, with total length 4214338 frames (11.7065 hours assuming 100 frames per second)
LOG (nnet3-chain-get-egs[5.5.0-e4329]:~UtteranceSplitter():nnet-example-utils.cc:366) Average chunk length was 136.833 frames; overlap between adjacent chunks was 0.811587% of input length; length of output was 100.619% of input length (minus overlap = 99.8078%).
LOG (nnet3-chain-get-egs[5.5.0-e4329]:~UtteranceSplitter():nnet-example-utils.cc:382) Output frames are distributed among chunk-sizes as follows: 102 = 12.51%, 141 = 74.08%, 162 = 13.41%
LOG (nnet3-chain-copy-egs[5.5.0-e4329]:main():nnet3-chain-copy-egs.cc:395) Read 30990 neural-network training examples, wrote 30990
# Accounting: time=158 threads=1
# Ended (code 0) at Fri May  3 19:07:26 IST 2019, elapsed time 158 seconds
