# lattice-align-phones --replace-output-symbols=true exp/chain/tri2_train_sp_lats/final.mdl "ark:gunzip -c exp/chain/tri2_train_sp_lats/lat.3.gz |" ark:- | chain-get-supervision --lattice-input=true --frame-subsampling-factor=3 --right-tolerance=5 --left-tolerance=5 exp/chain/tdnn1a_sp/tree exp/chain/tdnn1a_sp/0.trans_mdl ark:- ark:- | nnet3-chain-get-egs --online-ivectors=scp:exp/nnet3/ivectors_train_sp_hires/ivector_online.scp --online-ivector-period=10 --srand=$[3+0] --left-context=17 --right-context=11 --num-frames=140,100,160 --frame-subsampling-factor=3 --compress=true --left-context-initial=17 --right-context-final=11 --num-frames-overlap=0 "ark,s,cs:utils/filter_scp.pl --exclude exp/chain/tdnn1a_sp/egs/valid_uttlist data/train_sp_hires/split20/3/feats.scp | apply-cmvn --norm-means=false --norm-vars=false --utt2spk=ark:data/train_sp_hires/split20/3/utt2spk scp:data/train_sp_hires/split20/3/cmvn.scp scp:- ark:- |" ark,s,cs:- ark:- | nnet3-chain-copy-egs --random=true --srand=$[3+0] ark:- ark:exp/chain/tdnn1a_sp/egs/cegs_orig.3.1.ark ark:exp/chain/tdnn1a_sp/egs/cegs_orig.3.2.ark ark:exp/chain/tdnn1a_sp/egs/cegs_orig.3.3.ark ark:exp/chain/tdnn1a_sp/egs/cegs_orig.3.4.ark ark:exp/chain/tdnn1a_sp/egs/cegs_orig.3.5.ark ark:exp/chain/tdnn1a_sp/egs/cegs_orig.3.6.ark ark:exp/chain/tdnn1a_sp/egs/cegs_orig.3.7.ark ark:exp/chain/tdnn1a_sp/egs/cegs_orig.3.8.ark ark:exp/chain/tdnn1a_sp/egs/cegs_orig.3.9.ark ark:exp/chain/tdnn1a_sp/egs/cegs_orig.3.10.ark ark:exp/chain/tdnn1a_sp/egs/cegs_orig.3.11.ark ark:exp/chain/tdnn1a_sp/egs/cegs_orig.3.12.ark ark:exp/chain/tdnn1a_sp/egs/cegs_orig.3.13.ark ark:exp/chain/tdnn1a_sp/egs/cegs_orig.3.14.ark ark:exp/chain/tdnn1a_sp/egs/cegs_orig.3.15.ark ark:exp/chain/tdnn1a_sp/egs/cegs_orig.3.16.ark ark:exp/chain/tdnn1a_sp/egs/cegs_orig.3.17.ark ark:exp/chain/tdnn1a_sp/egs/cegs_orig.3.18.ark ark:exp/chain/tdnn1a_sp/egs/cegs_orig.3.19.ark ark:exp/chain/tdnn1a_sp/egs/cegs_orig.3.20.ark ark:exp/chain/tdnn1a_sp/egs/cegs_orig.3.21.ark ark:exp/chain/tdnn1a_sp/egs/cegs_orig.3.22.ark ark:exp/chain/tdnn1a_sp/egs/cegs_orig.3.23.ark ark:exp/chain/tdnn1a_sp/egs/cegs_orig.3.24.ark ark:exp/chain/tdnn1a_sp/egs/cegs_orig.3.25.ark ark:exp/chain/tdnn1a_sp/egs/cegs_orig.3.26.ark ark:exp/chain/tdnn1a_sp/egs/cegs_orig.3.27.ark 
# Started at Fri May  3 19:04:46 IST 2019
#
nnet3-chain-copy-egs --random=true --srand=3 ark:- ark:exp/chain/tdnn1a_sp/egs/cegs_orig.3.1.ark ark:exp/chain/tdnn1a_sp/egs/cegs_orig.3.2.ark ark:exp/chain/tdnn1a_sp/egs/cegs_orig.3.3.ark ark:exp/chain/tdnn1a_sp/egs/cegs_orig.3.4.ark ark:exp/chain/tdnn1a_sp/egs/cegs_orig.3.5.ark ark:exp/chain/tdnn1a_sp/egs/cegs_orig.3.6.ark ark:exp/chain/tdnn1a_sp/egs/cegs_orig.3.7.ark ark:exp/chain/tdnn1a_sp/egs/cegs_orig.3.8.ark ark:exp/chain/tdnn1a_sp/egs/cegs_orig.3.9.ark ark:exp/chain/tdnn1a_sp/egs/cegs_orig.3.10.ark ark:exp/chain/tdnn1a_sp/egs/cegs_orig.3.11.ark ark:exp/chain/tdnn1a_sp/egs/cegs_orig.3.12.ark ark:exp/chain/tdnn1a_sp/egs/cegs_orig.3.13.ark ark:exp/chain/tdnn1a_sp/egs/cegs_orig.3.14.ark ark:exp/chain/tdnn1a_sp/egs/cegs_orig.3.15.ark ark:exp/chain/tdnn1a_sp/egs/cegs_orig.3.16.ark ark:exp/chain/tdnn1a_sp/egs/cegs_orig.3.17.ark ark:exp/chain/tdnn1a_sp/egs/cegs_orig.3.18.ark ark:exp/chain/tdnn1a_sp/egs/cegs_orig.3.19.ark ark:exp/chain/tdnn1a_sp/egs/cegs_orig.3.20.ark ark:exp/chain/tdnn1a_sp/egs/cegs_orig.3.21.ark ark:exp/chain/tdnn1a_sp/egs/cegs_orig.3.22.ark ark:exp/chain/tdnn1a_sp/egs/cegs_orig.3.23.ark ark:exp/chain/tdnn1a_sp/egs/cegs_orig.3.24.ark ark:exp/chain/tdnn1a_sp/egs/cegs_orig.3.25.ark ark:exp/chain/tdnn1a_sp/egs/cegs_orig.3.26.ark ark:exp/chain/tdnn1a_sp/egs/cegs_orig.3.27.ark 
chain-get-supervision --lattice-input=true --frame-subsampling-factor=3 --right-tolerance=5 --left-tolerance=5 exp/chain/tdnn1a_sp/tree exp/chain/tdnn1a_sp/0.trans_mdl ark:- ark:- 
nnet3-chain-get-egs --online-ivectors=scp:exp/nnet3/ivectors_train_sp_hires/ivector_online.scp --online-ivector-period=10 --srand=3 --left-context=17 --right-context=11 --num-frames=140,100,160 --frame-subsampling-factor=3 --compress=true --left-context-initial=17 --right-context-final=11 --num-frames-overlap=0 'ark,s,cs:utils/filter_scp.pl --exclude exp/chain/tdnn1a_sp/egs/valid_uttlist data/train_sp_hires/split20/3/feats.scp | apply-cmvn --norm-means=false --norm-vars=false --utt2spk=ark:data/train_sp_hires/split20/3/utt2spk scp:data/train_sp_hires/split20/3/cmvn.scp scp:- ark:- |' ark,s,cs:- ark:- 
LOG (nnet3-chain-get-egs[5.5.0-e4329]:ComputeDerived():nnet-example-utils.cc:335) Rounding up --num-frames=140,100,160 to multiples of --frame-subsampling-factor=3, to: 141,102,162
lattice-align-phones --replace-output-symbols=true exp/chain/tri2_train_sp_lats/final.mdl 'ark:gunzip -c exp/chain/tri2_train_sp_lats/lat.3.gz |' ark:- 
apply-cmvn --norm-means=false --norm-vars=false --utt2spk=ark:data/train_sp_hires/split20/3/utt2spk scp:data/train_sp_hires/split20/3/cmvn.scp scp:- ark:- 
WARNING (nnet3-chain-get-egs[5.5.0-e4329]:ProcessFile():nnet3-chain-get-egs.cc:134) Not producing egs for utterance dli_405_long_1246_hin-00002500-00005500-6 because it is too short: 100 frames.
WARNING (nnet3-chain-get-egs[5.5.0-e4329]:ProcessFile():nnet3-chain-get-egs.cc:134) Not producing egs for utterance dli_413_long_1149_hin-00002500-00005500-5 because it is too short: 98 frames.
WARNING (nnet3-chain-get-egs[5.5.0-e4329]:ProcessFile():nnet3-chain-get-egs.cc:134) Not producing egs for utterance dli_418_long_405_hin-00002500-00005500-7 because it is too short: 98 frames.
WARNING (nnet3-chain-get-egs[5.5.0-e4329]:ProcessFile():nnet3-chain-get-egs.cc:134) Not producing egs for utterance dli_419_long_1055_hin-00002500-00005500-5 because it is too short: 98 frames.
WARNING (nnet3-chain-get-egs[5.5.0-e4329]:ProcessFile():nnet3-chain-get-egs.cc:134) Not producing egs for utterance dli_419_long_501_hin-00000000-00003000-6 because it is too short: 98 frames.
WARNING (nnet3-chain-get-egs[5.5.0-e4329]:ProcessFile():nnet3-chain-get-egs.cc:134) Not producing egs for utterance dli_421_long_1373_hin-00000000-00003000-2 because it is too short: 98 frames.
WARNING (nnet3-chain-get-egs[5.5.0-e4329]:ProcessFile():nnet3-chain-get-egs.cc:134) Not producing egs for utterance dli_421_long_1373_hin-00005000-00008000-4 because it is too short: 100 frames.
WARNING (nnet3-chain-get-egs[5.5.0-e4329]:ProcessFile():nnet3-chain-get-egs.cc:134) Not producing egs for utterance dli_422_long_98_hin-00007500-00009616-4 because it is too short: 98 frames.
WARNING (nnet3-chain-get-egs[5.5.0-e4329]:ProcessFile():nnet3-chain-get-egs.cc:134) Not producing egs for utterance dli_424_long_574_hin-00000000-00003000-5 because it is too short: 100 frames.
WARNING (nnet3-chain-get-egs[5.5.0-e4329]:ProcessFile():nnet3-chain-get-egs.cc:134) Not producing egs for utterance dli_425_long_222_hin-00005000-00008000-4 because it is too short: 98 frames.
WARNING (nnet3-chain-get-egs[5.5.0-e4329]:ProcessFile():nnet3-chain-get-egs.cc:134) Not producing egs for utterance dli_427_long_559_hin-00005000-00008000-5 because it is too short: 98 frames.
WARNING (nnet3-chain-get-egs[5.5.0-e4329]:ProcessFile():nnet3-chain-get-egs.cc:134) Not producing egs for utterance dli_428_long_53_hin-00002500-00005500-1 because it is too short: 101 frames.
WARNING (nnet3-chain-get-egs[5.5.0-e4329]:ProcessFile():nnet3-chain-get-egs.cc:134) Not producing egs for utterance dli_429_long_1161_hin-00005000-00008000-6 because it is too short: 98 frames.
WARNING (nnet3-chain-get-egs[5.5.0-e4329]:ProcessFile():nnet3-chain-get-egs.cc:134) Not producing egs for utterance hyd_178_long_1290_hin-00000000-00003000-5 because it is too short: 98 frames.
WARNING (nnet3-chain-get-egs[5.5.0-e4329]:ProcessFile():nnet3-chain-get-egs.cc:134) Not producing egs for utterance hyd_178_long_1305_hin-00007500-00010500-2 because it is too short: 100 frames.
WARNING (nnet3-chain-get-egs[5.5.0-e4329]:ProcessFile():nnet3-chain-get-egs.cc:134) Not producing egs for utterance hyd_178_long_373_hin-00007500-00010500-3 because it is too short: 98 frames.
WARNING (nnet3-chain-get-egs[5.5.0-e4329]:ProcessFile():nnet3-chain-get-egs.cc:134) Not producing egs for utterance hyd_179_long_340_hin-00000000-00003000-5 because it is too short: 98 frames.
WARNING (nnet3-chain-get-egs[5.5.0-e4329]:ProcessFile():nnet3-chain-get-egs.cc:134) Not producing egs for utterance hyd_182_long_133_hin-00005000-00008000-4 because it is too short: 98 frames.
WARNING (nnet3-chain-get-egs[5.5.0-e4329]:ProcessFile():nnet3-chain-get-egs.cc:134) Not producing egs for utterance hyd_183_long_233_hin-00000000-00003000-6 because it is too short: 98 frames.
WARNING (nnet3-chain-get-egs[5.5.0-e4329]:ProcessFile():nnet3-chain-get-egs.cc:134) Not producing egs for utterance hyd_184_long_1331_hin-00000000-00003000-2 because it is too short: 101 frames.
WARNING (nnet3-chain-get-egs[5.5.0-e4329]:ProcessFile():nnet3-chain-get-egs.cc:134) Not producing egs for utterance hyd_188_long_533_hin-00002500-00005500-5 because it is too short: 99 frames.
WARNING (nnet3-chain-get-egs[5.5.0-e4329]:ProcessFile():nnet3-chain-get-egs.cc:134) Not producing egs for utterance hyd_189_long_24_hin-00000000-00003000-5 because it is too short: 98 frames.
WARNING (nnet3-chain-get-egs[5.5.0-e4329]:ProcessFile():nnet3-chain-get-egs.cc:134) Not producing egs for utterance hyd_498_long_401_hin-00002500-00005500-4 because it is too short: 98 frames.
WARNING (nnet3-chain-get-egs[5.5.0-e4329]:ProcessFile():nnet3-chain-get-egs.cc:134) Not producing egs for utterance hyd_572_long_438_hin-00002500-00005500-5 because it is too short: 98 frames.
WARNING (nnet3-chain-get-egs[5.5.0-e4329]:ProcessFile():nnet3-chain-get-egs.cc:134) Not producing egs for utterance hyd_575_long_1249_hin-00000000-00003000-4 because it is too short: 98 frames.
WARNING (nnet3-chain-get-egs[5.5.0-e4329]:ProcessFile():nnet3-chain-get-egs.cc:134) Not producing egs for utterance hyd_575_long_160_hin-00000000-00003000-5 because it is too short: 98 frames.
WARNING (nnet3-chain-get-egs[5.5.0-e4329]:ProcessFile():nnet3-chain-get-egs.cc:134) Not producing egs for utterance hyd_577_long_216_hin-00000000-00003000-7 because it is too short: 98 frames.
WARNING (nnet3-chain-get-egs[5.5.0-e4329]:ProcessFile():nnet3-chain-get-egs.cc:134) Not producing egs for utterance hyd_580_long_1374_hin-00007500-00011632-3 because it is too short: 98 frames.
WARNING (nnet3-chain-get-egs[5.5.0-e4329]:ProcessFile():nnet3-chain-get-egs.cc:134) Not producing egs for utterance hyd_580_long_472_hin-00000000-00003000-7 because it is too short: 98 frames.
WARNING (nnet3-chain-get-egs[5.5.0-e4329]:ProcessFile():nnet3-chain-get-egs.cc:134) Not producing egs for utterance hyd_581_long_1062_hin-00005000-00008000-2 because it is too short: 98 frames.
WARNING (nnet3-chain-get-egs[5.5.0-e4329]:ProcessFile():nnet3-chain-get-egs.cc:134) Not producing egs for utterance hyd_581_long_1215_hin-00000000-00003000-3 because it is too short: 100 frames.
WARNING (nnet3-chain-get-egs[5.5.0-e4329]:ProcessFile():nnet3-chain-get-egs.cc:134) Not producing egs for utterance hyd_582_long_323_hin-00007500-00010500-4 because it is too short: 98 frames.
WARNING (nnet3-chain-get-egs[5.5.0-e4329]:main():nnet3-chain-get-egs.cc:386) No pdf-level posterior for key hyd_585_long_1199_hin-00005000-00008000-1
WARNING (nnet3-chain-get-egs[5.5.0-e4329]:ProcessFile():nnet3-chain-get-egs.cc:134) Not producing egs for utterance hyd_585_long_1368_hin-00005000-00008000-4 because it is too short: 100 frames.
LOG (lattice-align-phones[5.5.0-e4329]:main():lattice-align-phones.cc:104) Successfully aligned 6602 lattices; 0 had errors.
LOG (apply-cmvn[5.5.0-e4329]:main():apply-cmvn.cc:81) Copied 6554 utterances.
LOG (chain-get-supervision[5.5.0-e4329]:main():chain-get-supervision.cc:149) Generated chain supervision information for 6602 utterances, errors on 0
WARNING (nnet3-chain-get-egs[5.5.0-e4329]:main():nnet3-chain-get-egs.cc:435) 34 utterances had errors and could not be processed.
LOG (nnet3-chain-get-egs[5.5.0-e4329]:~UtteranceSplitter():nnet-example-utils.cc:357) Split 6553 utts, with total length 4085451 frames (11.3485 hours assuming 100 frames per second)
LOG (nnet3-chain-get-egs[5.5.0-e4329]:~UtteranceSplitter():nnet-example-utils.cc:366) Average chunk length was 137.038 frames; overlap between adjacent chunks was 0.814573% of input length; length of output was 100.542% of input length (minus overlap = 99.7272%).
LOG (nnet3-chain-get-egs[5.5.0-e4329]:~UtteranceSplitter():nnet-example-utils.cc:382) Output frames are distributed among chunk-sizes as follows: 102 = 12.49%, 141 = 72.99%, 162 = 14.53%
LOG (nnet3-chain-copy-egs[5.5.0-e4329]:main():nnet3-chain-copy-egs.cc:395) Read 29974 neural-network training examples, wrote 29974
# Accounting: time=172 threads=1
# Ended (code 0) at Fri May  3 19:07:38 IST 2019, elapsed time 172 seconds
